[0.350s] Invoking command in '/home/parallels/VisualSim/src/navigation': PYTHONPATH=/home/parallels/VisualSim/src/build/navigation/prefix_override:/usr/lib/python3/dist-packages/colcon_core/task/python/colcon_distutils_commands:/home/parallels/VisualSim/src/install/navigation/lib/python3.10/site-packages:${PYTHONPATH} /usr/bin/python3 -W ignore:setup.py install is deprecated setup.py egg_info --egg-base ../build/navigation build --build-base /home/parallels/VisualSim/src/build/navigation/build install --record /home/parallels/VisualSim/src/build/navigation/install.log --single-version-externally-managed install_data
[0.518s] running egg_info
[0.519s] writing ../build/navigation/navigation.egg-info/PKG-INFO
[0.520s] writing dependency_links to ../build/navigation/navigation.egg-info/dependency_links.txt
[0.520s] writing entry points to ../build/navigation/navigation.egg-info/entry_points.txt
[0.521s] writing requirements to ../build/navigation/navigation.egg-info/requires.txt
[0.521s] writing top-level names to ../build/navigation/navigation.egg-info/top_level.txt
[0.523s] reading manifest file '../build/navigation/navigation.egg-info/SOURCES.txt'
[0.523s] writing manifest file '../build/navigation/navigation.egg-info/SOURCES.txt'
[0.524s] running build
[0.524s] running build_py
[0.525s] copying navigation/mapper_node.py -> /home/parallels/VisualSim/src/build/navigation/build/lib/navigation
[0.525s] copying navigation/navigator_node.py -> /home/parallels/VisualSim/src/build/navigation/build/lib/navigation
[0.525s] running install
[0.526s] running install_lib
[0.527s] copying /home/parallels/VisualSim/src/build/navigation/build/lib/navigation/mapper_node.py -> /home/parallels/VisualSim/src/install/navigation/lib/python3.10/site-packages/navigation
[0.527s] copying /home/parallels/VisualSim/src/build/navigation/build/lib/navigation/navigator_node.py -> /home/parallels/VisualSim/src/install/navigation/lib/python3.10/site-packages/navigation
[0.528s] byte-compiling /home/parallels/VisualSim/src/install/navigation/lib/python3.10/site-packages/navigation/mapper_node.py to mapper_node.cpython-310.pyc
[0.528s] byte-compiling /home/parallels/VisualSim/src/install/navigation/lib/python3.10/site-packages/navigation/navigator_node.py to navigator_node.cpython-310.pyc
[0.529s] running install_data
[0.529s] running install_egg_info
[0.531s] removing '/home/parallels/VisualSim/src/install/navigation/lib/python3.10/site-packages/navigation-0.0.0-py3.10.egg-info' (and everything under it)
[0.532s] Copying ../build/navigation/navigation.egg-info to /home/parallels/VisualSim/src/install/navigation/lib/python3.10/site-packages/navigation-0.0.0-py3.10.egg-info
[0.532s] running install_scripts
[0.546s] Installing client script to /home/parallels/VisualSim/src/install/navigation/lib/navigation
[0.546s] Installing service script to /home/parallels/VisualSim/src/install/navigation/lib/navigation
[0.546s] writing list of installed files to '/home/parallels/VisualSim/src/build/navigation/install.log'
[0.563s] Invoked command in '/home/parallels/VisualSim/src/navigation' returned '0': PYTHONPATH=/home/parallels/VisualSim/src/build/navigation/prefix_override:/usr/lib/python3/dist-packages/colcon_core/task/python/colcon_distutils_commands:/home/parallels/VisualSim/src/install/navigation/lib/python3.10/site-packages:${PYTHONPATH} /usr/bin/python3 -W ignore:setup.py install is deprecated setup.py egg_info --egg-base ../build/navigation build --build-base /home/parallels/VisualSim/src/build/navigation/build install --record /home/parallels/VisualSim/src/build/navigation/install.log --single-version-externally-managed install_data
