/home/parallels/VisualSim/src/install/navigation/lib/python3.10/site-packages/navigation/navigator.py
/home/parallels/VisualSim/src/install/navigation/lib/python3.10/site-packages/navigation/mapper_node.py
/home/parallels/VisualSim/src/install/navigation/lib/python3.10/site-packages/navigation/navigator_node.py
/home/parallels/VisualSim/src/install/navigation/lib/python3.10/site-packages/navigation/constructs.py
/home/parallels/VisualSim/src/install/navigation/lib/python3.10/site-packages/navigation/mapper.py
/home/parallels/VisualSim/src/install/navigation/lib/python3.10/site-packages/navigation/__init__.py
/home/parallels/VisualSim/src/install/navigation/lib/python3.10/site-packages/navigation/__pycache__/navigator.cpython-310.pyc
/home/parallels/VisualSim/src/install/navigation/lib/python3.10/site-packages/navigation/__pycache__/mapper_node.cpython-310.pyc
/home/parallels/VisualSim/src/install/navigation/lib/python3.10/site-packages/navigation/__pycache__/navigator_node.cpython-310.pyc
/home/parallels/VisualSim/src/install/navigation/lib/python3.10/site-packages/navigation/__pycache__/constructs.cpython-310.pyc
/home/parallels/VisualSim/src/install/navigation/lib/python3.10/site-packages/navigation/__pycache__/mapper.cpython-310.pyc
/home/parallels/VisualSim/src/install/navigation/lib/python3.10/site-packages/navigation/__pycache__/__init__.cpython-310.pyc
/home/parallels/VisualSim/src/install/navigation/share/ament_index/resource_index/packages/navigation
/home/parallels/VisualSim/src/install/navigation/share/navigation/package.xml
/home/parallels/VisualSim/src/install/navigation/lib/python3.10/site-packages/navigation-0.0.0-py3.10.egg-info/dependency_links.txt
/home/parallels/VisualSim/src/install/navigation/lib/python3.10/site-packages/navigation-0.0.0-py3.10.egg-info/top_level.txt
/home/parallels/VisualSim/src/install/navigation/lib/python3.10/site-packages/navigation-0.0.0-py3.10.egg-info/entry_points.txt
/home/parallels/VisualSim/src/install/navigation/lib/python3.10/site-packages/navigation-0.0.0-py3.10.egg-info/zip-safe
/home/parallels/VisualSim/src/install/navigation/lib/python3.10/site-packages/navigation-0.0.0-py3.10.egg-info/PKG-INFO
/home/parallels/VisualSim/src/install/navigation/lib/python3.10/site-packages/navigation-0.0.0-py3.10.egg-info/SOURCES.txt
/home/parallels/VisualSim/src/install/navigation/lib/python3.10/site-packages/navigation-0.0.0-py3.10.egg-info/requires.txt
/home/parallels/VisualSim/src/install/navigation/lib/navigation/client
/home/parallels/VisualSim/src/install/navigation/lib/navigation/service
