[0.007s] Invoking command in '/home/parallels/VisualSim/src/build/interfaces': CMAKE_PREFIX_PATH=${CMAKE_PREFIX_PATH}:/home/parallels/VisualSim/src/install/navigation:/home/parallels/VisualSim/install/py_srvcli:/home/parallels/VisualSim/install/navigation:/opt/ros/humble /usr/bin/cmake --build /home/parallels/VisualSim/src/build/interfaces -- -j2 -l2
[0.030s] -- Found ament_cmake: 1.3.10 (/opt/ros/humble/share/ament_cmake/cmake)
[0.142s] -- Found geometry_msgs: 4.2.4 (/opt/ros/humble/share/geometry_msgs/cmake)
[0.165s] -- Found rosidl_generator_c: 3.1.5 (/opt/ros/humble/share/rosidl_generator_c/cmake)
[0.168s] -- Found rosidl_adapter: 3.1.5 (/opt/ros/humble/share/rosidl_adapter/cmake)
[0.181s] -- Found rosidl_generator_cpp: 3.1.5 (/opt/ros/humble/share/rosidl_generator_cpp/cmake)
[0.195s] -- Using all available rosidl_typesupport_c: rosidl_typesupport_fastrtps_c;rosidl_typesupport_introspection_c
[0.210s] -- Using all available rosidl_typesupport_cpp: rosidl_typesupport_fastrtps_cpp;rosidl_typesupport_introspection_cpp
[0.245s] -- Found sensor_msgs: 4.2.4 (/opt/ros/humble/share/sensor_msgs/cmake)
[0.261s] -- Found rosidl_default_generators: 1.2.0 (/opt/ros/humble/share/rosidl_default_generators/cmake)
[0.465s] -- Found ament_cmake_ros: 0.10.0 (/opt/ros/humble/share/ament_cmake_ros/cmake)
[0.765s] -- Using all available rosidl_typesupport_c: rosidl_typesupport_fastrtps_c;rosidl_typesupport_introspection_c
[0.880s] -- Using all available rosidl_typesupport_cpp: rosidl_typesupport_fastrtps_cpp;rosidl_typesupport_introspection_cpp
[0.892s] -- Found python_cmake_module: 0.10.0 (/opt/ros/humble/share/python_cmake_module/cmake)
[0.904s] -- Using PYTHON_EXECUTABLE: /usr/bin/python3
[0.905s] -- Using PYTHON_INCLUDE_DIRS: /usr/include/python3.10
[0.905s] -- Using PYTHON_LIBRARIES: /usr/lib/aarch64-linux-gnu/libpython3.10.so
[0.941s] -- Found ament_lint_auto: 0.12.11 (/opt/ros/humble/share/ament_lint_auto/cmake)
[0.947s] -- Added test 'lint_cmake' to check CMake code style
[0.947s] -- Added test 'xmllint' to check XML markup files
[0.948s] -- Configuring done
[0.974s] -- Generating done
[0.977s] -- Build files have been written to: /home/parallels/VisualSim/src/build/interfaces
[0.992s] [35m[1mConsolidate compiler generated dependencies of target interfaces__rosidl_generator_c[0m
[0.997s] [ 12%] Built target interfaces__rosidl_generator_c
[0.997s] [ 12%] Built target interfaces__cpp
[1.002s] [35m[1mConsolidate compiler generated dependencies of target interfaces__rosidl_typesupport_cpp[0m
[1.010s] [ 12%] Built target ament_cmake_python_copy_interfaces
[1.018s] [35m[1mConsolidate compiler generated dependencies of target interfaces__rosidl_typesupport_fastrtps_c[0m
[1.022s] [ 22%] Built target interfaces__rosidl_typesupport_cpp
[1.025s] [ 32%] Built target interfaces__rosidl_typesupport_fastrtps_c
[1.035s] [35m[1mConsolidate compiler generated dependencies of target interfaces__rosidl_typesupport_fastrtps_cpp[0m
[1.038s] [35m[1mConsolidate compiler generated dependencies of target interfaces__rosidl_typesupport_introspection_c[0m
[1.042s] [ 41%] Built target interfaces__rosidl_typesupport_fastrtps_cpp
[1.049s] [35m[1mConsolidate compiler generated dependencies of target interfaces__rosidl_typesupport_c[0m
[1.053s] [ 51%] Built target interfaces__rosidl_typesupport_introspection_c
[1.057s] [ 61%] Built target interfaces__rosidl_typesupport_c
[1.063s] [35m[1mConsolidate compiler generated dependencies of target interfaces__rosidl_typesupport_introspection_cpp[0m
[1.069s] [ 70%] Built target interfaces__rosidl_typesupport_introspection_cpp
[1.079s] [ 70%] Built target interfaces
[1.089s] [ 74%] Built target interfaces__py
[1.096s] [35m[1mConsolidate compiler generated dependencies of target interfaces__rosidl_generator_py[0m
[1.109s] [ 80%] Built target interfaces__rosidl_generator_py
[1.128s] [35m[1mConsolidate compiler generated dependencies of target interfaces__rosidl_typesupport_fastrtps_c__pyext[0m
[1.145s] [ 87%] Built target interfaces__rosidl_typesupport_fastrtps_c__pyext
[1.156s] [35m[1mConsolidate compiler generated dependencies of target interfaces__rosidl_typesupport_introspection_c__pyext[0m
[1.176s] [ 93%] Built target interfaces__rosidl_typesupport_introspection_c__pyext
[1.188s] [35m[1mConsolidate compiler generated dependencies of target interfaces__rosidl_typesupport_c__pyext[0m
[1.201s] [100%] Built target interfaces__rosidl_typesupport_c__pyext
[1.230s] running egg_info
[1.230s] writing interfaces.egg-info/PKG-INFO
[1.231s] writing dependency_links to interfaces.egg-info/dependency_links.txt
[1.231s] writing top-level names to interfaces.egg-info/top_level.txt
[1.232s] reading manifest file 'interfaces.egg-info/SOURCES.txt'
[1.232s] writing manifest file 'interfaces.egg-info/SOURCES.txt'
[1.252s] [100%] Built target ament_cmake_python_build_interfaces_egg
[1.260s] Invoked command in '/home/parallels/VisualSim/src/build/interfaces' returned '0': CMAKE_PREFIX_PATH=${CMAKE_PREFIX_PATH}:/home/parallels/VisualSim/src/install/navigation:/home/parallels/VisualSim/install/py_srvcli:/home/parallels/VisualSim/install/navigation:/opt/ros/humble /usr/bin/cmake --build /home/parallels/VisualSim/src/build/interfaces -- -j2 -l2
[1.292s] Invoking command in '/home/parallels/VisualSim/src/build/interfaces': CMAKE_PREFIX_PATH=${CMAKE_PREFIX_PATH}:/home/parallels/VisualSim/src/install/navigation:/home/parallels/VisualSim/install/py_srvcli:/home/parallels/VisualSim/install/navigation:/opt/ros/humble /usr/bin/cmake --install /home/parallels/VisualSim/src/build/interfaces
[1.296s] -- Install configuration: ""
[1.301s] -- Up-to-date: /home/parallels/VisualSim/src/install/interfaces/share/ament_index/resource_index/rosidl_interfaces/interfaces
[1.301s] -- Up-to-date: /home/parallels/VisualSim/src/install/interfaces/include/interfaces/interfaces
[1.301s] -- Up-to-date: /home/parallels/VisualSim/src/install/interfaces/include/interfaces/interfaces/msg
[1.301s] -- Up-to-date: /home/parallels/VisualSim/src/install/interfaces/include/interfaces/interfaces/msg/rosidl_generator_c__visibility_control.h
[1.301s] -- Up-to-date: /home/parallels/VisualSim/src/install/interfaces/include/interfaces/interfaces/srv
[1.301s] -- Up-to-date: /home/parallels/VisualSim/src/install/interfaces/include/interfaces/interfaces/srv/detail
[1.301s] -- Up-to-date: /home/parallels/VisualSim/src/install/interfaces/include/interfaces/interfaces/srv/detail/detection__type_support.h
[1.301s] -- Up-to-date: /home/parallels/VisualSim/src/install/interfaces/include/interfaces/interfaces/srv/detail/detection__functions.h
[1.301s] -- Up-to-date: /home/parallels/VisualSim/src/install/interfaces/include/interfaces/interfaces/srv/detail/detection__functions.c
[1.301s] -- Up-to-date: /home/parallels/VisualSim/src/install/interfaces/include/interfaces/interfaces/srv/detail/detection__struct.h
[1.301s] -- Up-to-date: /home/parallels/VisualSim/src/install/interfaces/include/interfaces/interfaces/srv/detection.h
[1.301s] -- Up-to-date: /home/parallels/VisualSim/src/install/interfaces/share/interfaces/environment/library_path.sh
[1.301s] -- Installing: /home/parallels/VisualSim/src/install/interfaces/share/interfaces/environment/library_path.dsv
[1.301s] -- Up-to-date: /home/parallels/VisualSim/src/install/interfaces/lib/libinterfaces__rosidl_generator_c.so
[1.301s] -- Up-to-date: /home/parallels/VisualSim/src/install/interfaces/include/interfaces/interfaces
[1.301s] -- Up-to-date: /home/parallels/VisualSim/src/install/interfaces/include/interfaces/interfaces/msg
[1.301s] -- Up-to-date: /home/parallels/VisualSim/src/install/interfaces/include/interfaces/interfaces/msg/rosidl_typesupport_fastrtps_c__visibility_control.h
[1.301s] -- Up-to-date: /home/parallels/VisualSim/src/install/interfaces/include/interfaces/interfaces/srv
[1.301s] -- Up-to-date: /home/parallels/VisualSim/src/install/interfaces/include/interfaces/interfaces/srv/detail
[1.301s] -- Up-to-date: /home/parallels/VisualSim/src/install/interfaces/include/interfaces/interfaces/srv/detail/detection__rosidl_typesupport_fastrtps_c.h
[1.301s] -- Up-to-date: /home/parallels/VisualSim/src/install/interfaces/lib/libinterfaces__rosidl_typesupport_fastrtps_c.so
[1.301s] -- Up-to-date: /home/parallels/VisualSim/src/install/interfaces/include/interfaces/interfaces
[1.301s] -- Up-to-date: /home/parallels/VisualSim/src/install/interfaces/include/interfaces/interfaces/srv
[1.301s] -- Up-to-date: /home/parallels/VisualSim/src/install/interfaces/include/interfaces/interfaces/srv/detail
[1.301s] -- Up-to-date: /home/parallels/VisualSim/src/install/interfaces/include/interfaces/interfaces/srv/detail/detection__builder.hpp
[1.301s] -- Up-to-date: /home/parallels/VisualSim/src/install/interfaces/include/interfaces/interfaces/srv/detail/detection__traits.hpp
[1.301s] -- Up-to-date: /home/parallels/VisualSim/src/install/interfaces/include/interfaces/interfaces/srv/detail/detection__struct.hpp
[1.301s] -- Up-to-date: /home/parallels/VisualSim/src/install/interfaces/include/interfaces/interfaces/srv/detection.hpp
[1.301s] -- Up-to-date: /home/parallels/VisualSim/src/install/interfaces/include/interfaces/interfaces
[1.301s] -- Up-to-date: /home/parallels/VisualSim/src/install/interfaces/include/interfaces/interfaces/msg
[1.302s] -- Up-to-date: /home/parallels/VisualSim/src/install/interfaces/include/interfaces/interfaces/msg/rosidl_typesupport_fastrtps_cpp__visibility_control.h
[1.302s] -- Up-to-date: /home/parallels/VisualSim/src/install/interfaces/include/interfaces/interfaces/srv
[1.302s] -- Up-to-date: /home/parallels/VisualSim/src/install/interfaces/include/interfaces/interfaces/srv/detail
[1.302s] -- Up-to-date: /home/parallels/VisualSim/src/install/interfaces/include/interfaces/interfaces/srv/detail/dds_fastrtps
[1.302s] -- Up-to-date: /home/parallels/VisualSim/src/install/interfaces/include/interfaces/interfaces/srv/detail/detection__rosidl_typesupport_fastrtps_cpp.hpp
[1.303s] -- Up-to-date: /home/parallels/VisualSim/src/install/interfaces/lib/libinterfaces__rosidl_typesupport_fastrtps_cpp.so
[1.303s] -- Up-to-date: /home/parallels/VisualSim/src/install/interfaces/include/interfaces/interfaces
[1.303s] -- Up-to-date: /home/parallels/VisualSim/src/install/interfaces/include/interfaces/interfaces/msg
[1.303s] -- Up-to-date: /home/parallels/VisualSim/src/install/interfaces/include/interfaces/interfaces/msg/rosidl_typesupport_introspection_c__visibility_control.h
[1.303s] -- Up-to-date: /home/parallels/VisualSim/src/install/interfaces/include/interfaces/interfaces/srv
[1.303s] -- Up-to-date: /home/parallels/VisualSim/src/install/interfaces/include/interfaces/interfaces/srv/detail
[1.303s] -- Up-to-date: /home/parallels/VisualSim/src/install/interfaces/include/interfaces/interfaces/srv/detail/detection__type_support.c
[1.303s] -- Up-to-date: /home/parallels/VisualSim/src/install/interfaces/include/interfaces/interfaces/srv/detail/detection__rosidl_typesupport_introspection_c.h
[1.303s] -- Up-to-date: /home/parallels/VisualSim/src/install/interfaces/lib/libinterfaces__rosidl_typesupport_introspection_c.so
[1.303s] -- Up-to-date: /home/parallels/VisualSim/src/install/interfaces/lib/libinterfaces__rosidl_typesupport_c.so
[1.303s] -- Up-to-date: /home/parallels/VisualSim/src/install/interfaces/include/interfaces/interfaces
[1.303s] -- Up-to-date: /home/parallels/VisualSim/src/install/interfaces/include/interfaces/interfaces/srv
[1.303s] -- Up-to-date: /home/parallels/VisualSim/src/install/interfaces/include/interfaces/interfaces/srv/detail
[1.303s] -- Up-to-date: /home/parallels/VisualSim/src/install/interfaces/include/interfaces/interfaces/srv/detail/detection__type_support.cpp
[1.303s] -- Up-to-date: /home/parallels/VisualSim/src/install/interfaces/include/interfaces/interfaces/srv/detail/detection__rosidl_typesupport_introspection_cpp.hpp
[1.303s] -- Up-to-date: /home/parallels/VisualSim/src/install/interfaces/lib/libinterfaces__rosidl_typesupport_introspection_cpp.so
[1.303s] -- Up-to-date: /home/parallels/VisualSim/src/install/interfaces/lib/libinterfaces__rosidl_typesupport_cpp.so
[1.303s] -- Up-to-date: /home/parallels/VisualSim/src/install/interfaces/share/interfaces/environment/pythonpath.sh
[1.303s] -- Installing: /home/parallels/VisualSim/src/install/interfaces/share/interfaces/environment/pythonpath.dsv
[1.303s] -- Up-to-date: /home/parallels/VisualSim/src/install/interfaces/local/lib/python3.10/dist-packages/interfaces-0.0.0-py3.10.egg-info
[1.303s] -- Installing: /home/parallels/VisualSim/src/install/interfaces/local/lib/python3.10/dist-packages/interfaces-0.0.0-py3.10.egg-info/dependency_links.txt
[1.303s] -- Installing: /home/parallels/VisualSim/src/install/interfaces/local/lib/python3.10/dist-packages/interfaces-0.0.0-py3.10.egg-info/top_level.txt
[1.303s] -- Installing: /home/parallels/VisualSim/src/install/interfaces/local/lib/python3.10/dist-packages/interfaces-0.0.0-py3.10.egg-info/PKG-INFO
[1.303s] -- Installing: /home/parallels/VisualSim/src/install/interfaces/local/lib/python3.10/dist-packages/interfaces-0.0.0-py3.10.egg-info/SOURCES.txt
[1.303s] -- Up-to-date: /home/parallels/VisualSim/src/install/interfaces/local/lib/python3.10/dist-packages/interfaces
[1.303s] -- Up-to-date: /home/parallels/VisualSim/src/install/interfaces/local/lib/python3.10/dist-packages/interfaces/libinterfaces__rosidl_generator_py.so
[1.303s] -- Up-to-date: /home/parallels/VisualSim/src/install/interfaces/local/lib/python3.10/dist-packages/interfaces/interfaces_s__rosidl_typesupport_fastrtps_c.cpython-310-aarch64-linux-gnu.so
[1.303s] -- Up-to-date: /home/parallels/VisualSim/src/install/interfaces/local/lib/python3.10/dist-packages/interfaces/interfaces_s__rosidl_typesupport_c.cpython-310-aarch64-linux-gnu.so
[1.303s] -- Up-to-date: /home/parallels/VisualSim/src/install/interfaces/local/lib/python3.10/dist-packages/interfaces/_interfaces_s.ep.rosidl_typesupport_introspection_c.c
[1.304s] -- Up-to-date: /home/parallels/VisualSim/src/install/interfaces/local/lib/python3.10/dist-packages/interfaces/interfaces_s__rosidl_typesupport_introspection_c.cpython-310-aarch64-linux-gnu.so
[1.304s] -- Up-to-date: /home/parallels/VisualSim/src/install/interfaces/local/lib/python3.10/dist-packages/interfaces/_interfaces_s.ep.rosidl_typesupport_c.c
[1.304s] -- Installing: /home/parallels/VisualSim/src/install/interfaces/local/lib/python3.10/dist-packages/interfaces/__init__.py
[1.304s] -- Up-to-date: /home/parallels/VisualSim/src/install/interfaces/local/lib/python3.10/dist-packages/interfaces/srv
[1.304s] -- Up-to-date: /home/parallels/VisualSim/src/install/interfaces/local/lib/python3.10/dist-packages/interfaces/srv/_detection_s.c
[1.304s] -- Up-to-date: /home/parallels/VisualSim/src/install/interfaces/local/lib/python3.10/dist-packages/interfaces/srv/_detection.py
[1.304s] -- Up-to-date: /home/parallels/VisualSim/src/install/interfaces/local/lib/python3.10/dist-packages/interfaces/srv/__init__.py
[1.304s] -- Up-to-date: /home/parallels/VisualSim/src/install/interfaces/local/lib/python3.10/dist-packages/interfaces/_interfaces_s.ep.rosidl_typesupport_fastrtps_c.c
[1.324s] Listing '/home/parallels/VisualSim/src/install/interfaces/local/lib/python3.10/dist-packages/interfaces'...
[1.324s] Compiling '/home/parallels/VisualSim/src/install/interfaces/local/lib/python3.10/dist-packages/interfaces/__init__.py'...
[1.324s] Listing '/home/parallels/VisualSim/src/install/interfaces/local/lib/python3.10/dist-packages/interfaces/srv'...
[1.332s] -- Up-to-date: /home/parallels/VisualSim/src/install/interfaces/local/lib/python3.10/dist-packages/interfaces/interfaces_s__rosidl_typesupport_fastrtps_c.cpython-310-aarch64-linux-gnu.so
[1.332s] -- Up-to-date: /home/parallels/VisualSim/src/install/interfaces/local/lib/python3.10/dist-packages/interfaces/interfaces_s__rosidl_typesupport_introspection_c.cpython-310-aarch64-linux-gnu.so
[1.332s] -- Up-to-date: /home/parallels/VisualSim/src/install/interfaces/local/lib/python3.10/dist-packages/interfaces/interfaces_s__rosidl_typesupport_c.cpython-310-aarch64-linux-gnu.so
[1.332s] -- Up-to-date: /home/parallels/VisualSim/src/install/interfaces/lib/libinterfaces__rosidl_generator_py.so
[1.332s] -- Up-to-date: /home/parallels/VisualSim/src/install/interfaces/share/interfaces/srv/Detection.idl
[1.332s] -- Up-to-date: /home/parallels/VisualSim/src/install/interfaces/share/interfaces/srv/Detection.srv
[1.332s] -- Up-to-date: /home/parallels/VisualSim/src/install/interfaces/share/interfaces/srv/Detection_Request.msg
[1.333s] -- Up-to-date: /home/parallels/VisualSim/src/install/interfaces/share/interfaces/srv/Detection_Response.msg
[1.333s] -- Up-to-date: /home/parallels/VisualSim/src/install/interfaces/share/ament_index/resource_index/package_run_dependencies/interfaces
[1.333s] -- Installing: /home/parallels/VisualSim/src/install/interfaces/share/ament_index/resource_index/parent_prefix_path/interfaces
[1.333s] -- Up-to-date: /home/parallels/VisualSim/src/install/interfaces/share/interfaces/environment/ament_prefix_path.sh
[1.333s] -- Installing: /home/parallels/VisualSim/src/install/interfaces/share/interfaces/environment/ament_prefix_path.dsv
[1.333s] -- Up-to-date: /home/parallels/VisualSim/src/install/interfaces/share/interfaces/environment/path.sh
[1.333s] -- Installing: /home/parallels/VisualSim/src/install/interfaces/share/interfaces/environment/path.dsv
[1.333s] -- Up-to-date: /home/parallels/VisualSim/src/install/interfaces/share/interfaces/local_setup.bash
[1.333s] -- Up-to-date: /home/parallels/VisualSim/src/install/interfaces/share/interfaces/local_setup.sh
[1.333s] -- Up-to-date: /home/parallels/VisualSim/src/install/interfaces/share/interfaces/local_setup.zsh
[1.333s] -- Installing: /home/parallels/VisualSim/src/install/interfaces/share/interfaces/local_setup.dsv
[1.333s] -- Installing: /home/parallels/VisualSim/src/install/interfaces/share/interfaces/package.dsv
[1.333s] -- Up-to-date: /home/parallels/VisualSim/src/install/interfaces/share/ament_index/resource_index/packages/interfaces
[1.333s] -- Up-to-date: /home/parallels/VisualSim/src/install/interfaces/share/interfaces/cmake/export_interfaces__rosidl_generator_cExport.cmake
[1.333s] -- Up-to-date: /home/parallels/VisualSim/src/install/interfaces/share/interfaces/cmake/export_interfaces__rosidl_generator_cExport-noconfig.cmake
[1.333s] -- Up-to-date: /home/parallels/VisualSim/src/install/interfaces/share/interfaces/cmake/export_interfaces__rosidl_typesupport_fastrtps_cExport.cmake
[1.333s] -- Up-to-date: /home/parallels/VisualSim/src/install/interfaces/share/interfaces/cmake/export_interfaces__rosidl_typesupport_fastrtps_cExport-noconfig.cmake
[1.333s] -- Up-to-date: /home/parallels/VisualSim/src/install/interfaces/share/interfaces/cmake/export_interfaces__rosidl_generator_cppExport.cmake
[1.333s] -- Up-to-date: /home/parallels/VisualSim/src/install/interfaces/share/interfaces/cmake/export_interfaces__rosidl_typesupport_fastrtps_cppExport.cmake
[1.334s] -- Up-to-date: /home/parallels/VisualSim/src/install/interfaces/share/interfaces/cmake/export_interfaces__rosidl_typesupport_fastrtps_cppExport-noconfig.cmake
[1.334s] -- Up-to-date: /home/parallels/VisualSim/src/install/interfaces/share/interfaces/cmake/interfaces__rosidl_typesupport_introspection_cExport.cmake
[1.334s] -- Up-to-date: /home/parallels/VisualSim/src/install/interfaces/share/interfaces/cmake/interfaces__rosidl_typesupport_introspection_cExport-noconfig.cmake
[1.334s] -- Up-to-date: /home/parallels/VisualSim/src/install/interfaces/share/interfaces/cmake/interfaces__rosidl_typesupport_cExport.cmake
[1.334s] -- Up-to-date: /home/parallels/VisualSim/src/install/interfaces/share/interfaces/cmake/interfaces__rosidl_typesupport_cExport-noconfig.cmake
[1.334s] -- Up-to-date: /home/parallels/VisualSim/src/install/interfaces/share/interfaces/cmake/interfaces__rosidl_typesupport_introspection_cppExport.cmake
[1.334s] -- Up-to-date: /home/parallels/VisualSim/src/install/interfaces/share/interfaces/cmake/interfaces__rosidl_typesupport_introspection_cppExport-noconfig.cmake
[1.334s] -- Up-to-date: /home/parallels/VisualSim/src/install/interfaces/share/interfaces/cmake/interfaces__rosidl_typesupport_cppExport.cmake
[1.334s] -- Up-to-date: /home/parallels/VisualSim/src/install/interfaces/share/interfaces/cmake/interfaces__rosidl_typesupport_cppExport-noconfig.cmake
[1.334s] -- Up-to-date: /home/parallels/VisualSim/src/install/interfaces/share/interfaces/cmake/export_interfaces__rosidl_generator_pyExport.cmake
[1.334s] -- Up-to-date: /home/parallels/VisualSim/src/install/interfaces/share/interfaces/cmake/export_interfaces__rosidl_generator_pyExport-noconfig.cmake
[1.334s] -- Up-to-date: /home/parallels/VisualSim/src/install/interfaces/share/interfaces/cmake/rosidl_cmake-extras.cmake
[1.334s] -- Up-to-date: /home/parallels/VisualSim/src/install/interfaces/share/interfaces/cmake/ament_cmake_export_dependencies-extras.cmake
[1.334s] -- Up-to-date: /home/parallels/VisualSim/src/install/interfaces/share/interfaces/cmake/ament_cmake_export_include_directories-extras.cmake
[1.334s] -- Up-to-date: /home/parallels/VisualSim/src/install/interfaces/share/interfaces/cmake/ament_cmake_export_libraries-extras.cmake
[1.335s] -- Up-to-date: /home/parallels/VisualSim/src/install/interfaces/share/interfaces/cmake/ament_cmake_export_targets-extras.cmake
[1.335s] -- Up-to-date: /home/parallels/VisualSim/src/install/interfaces/share/interfaces/cmake/rosidl_cmake_export_typesupport_targets-extras.cmake
[1.335s] -- Up-to-date: /home/parallels/VisualSim/src/install/interfaces/share/interfaces/cmake/rosidl_cmake_export_typesupport_libraries-extras.cmake
[1.335s] -- Up-to-date: /home/parallels/VisualSim/src/install/interfaces/share/interfaces/cmake/interfacesConfig.cmake
[1.335s] -- Up-to-date: /home/parallels/VisualSim/src/install/interfaces/share/interfaces/cmake/interfacesConfig-version.cmake
[1.335s] -- Up-to-date: /home/parallels/VisualSim/src/install/interfaces/share/interfaces/package.xml
[1.335s] Invoked command in '/home/parallels/VisualSim/src/build/interfaces' returned '0': CMAKE_PREFIX_PATH=${CMAKE_PREFIX_PATH}:/home/parallels/VisualSim/src/install/navigation:/home/parallels/VisualSim/install/py_srvcli:/home/parallels/VisualSim/install/navigation:/opt/ros/humble /usr/bin/cmake --install /home/parallels/VisualSim/src/build/interfaces
