running egg_info
creating ../build/navigation/navigation.egg-info
writing ../build/navigation/navigation.egg-info/PKG-INFO
writing dependency_links to ../build/navigation/navigation.egg-info/dependency_links.txt
writing entry points to ../build/navigation/navigation.egg-info/entry_points.txt
writing requirements to ../build/navigation/navigation.egg-info/requires.txt
writing top-level names to ../build/navigation/navigation.egg-info/top_level.txt
writing manifest file '../build/navigation/navigation.egg-info/SOURCES.txt'
reading manifest file '../build/navigation/navigation.egg-info/SOURCES.txt'
writing manifest file '../build/navigation/navigation.egg-info/SOURCES.txt'
running build
running build_py
creating /home/parallels/VisualSim/src/build/navigation/build
creating /home/parallels/VisualSim/src/build/navigation/build/lib
creating /home/parallels/VisualSim/src/build/navigation/build/lib/navigation
copying navigation/navigator.py -> /home/parallels/VisualSim/src/build/navigation/build/lib/navigation
copying navigation/mapper_node.py -> /home/parallels/VisualSim/src/build/navigation/build/lib/navigation
copying navigation/navigator_node.py -> /home/parallels/VisualSim/src/build/navigation/build/lib/navigation
copying navigation/constructs.py -> /home/parallels/VisualSim/src/build/navigation/build/lib/navigation
copying navigation/mapper.py -> /home/parallels/VisualSim/src/build/navigation/build/lib/navigation
copying navigation/__init__.py -> /home/parallels/VisualSim/src/build/navigation/build/lib/navigation
running install
running install_lib
creating /home/parallels/VisualSim/src/install/navigation/lib/python3.10/site-packages/navigation
copying /home/parallels/VisualSim/src/build/navigation/build/lib/navigation/navigator.py -> /home/parallels/VisualSim/src/install/navigation/lib/python3.10/site-packages/navigation
copying /home/parallels/VisualSim/src/build/navigation/build/lib/navigation/mapper_node.py -> /home/parallels/VisualSim/src/install/navigation/lib/python3.10/site-packages/navigation
copying /home/parallels/VisualSim/src/build/navigation/build/lib/navigation/navigator_node.py -> /home/parallels/VisualSim/src/install/navigation/lib/python3.10/site-packages/navigation
copying /home/parallels/VisualSim/src/build/navigation/build/lib/navigation/constructs.py -> /home/parallels/VisualSim/src/install/navigation/lib/python3.10/site-packages/navigation
copying /home/parallels/VisualSim/src/build/navigation/build/lib/navigation/mapper.py -> /home/parallels/VisualSim/src/install/navigation/lib/python3.10/site-packages/navigation
copying /home/parallels/VisualSim/src/build/navigation/build/lib/navigation/__init__.py -> /home/parallels/VisualSim/src/install/navigation/lib/python3.10/site-packages/navigation
byte-compiling /home/parallels/VisualSim/src/install/navigation/lib/python3.10/site-packages/navigation/navigator.py to navigator.cpython-310.pyc
byte-compiling /home/parallels/VisualSim/src/install/navigation/lib/python3.10/site-packages/navigation/mapper_node.py to mapper_node.cpython-310.pyc
byte-compiling /home/parallels/VisualSim/src/install/navigation/lib/python3.10/site-packages/navigation/navigator_node.py to navigator_node.cpython-310.pyc
byte-compiling /home/parallels/VisualSim/src/install/navigation/lib/python3.10/site-packages/navigation/constructs.py to constructs.cpython-310.pyc
byte-compiling /home/parallels/VisualSim/src/install/navigation/lib/python3.10/site-packages/navigation/mapper.py to mapper.cpython-310.pyc
byte-compiling /home/parallels/VisualSim/src/install/navigation/lib/python3.10/site-packages/navigation/__init__.py to __init__.cpython-310.pyc
running install_data
creating /home/parallels/VisualSim/src/install/navigation/share/ament_index
creating /home/parallels/VisualSim/src/install/navigation/share/ament_index/resource_index
creating /home/parallels/VisualSim/src/install/navigation/share/ament_index/resource_index/packages
copying resource/navigation -> /home/parallels/VisualSim/src/install/navigation/share/ament_index/resource_index/packages
copying package.xml -> /home/parallels/VisualSim/src/install/navigation/share/navigation
running install_egg_info
Copying ../build/navigation/navigation.egg-info to /home/parallels/VisualSim/src/install/navigation/lib/python3.10/site-packages/navigation-0.0.0-py3.10.egg-info
running install_scripts
Installing client script to /home/parallels/VisualSim/src/install/navigation/lib/navigation
Installing service script to /home/parallels/VisualSim/src/install/navigation/lib/navigation
writing list of installed files to '/home/parallels/VisualSim/src/build/navigation/install.log'
