[0.397s] Invoking command in '/home/parallels/VisualSim/src/navigation': PYTHONPATH=/home/parallels/VisualSim/src/build/navigation/prefix_override:/usr/lib/python3/dist-packages/colcon_core/task/python/colcon_distutils_commands:/home/parallels/VisualSim/src/install/navigation/lib/python3.10/site-packages:${PYTHONPATH} /usr/bin/python3 -W ignore:setup.py install is deprecated setup.py egg_info --egg-base ../build/navigation build --build-base /home/parallels/VisualSim/src/build/navigation/build install --record /home/parallels/VisualSim/src/build/navigation/install.log --single-version-externally-managed install_data
[0.547s] running egg_info
[0.547s] writing ../build/navigation/navigation.egg-info/PKG-INFO
[0.548s] writing dependency_links to ../build/navigation/navigation.egg-info/dependency_links.txt
[0.548s] writing entry points to ../build/navigation/navigation.egg-info/entry_points.txt
[0.548s] writing requirements to ../build/navigation/navigation.egg-info/requires.txt
[0.548s] writing top-level names to ../build/navigation/navigation.egg-info/top_level.txt
[0.549s] reading manifest file '../build/navigation/navigation.egg-info/SOURCES.txt'
[0.550s] writing manifest file '../build/navigation/navigation.egg-info/SOURCES.txt'
[0.550s] running build
[0.550s] running build_py
[0.551s] running install
[0.551s] running install_lib
[0.552s] running install_data
[0.552s] running install_egg_info
[0.553s] removing '/home/parallels/VisualSim/src/install/navigation/lib/python3.10/site-packages/navigation-0.0.0-py3.10.egg-info' (and everything under it)
[0.553s] Copying ../build/navigation/navigation.egg-info to /home/parallels/VisualSim/src/install/navigation/lib/python3.10/site-packages/navigation-0.0.0-py3.10.egg-info
[0.554s] running install_scripts
[0.566s] Installing client script to /home/parallels/VisualSim/src/install/navigation/lib/navigation
[0.566s] Installing service script to /home/parallels/VisualSim/src/install/navigation/lib/navigation
[0.566s] writing list of installed files to '/home/parallels/VisualSim/src/build/navigation/install.log'
[0.584s] Invoked command in '/home/parallels/VisualSim/src/navigation' returned '0': PYTHONPATH=/home/parallels/VisualSim/src/build/navigation/prefix_override:/usr/lib/python3/dist-packages/colcon_core/task/python/colcon_distutils_commands:/home/parallels/VisualSim/src/install/navigation/lib/python3.10/site-packages:${PYTHONPATH} /usr/bin/python3 -W ignore:setup.py install is deprecated setup.py egg_info --egg-base ../build/navigation build --build-base /home/parallels/VisualSim/src/build/navigation/build install --record /home/parallels/VisualSim/src/build/navigation/install.log --single-version-externally-managed install_data
