-- Found ament_cmake: 1.3.10 (/opt/ros/humble/share/ament_cmake/cmake)
-- Found geometry_msgs: 4.2.4 (/opt/ros/humble/share/geometry_msgs/cmake)
-- Found rosidl_generator_c: 3.1.5 (/opt/ros/humble/share/rosidl_generator_c/cmake)
-- Found rosidl_adapter: 3.1.5 (/opt/ros/humble/share/rosidl_adapter/cmake)
-- Found rosidl_generator_cpp: 3.1.5 (/opt/ros/humble/share/rosidl_generator_cpp/cmake)
-- Using all available rosidl_typesupport_c: rosidl_typesupport_fastrtps_c;rosidl_typesupport_introspection_c
-- Using all available rosidl_typesupport_cpp: rosidl_typesupport_fastrtps_cpp;rosidl_typesupport_introspection_cpp
-- Found sensor_msgs: 4.2.4 (/opt/ros/humble/share/sensor_msgs/cmake)
-- Found rosidl_default_generators: 1.2.0 (/opt/ros/humble/share/rosidl_default_generators/cmake)
-- Found ament_cmake_ros: 0.10.0 (/opt/ros/humble/share/ament_cmake_ros/cmake)
-- Using all available rosidl_typesupport_c: rosidl_typesupport_fastrtps_c;rosidl_typesupport_introspection_c
-- Using all available rosidl_typesupport_cpp: rosidl_typesupport_fastrtps_cpp;rosidl_typesupport_introspection_cpp
-- Found python_cmake_module: 0.10.0 (/opt/ros/humble/share/python_cmake_module/cmake)
-- Using PYTHON_EXECUTABLE: /usr/bin/python3
-- Using PYTHON_INCLUDE_DIRS: /usr/include/python3.10
-- Using PYTHON_LIBRARIES: /usr/lib/aarch64-linux-gnu/libpython3.10.so
-- Found ament_lint_auto: 0.12.11 (/opt/ros/humble/share/ament_lint_auto/cmake)
-- Added test 'lint_cmake' to check CMake code style
-- Added test 'xmllint' to check XML markup files
-- Configuring done
-- Generating done
-- Build files have been written to: /home/parallels/VisualSim/src/build/interfaces
[  3%] [34m[1mGenerating C code for ROS interfaces[0m
[  6%] [34m[1mGenerating C++ code for ROS interfaces[0m
[  6%] Built target interfaces__cpp
[  6%] Built target ament_cmake_python_copy_interfaces
[  9%] [34m[1mGenerating C++ type support dispatch for ROS interfaces[0m
[ 12%] [32mBuilding C object CMakeFiles/interfaces__rosidl_generator_c.dir/rosidl_generator_c/interfaces/action/detail/detection__functions.c.o[0m
[ 16%] [32m[1mLinking C shared library libinterfaces__rosidl_generator_c.so[0m
[ 16%] Built target interfaces__rosidl_generator_c
[ 19%] [34m[1mGenerating C++ type support for eProsima Fast-RTPS[0m
[ 22%] [32mBuilding CXX object CMakeFiles/interfaces__rosidl_typesupport_cpp.dir/rosidl_typesupport_cpp/interfaces/action/detection__type_support.cpp.o[0m
[ 25%] [32mBuilding CXX object CMakeFiles/interfaces__rosidl_typesupport_fastrtps_cpp.dir/rosidl_typesupport_fastrtps_cpp/interfaces/action/detail/dds_fastrtps/detection__type_support.cpp.o[0m
[ 29%] [32m[1mLinking CXX shared library libinterfaces__rosidl_typesupport_cpp.so[0m
[ 29%] Built target interfaces__rosidl_typesupport_cpp
[ 32%] [34m[1mGenerating C introspection for ROS interfaces[0m
[ 35%] [32m[1mLinking CXX shared library libinterfaces__rosidl_typesupport_fastrtps_cpp.so[0m
[ 35%] Built target interfaces__rosidl_typesupport_fastrtps_cpp
[ 38%] [34m[1mGenerating C type support dispatch for ROS interfaces[0m
[ 41%] [32mBuilding C object CMakeFiles/interfaces__rosidl_typesupport_introspection_c.dir/rosidl_typesupport_introspection_c/interfaces/action/detail/detection__type_support.c.o[0m
[ 45%] [32m[1mLinking C shared library libinterfaces__rosidl_typesupport_introspection_c.so[0m
[ 45%] Built target interfaces__rosidl_typesupport_introspection_c
[ 48%] [34m[1mGenerating C++ introspection for ROS interfaces[0m
[ 51%] [32mBuilding CXX object CMakeFiles/interfaces__rosidl_typesupport_c.dir/rosidl_typesupport_c/interfaces/action/detection__type_support.cpp.o[0m
[ 54%] [32m[1mLinking CXX shared library libinterfaces__rosidl_typesupport_c.so[0m
[ 54%] Built target interfaces__rosidl_typesupport_c
[ 58%] [32mBuilding CXX object CMakeFiles/interfaces__rosidl_typesupport_introspection_cpp.dir/rosidl_typesupport_introspection_cpp/interfaces/action/detail/detection__type_support.cpp.o[0m
running egg_info
writing interfaces.egg-info/PKG-INFO
writing dependency_links to interfaces.egg-info/dependency_links.txt
writing top-level names to interfaces.egg-info/top_level.txt
reading manifest file 'interfaces.egg-info/SOURCES.txt'
writing manifest file 'interfaces.egg-info/SOURCES.txt'
[ 58%] Built target ament_cmake_python_build_interfaces_egg
[ 61%] [34m[1mGenerating C type support for eProsima Fast-RTPS[0m
[ 64%] [32mBuilding CXX object CMakeFiles/interfaces__rosidl_typesupport_fastrtps_c.dir/rosidl_typesupport_fastrtps_c/interfaces/action/detail/detection__type_support_c.cpp.o[0m
[ 67%] [32m[1mLinking CXX shared library libinterfaces__rosidl_typesupport_introspection_cpp.so[0m
[ 67%] Built target interfaces__rosidl_typesupport_introspection_cpp
[ 70%] [32m[1mLinking CXX shared library libinterfaces__rosidl_typesupport_fastrtps_c.so[0m
[ 70%] Built target interfaces__rosidl_typesupport_fastrtps_c
[ 70%] Built target interfaces
[ 74%] [34m[1mGenerating Python code for ROS interfaces[0m
[ 74%] Built target interfaces__py
[ 77%] [32mBuilding C object CMakeFiles/interfaces__rosidl_generator_py.dir/rosidl_generator_py/interfaces/action/_detection_s.c.o[0m
[ 80%] [32m[1mLinking C shared library rosidl_generator_py/interfaces/libinterfaces__rosidl_generator_py.so[0m
[ 80%] Built target interfaces__rosidl_generator_py
[35m[1mConsolidate compiler generated dependencies of target interfaces__rosidl_typesupport_introspection_c__pyext[0m
[35m[1mConsolidate compiler generated dependencies of target interfaces__rosidl_typesupport_fastrtps_c__pyext[0m
[ 83%] [32mBuilding C object CMakeFiles/interfaces__rosidl_typesupport_fastrtps_c__pyext.dir/rosidl_generator_py/interfaces/_interfaces_s.ep.rosidl_typesupport_fastrtps_c.c.o[0m
[ 87%] [32mBuilding C object CMakeFiles/interfaces__rosidl_typesupport_introspection_c__pyext.dir/rosidl_generator_py/interfaces/_interfaces_s.ep.rosidl_typesupport_introspection_c.c.o[0m
[ 90%] [32m[1mLinking C shared library rosidl_generator_py/interfaces/interfaces_s__rosidl_typesupport_introspection_c.cpython-310-aarch64-linux-gnu.so[0m
[ 93%] [32m[1mLinking C shared library rosidl_generator_py/interfaces/interfaces_s__rosidl_typesupport_fastrtps_c.cpython-310-aarch64-linux-gnu.so[0m
[ 93%] Built target interfaces__rosidl_typesupport_fastrtps_c__pyext
[ 93%] Built target interfaces__rosidl_typesupport_introspection_c__pyext
[35m[1mConsolidate compiler generated dependencies of target interfaces__rosidl_typesupport_c__pyext[0m
[ 96%] [32mBuilding C object CMakeFiles/interfaces__rosidl_typesupport_c__pyext.dir/rosidl_generator_py/interfaces/_interfaces_s.ep.rosidl_typesupport_c.c.o[0m
[100%] [32m[1mLinking C shared library rosidl_generator_py/interfaces/interfaces_s__rosidl_typesupport_c.cpython-310-aarch64-linux-gnu.so[0m
[100%] Built target interfaces__rosidl_typesupport_c__pyext
-- Install configuration: ""
-- Installing: /home/parallels/VisualSim/src/install/interfaces/share/ament_index/resource_index/rosidl_interfaces/interfaces
-- Up-to-date: /home/parallels/VisualSim/src/install/interfaces/include/interfaces/interfaces
-- Up-to-date: /home/parallels/VisualSim/src/install/interfaces/include/interfaces/interfaces/msg
-- Up-to-date: /home/parallels/VisualSim/src/install/interfaces/include/interfaces/interfaces/msg/rosidl_generator_c__visibility_control.h
-- Installing: /home/parallels/VisualSim/src/install/interfaces/include/interfaces/interfaces/action
-- Installing: /home/parallels/VisualSim/src/install/interfaces/include/interfaces/interfaces/action/detail
-- Installing: /home/parallels/VisualSim/src/install/interfaces/include/interfaces/interfaces/action/detail/detection__type_support.h
-- Installing: /home/parallels/VisualSim/src/install/interfaces/include/interfaces/interfaces/action/detail/detection__functions.h
-- Installing: /home/parallels/VisualSim/src/install/interfaces/include/interfaces/interfaces/action/detail/detection__functions.c
-- Installing: /home/parallels/VisualSim/src/install/interfaces/include/interfaces/interfaces/action/detail/detection__struct.h
-- Installing: /home/parallels/VisualSim/src/install/interfaces/include/interfaces/interfaces/action/detection.h
-- Up-to-date: /home/parallels/VisualSim/src/install/interfaces/include/interfaces/interfaces/srv
-- Up-to-date: /home/parallels/VisualSim/src/install/interfaces/include/interfaces/interfaces/srv/detail
-- Up-to-date: /home/parallels/VisualSim/src/install/interfaces/include/interfaces/interfaces/srv/detail/detection__type_support.h
-- Up-to-date: /home/parallels/VisualSim/src/install/interfaces/include/interfaces/interfaces/srv/detail/detection__functions.h
-- Up-to-date: /home/parallels/VisualSim/src/install/interfaces/include/interfaces/interfaces/srv/detail/detection__functions.c
-- Up-to-date: /home/parallels/VisualSim/src/install/interfaces/include/interfaces/interfaces/srv/detail/detection__struct.h
-- Up-to-date: /home/parallels/VisualSim/src/install/interfaces/include/interfaces/interfaces/srv/detection.h
-- Up-to-date: /home/parallels/VisualSim/src/install/interfaces/share/interfaces/environment/library_path.sh
-- Installing: /home/parallels/VisualSim/src/install/interfaces/share/interfaces/environment/library_path.dsv
-- Installing: /home/parallels/VisualSim/src/install/interfaces/lib/libinterfaces__rosidl_generator_c.so
-- Set runtime path of "/home/parallels/VisualSim/src/install/interfaces/lib/libinterfaces__rosidl_generator_c.so" to ""
-- Up-to-date: /home/parallels/VisualSim/src/install/interfaces/include/interfaces/interfaces
-- Up-to-date: /home/parallels/VisualSim/src/install/interfaces/include/interfaces/interfaces/msg
-- Up-to-date: /home/parallels/VisualSim/src/install/interfaces/include/interfaces/interfaces/msg/rosidl_typesupport_fastrtps_c__visibility_control.h
-- Up-to-date: /home/parallels/VisualSim/src/install/interfaces/include/interfaces/interfaces/action
-- Up-to-date: /home/parallels/VisualSim/src/install/interfaces/include/interfaces/interfaces/action/detail
-- Installing: /home/parallels/VisualSim/src/install/interfaces/include/interfaces/interfaces/action/detail/detection__rosidl_typesupport_fastrtps_c.h
-- Up-to-date: /home/parallels/VisualSim/src/install/interfaces/include/interfaces/interfaces/srv
-- Up-to-date: /home/parallels/VisualSim/src/install/interfaces/include/interfaces/interfaces/srv/detail
-- Up-to-date: /home/parallels/VisualSim/src/install/interfaces/include/interfaces/interfaces/srv/detail/detection__rosidl_typesupport_fastrtps_c.h
-- Installing: /home/parallels/VisualSim/src/install/interfaces/lib/libinterfaces__rosidl_typesupport_fastrtps_c.so
-- Set runtime path of "/home/parallels/VisualSim/src/install/interfaces/lib/libinterfaces__rosidl_typesupport_fastrtps_c.so" to ""
-- Up-to-date: /home/parallels/VisualSim/src/install/interfaces/include/interfaces/interfaces
-- Up-to-date: /home/parallels/VisualSim/src/install/interfaces/include/interfaces/interfaces/action
-- Up-to-date: /home/parallels/VisualSim/src/install/interfaces/include/interfaces/interfaces/action/detail
-- Installing: /home/parallels/VisualSim/src/install/interfaces/include/interfaces/interfaces/action/detail/detection__builder.hpp
-- Installing: /home/parallels/VisualSim/src/install/interfaces/include/interfaces/interfaces/action/detail/detection__traits.hpp
-- Installing: /home/parallels/VisualSim/src/install/interfaces/include/interfaces/interfaces/action/detail/detection__struct.hpp
-- Installing: /home/parallels/VisualSim/src/install/interfaces/include/interfaces/interfaces/action/detection.hpp
-- Up-to-date: /home/parallels/VisualSim/src/install/interfaces/include/interfaces/interfaces/srv
-- Up-to-date: /home/parallels/VisualSim/src/install/interfaces/include/interfaces/interfaces/srv/detail
-- Up-to-date: /home/parallels/VisualSim/src/install/interfaces/include/interfaces/interfaces/srv/detail/detection__builder.hpp
-- Up-to-date: /home/parallels/VisualSim/src/install/interfaces/include/interfaces/interfaces/srv/detail/detection__traits.hpp
-- Up-to-date: /home/parallels/VisualSim/src/install/interfaces/include/interfaces/interfaces/srv/detail/detection__struct.hpp
-- Up-to-date: /home/parallels/VisualSim/src/install/interfaces/include/interfaces/interfaces/srv/detection.hpp
-- Up-to-date: /home/parallels/VisualSim/src/install/interfaces/include/interfaces/interfaces
-- Up-to-date: /home/parallels/VisualSim/src/install/interfaces/include/interfaces/interfaces/msg
-- Up-to-date: /home/parallels/VisualSim/src/install/interfaces/include/interfaces/interfaces/msg/rosidl_typesupport_fastrtps_cpp__visibility_control.h
-- Up-to-date: /home/parallels/VisualSim/src/install/interfaces/include/interfaces/interfaces/action
-- Up-to-date: /home/parallels/VisualSim/src/install/interfaces/include/interfaces/interfaces/action/detail
-- Installing: /home/parallels/VisualSim/src/install/interfaces/include/interfaces/interfaces/action/detail/dds_fastrtps
-- Installing: /home/parallels/VisualSim/src/install/interfaces/include/interfaces/interfaces/action/detail/detection__rosidl_typesupport_fastrtps_cpp.hpp
-- Up-to-date: /home/parallels/VisualSim/src/install/interfaces/include/interfaces/interfaces/srv
-- Up-to-date: /home/parallels/VisualSim/src/install/interfaces/include/interfaces/interfaces/srv/detail
-- Up-to-date: /home/parallels/VisualSim/src/install/interfaces/include/interfaces/interfaces/srv/detail/dds_fastrtps
-- Up-to-date: /home/parallels/VisualSim/src/install/interfaces/include/interfaces/interfaces/srv/detail/detection__rosidl_typesupport_fastrtps_cpp.hpp
-- Installing: /home/parallels/VisualSim/src/install/interfaces/lib/libinterfaces__rosidl_typesupport_fastrtps_cpp.so
-- Set runtime path of "/home/parallels/VisualSim/src/install/interfaces/lib/libinterfaces__rosidl_typesupport_fastrtps_cpp.so" to ""
-- Up-to-date: /home/parallels/VisualSim/src/install/interfaces/include/interfaces/interfaces
-- Up-to-date: /home/parallels/VisualSim/src/install/interfaces/include/interfaces/interfaces/msg
-- Up-to-date: /home/parallels/VisualSim/src/install/interfaces/include/interfaces/interfaces/msg/rosidl_typesupport_introspection_c__visibility_control.h
-- Up-to-date: /home/parallels/VisualSim/src/install/interfaces/include/interfaces/interfaces/action
-- Up-to-date: /home/parallels/VisualSim/src/install/interfaces/include/interfaces/interfaces/action/detail
-- Installing: /home/parallels/VisualSim/src/install/interfaces/include/interfaces/interfaces/action/detail/detection__type_support.c
-- Installing: /home/parallels/VisualSim/src/install/interfaces/include/interfaces/interfaces/action/detail/detection__rosidl_typesupport_introspection_c.h
-- Up-to-date: /home/parallels/VisualSim/src/install/interfaces/include/interfaces/interfaces/srv
-- Up-to-date: /home/parallels/VisualSim/src/install/interfaces/include/interfaces/interfaces/srv/detail
-- Up-to-date: /home/parallels/VisualSim/src/install/interfaces/include/interfaces/interfaces/srv/detail/detection__type_support.c
-- Up-to-date: /home/parallels/VisualSim/src/install/interfaces/include/interfaces/interfaces/srv/detail/detection__rosidl_typesupport_introspection_c.h
-- Installing: /home/parallels/VisualSim/src/install/interfaces/lib/libinterfaces__rosidl_typesupport_introspection_c.so
-- Set runtime path of "/home/parallels/VisualSim/src/install/interfaces/lib/libinterfaces__rosidl_typesupport_introspection_c.so" to ""
-- Installing: /home/parallels/VisualSim/src/install/interfaces/lib/libinterfaces__rosidl_typesupport_c.so
-- Set runtime path of "/home/parallels/VisualSim/src/install/interfaces/lib/libinterfaces__rosidl_typesupport_c.so" to ""
-- Up-to-date: /home/parallels/VisualSim/src/install/interfaces/include/interfaces/interfaces
-- Up-to-date: /home/parallels/VisualSim/src/install/interfaces/include/interfaces/interfaces/action
-- Up-to-date: /home/parallels/VisualSim/src/install/interfaces/include/interfaces/interfaces/action/detail
-- Installing: /home/parallels/VisualSim/src/install/interfaces/include/interfaces/interfaces/action/detail/detection__type_support.cpp
-- Installing: /home/parallels/VisualSim/src/install/interfaces/include/interfaces/interfaces/action/detail/detection__rosidl_typesupport_introspection_cpp.hpp
-- Up-to-date: /home/parallels/VisualSim/src/install/interfaces/include/interfaces/interfaces/srv
-- Up-to-date: /home/parallels/VisualSim/src/install/interfaces/include/interfaces/interfaces/srv/detail
-- Up-to-date: /home/parallels/VisualSim/src/install/interfaces/include/interfaces/interfaces/srv/detail/detection__type_support.cpp
-- Up-to-date: /home/parallels/VisualSim/src/install/interfaces/include/interfaces/interfaces/srv/detail/detection__rosidl_typesupport_introspection_cpp.hpp
-- Installing: /home/parallels/VisualSim/src/install/interfaces/lib/libinterfaces__rosidl_typesupport_introspection_cpp.so
-- Set runtime path of "/home/parallels/VisualSim/src/install/interfaces/lib/libinterfaces__rosidl_typesupport_introspection_cpp.so" to ""
-- Installing: /home/parallels/VisualSim/src/install/interfaces/lib/libinterfaces__rosidl_typesupport_cpp.so
-- Set runtime path of "/home/parallels/VisualSim/src/install/interfaces/lib/libinterfaces__rosidl_typesupport_cpp.so" to ""
-- Up-to-date: /home/parallels/VisualSim/src/install/interfaces/share/interfaces/environment/pythonpath.sh
-- Installing: /home/parallels/VisualSim/src/install/interfaces/share/interfaces/environment/pythonpath.dsv
-- Up-to-date: /home/parallels/VisualSim/src/install/interfaces/local/lib/python3.10/dist-packages/interfaces-0.0.0-py3.10.egg-info
-- Installing: /home/parallels/VisualSim/src/install/interfaces/local/lib/python3.10/dist-packages/interfaces-0.0.0-py3.10.egg-info/dependency_links.txt
-- Installing: /home/parallels/VisualSim/src/install/interfaces/local/lib/python3.10/dist-packages/interfaces-0.0.0-py3.10.egg-info/top_level.txt
-- Installing: /home/parallels/VisualSim/src/install/interfaces/local/lib/python3.10/dist-packages/interfaces-0.0.0-py3.10.egg-info/PKG-INFO
-- Installing: /home/parallels/VisualSim/src/install/interfaces/local/lib/python3.10/dist-packages/interfaces-0.0.0-py3.10.egg-info/SOURCES.txt
-- Up-to-date: /home/parallels/VisualSim/src/install/interfaces/local/lib/python3.10/dist-packages/interfaces
-- Installing: /home/parallels/VisualSim/src/install/interfaces/local/lib/python3.10/dist-packages/interfaces/libinterfaces__rosidl_generator_py.so
-- Installing: /home/parallels/VisualSim/src/install/interfaces/local/lib/python3.10/dist-packages/interfaces/interfaces_s__rosidl_typesupport_fastrtps_c.cpython-310-aarch64-linux-gnu.so
-- Installing: /home/parallels/VisualSim/src/install/interfaces/local/lib/python3.10/dist-packages/interfaces/interfaces_s__rosidl_typesupport_c.cpython-310-aarch64-linux-gnu.so
-- Installing: /home/parallels/VisualSim/src/install/interfaces/local/lib/python3.10/dist-packages/interfaces/_interfaces_s.ep.rosidl_typesupport_introspection_c.c
-- Installing: /home/parallels/VisualSim/src/install/interfaces/local/lib/python3.10/dist-packages/interfaces/interfaces_s__rosidl_typesupport_introspection_c.cpython-310-aarch64-linux-gnu.so
-- Installing: /home/parallels/VisualSim/src/install/interfaces/local/lib/python3.10/dist-packages/interfaces/_interfaces_s.ep.rosidl_typesupport_c.c
-- Installing: /home/parallels/VisualSim/src/install/interfaces/local/lib/python3.10/dist-packages/interfaces/action
-- Installing: /home/parallels/VisualSim/src/install/interfaces/local/lib/python3.10/dist-packages/interfaces/action/_detection_s.c
-- Installing: /home/parallels/VisualSim/src/install/interfaces/local/lib/python3.10/dist-packages/interfaces/action/_detection.py
-- Installing: /home/parallels/VisualSim/src/install/interfaces/local/lib/python3.10/dist-packages/interfaces/action/__init__.py
-- Installing: /home/parallels/VisualSim/src/install/interfaces/local/lib/python3.10/dist-packages/interfaces/__init__.py
-- Up-to-date: /home/parallels/VisualSim/src/install/interfaces/local/lib/python3.10/dist-packages/interfaces/srv
-- Up-to-date: /home/parallels/VisualSim/src/install/interfaces/local/lib/python3.10/dist-packages/interfaces/srv/_detection_s.c
-- Up-to-date: /home/parallels/VisualSim/src/install/interfaces/local/lib/python3.10/dist-packages/interfaces/srv/_detection.py
-- Up-to-date: /home/parallels/VisualSim/src/install/interfaces/local/lib/python3.10/dist-packages/interfaces/srv/__init__.py
-- Installing: /home/parallels/VisualSim/src/install/interfaces/local/lib/python3.10/dist-packages/interfaces/_interfaces_s.ep.rosidl_typesupport_fastrtps_c.c
Listing '/home/parallels/VisualSim/src/install/interfaces/local/lib/python3.10/dist-packages/interfaces'...
Compiling '/home/parallels/VisualSim/src/install/interfaces/local/lib/python3.10/dist-packages/interfaces/__init__.py'...
Listing '/home/parallels/VisualSim/src/install/interfaces/local/lib/python3.10/dist-packages/interfaces/action'...
Compiling '/home/parallels/VisualSim/src/install/interfaces/local/lib/python3.10/dist-packages/interfaces/action/__init__.py'...
Compiling '/home/parallels/VisualSim/src/install/interfaces/local/lib/python3.10/dist-packages/interfaces/action/_detection.py'...
Listing '/home/parallels/VisualSim/src/install/interfaces/local/lib/python3.10/dist-packages/interfaces/srv'...
-- Installing: /home/parallels/VisualSim/src/install/interfaces/local/lib/python3.10/dist-packages/interfaces/interfaces_s__rosidl_typesupport_fastrtps_c.cpython-310-aarch64-linux-gnu.so
-- Set runtime path of "/home/parallels/VisualSim/src/install/interfaces/local/lib/python3.10/dist-packages/interfaces/interfaces_s__rosidl_typesupport_fastrtps_c.cpython-310-aarch64-linux-gnu.so" to ""
-- Installing: /home/parallels/VisualSim/src/install/interfaces/local/lib/python3.10/dist-packages/interfaces/interfaces_s__rosidl_typesupport_introspection_c.cpython-310-aarch64-linux-gnu.so
-- Set runtime path of "/home/parallels/VisualSim/src/install/interfaces/local/lib/python3.10/dist-packages/interfaces/interfaces_s__rosidl_typesupport_introspection_c.cpython-310-aarch64-linux-gnu.so" to ""
-- Installing: /home/parallels/VisualSim/src/install/interfaces/local/lib/python3.10/dist-packages/interfaces/interfaces_s__rosidl_typesupport_c.cpython-310-aarch64-linux-gnu.so
-- Set runtime path of "/home/parallels/VisualSim/src/install/interfaces/local/lib/python3.10/dist-packages/interfaces/interfaces_s__rosidl_typesupport_c.cpython-310-aarch64-linux-gnu.so" to ""
-- Installing: /home/parallels/VisualSim/src/install/interfaces/lib/libinterfaces__rosidl_generator_py.so
-- Set runtime path of "/home/parallels/VisualSim/src/install/interfaces/lib/libinterfaces__rosidl_generator_py.so" to ""
-- Installing: /home/parallels/VisualSim/src/install/interfaces/share/interfaces/action/Detection.idl
-- Installing: /home/parallels/VisualSim/src/install/interfaces/share/interfaces/action/Detection.action
-- Up-to-date: /home/parallels/VisualSim/src/install/interfaces/share/ament_index/resource_index/package_run_dependencies/interfaces
-- Up-to-date: /home/parallels/VisualSim/src/install/interfaces/share/ament_index/resource_index/parent_prefix_path/interfaces
-- Up-to-date: /home/parallels/VisualSim/src/install/interfaces/share/interfaces/environment/ament_prefix_path.sh
-- Installing: /home/parallels/VisualSim/src/install/interfaces/share/interfaces/environment/ament_prefix_path.dsv
-- Up-to-date: /home/parallels/VisualSim/src/install/interfaces/share/interfaces/environment/path.sh
-- Installing: /home/parallels/VisualSim/src/install/interfaces/share/interfaces/environment/path.dsv
-- Up-to-date: /home/parallels/VisualSim/src/install/interfaces/share/interfaces/local_setup.bash
-- Up-to-date: /home/parallels/VisualSim/src/install/interfaces/share/interfaces/local_setup.sh
-- Up-to-date: /home/parallels/VisualSim/src/install/interfaces/share/interfaces/local_setup.zsh
-- Installing: /home/parallels/VisualSim/src/install/interfaces/share/interfaces/local_setup.dsv
-- Installing: /home/parallels/VisualSim/src/install/interfaces/share/interfaces/package.dsv
-- Up-to-date: /home/parallels/VisualSim/src/install/interfaces/share/ament_index/resource_index/packages/interfaces
-- Old export file "/home/parallels/VisualSim/src/install/interfaces/share/interfaces/cmake/export_interfaces__rosidl_generator_cExport.cmake" will be replaced.  Removing files [/home/parallels/VisualSim/src/install/interfaces/share/interfaces/cmake/export_interfaces__rosidl_generator_cExport-noconfig.cmake].
-- Installing: /home/parallels/VisualSim/src/install/interfaces/share/interfaces/cmake/export_interfaces__rosidl_generator_cExport.cmake
-- Installing: /home/parallels/VisualSim/src/install/interfaces/share/interfaces/cmake/export_interfaces__rosidl_generator_cExport-noconfig.cmake
-- Old export file "/home/parallels/VisualSim/src/install/interfaces/share/interfaces/cmake/export_interfaces__rosidl_typesupport_fastrtps_cExport.cmake" will be replaced.  Removing files [/home/parallels/VisualSim/src/install/interfaces/share/interfaces/cmake/export_interfaces__rosidl_typesupport_fastrtps_cExport-noconfig.cmake].
-- Installing: /home/parallels/VisualSim/src/install/interfaces/share/interfaces/cmake/export_interfaces__rosidl_typesupport_fastrtps_cExport.cmake
-- Installing: /home/parallels/VisualSim/src/install/interfaces/share/interfaces/cmake/export_interfaces__rosidl_typesupport_fastrtps_cExport-noconfig.cmake
-- Installing: /home/parallels/VisualSim/src/install/interfaces/share/interfaces/cmake/export_interfaces__rosidl_generator_cppExport.cmake
-- Old export file "/home/parallels/VisualSim/src/install/interfaces/share/interfaces/cmake/export_interfaces__rosidl_typesupport_fastrtps_cppExport.cmake" will be replaced.  Removing files [/home/parallels/VisualSim/src/install/interfaces/share/interfaces/cmake/export_interfaces__rosidl_typesupport_fastrtps_cppExport-noconfig.cmake].
-- Installing: /home/parallels/VisualSim/src/install/interfaces/share/interfaces/cmake/export_interfaces__rosidl_typesupport_fastrtps_cppExport.cmake
-- Installing: /home/parallels/VisualSim/src/install/interfaces/share/interfaces/cmake/export_interfaces__rosidl_typesupport_fastrtps_cppExport-noconfig.cmake
-- Old export file "/home/parallels/VisualSim/src/install/interfaces/share/interfaces/cmake/interfaces__rosidl_typesupport_introspection_cExport.cmake" will be replaced.  Removing files [/home/parallels/VisualSim/src/install/interfaces/share/interfaces/cmake/interfaces__rosidl_typesupport_introspection_cExport-noconfig.cmake].
-- Installing: /home/parallels/VisualSim/src/install/interfaces/share/interfaces/cmake/interfaces__rosidl_typesupport_introspection_cExport.cmake
-- Installing: /home/parallels/VisualSim/src/install/interfaces/share/interfaces/cmake/interfaces__rosidl_typesupport_introspection_cExport-noconfig.cmake
-- Old export file "/home/parallels/VisualSim/src/install/interfaces/share/interfaces/cmake/interfaces__rosidl_typesupport_cExport.cmake" will be replaced.  Removing files [/home/parallels/VisualSim/src/install/interfaces/share/interfaces/cmake/interfaces__rosidl_typesupport_cExport-noconfig.cmake].
-- Installing: /home/parallels/VisualSim/src/install/interfaces/share/interfaces/cmake/interfaces__rosidl_typesupport_cExport.cmake
-- Installing: /home/parallels/VisualSim/src/install/interfaces/share/interfaces/cmake/interfaces__rosidl_typesupport_cExport-noconfig.cmake
-- Old export file "/home/parallels/VisualSim/src/install/interfaces/share/interfaces/cmake/interfaces__rosidl_typesupport_introspection_cppExport.cmake" will be replaced.  Removing files [/home/parallels/VisualSim/src/install/interfaces/share/interfaces/cmake/interfaces__rosidl_typesupport_introspection_cppExport-noconfig.cmake].
-- Installing: /home/parallels/VisualSim/src/install/interfaces/share/interfaces/cmake/interfaces__rosidl_typesupport_introspection_cppExport.cmake
-- Installing: /home/parallels/VisualSim/src/install/interfaces/share/interfaces/cmake/interfaces__rosidl_typesupport_introspection_cppExport-noconfig.cmake
-- Old export file "/home/parallels/VisualSim/src/install/interfaces/share/interfaces/cmake/interfaces__rosidl_typesupport_cppExport.cmake" will be replaced.  Removing files [/home/parallels/VisualSim/src/install/interfaces/share/interfaces/cmake/interfaces__rosidl_typesupport_cppExport-noconfig.cmake].
-- Installing: /home/parallels/VisualSim/src/install/interfaces/share/interfaces/cmake/interfaces__rosidl_typesupport_cppExport.cmake
-- Installing: /home/parallels/VisualSim/src/install/interfaces/share/interfaces/cmake/interfaces__rosidl_typesupport_cppExport-noconfig.cmake
-- Old export file "/home/parallels/VisualSim/src/install/interfaces/share/interfaces/cmake/export_interfaces__rosidl_generator_pyExport.cmake" will be replaced.  Removing files [/home/parallels/VisualSim/src/install/interfaces/share/interfaces/cmake/export_interfaces__rosidl_generator_pyExport-noconfig.cmake].
-- Installing: /home/parallels/VisualSim/src/install/interfaces/share/interfaces/cmake/export_interfaces__rosidl_generator_pyExport.cmake
-- Installing: /home/parallels/VisualSim/src/install/interfaces/share/interfaces/cmake/export_interfaces__rosidl_generator_pyExport-noconfig.cmake
-- Installing: /home/parallels/VisualSim/src/install/interfaces/share/interfaces/cmake/rosidl_cmake-extras.cmake
-- Installing: /home/parallels/VisualSim/src/install/interfaces/share/interfaces/cmake/ament_cmake_export_dependencies-extras.cmake
-- Up-to-date: /home/parallels/VisualSim/src/install/interfaces/share/interfaces/cmake/ament_cmake_export_include_directories-extras.cmake
-- Up-to-date: /home/parallels/VisualSim/src/install/interfaces/share/interfaces/cmake/ament_cmake_export_libraries-extras.cmake
-- Up-to-date: /home/parallels/VisualSim/src/install/interfaces/share/interfaces/cmake/ament_cmake_export_targets-extras.cmake
-- Up-to-date: /home/parallels/VisualSim/src/install/interfaces/share/interfaces/cmake/rosidl_cmake_export_typesupport_targets-extras.cmake
-- Up-to-date: /home/parallels/VisualSim/src/install/interfaces/share/interfaces/cmake/rosidl_cmake_export_typesupport_libraries-extras.cmake
-- Up-to-date: /home/parallels/VisualSim/src/install/interfaces/share/interfaces/cmake/interfacesConfig.cmake
-- Up-to-date: /home/parallels/VisualSim/src/install/interfaces/share/interfaces/cmake/interfacesConfig-version.cmake
-- Up-to-date: /home/parallels/VisualSim/src/install/interfaces/share/interfaces/package.xml
