[0.007s] Invoking command in '/home/parallels/VisualSim/src/build/interfaces': CMAKE_PREFIX_PATH=${CMAKE_PREFIX_PATH}:/home/parallels/VisualSim/src/install/navigation:/home/parallels/VisualSim/install/py_srvcli:/home/parallels/VisualSim/install/navigation:/opt/ros/humble /usr/bin/cmake --build /home/parallels/VisualSim/src/build/interfaces -- -j2 -l2
[0.028s] -- Found ament_cmake: 1.3.10 (/opt/ros/humble/share/ament_cmake/cmake)
[0.115s] -- Found geometry_msgs: 4.2.4 (/opt/ros/humble/share/geometry_msgs/cmake)
[0.132s] -- Found rosidl_generator_c: 3.1.5 (/opt/ros/humble/share/rosidl_generator_c/cmake)
[0.134s] -- Found rosidl_adapter: 3.1.5 (/opt/ros/humble/share/rosidl_adapter/cmake)
[0.138s] -- Found rosidl_generator_cpp: 3.1.5 (/opt/ros/humble/share/rosidl_generator_cpp/cmake)
[0.144s] -- Using all available rosidl_typesupport_c: rosidl_typesupport_fastrtps_c;rosidl_typesupport_introspection_c
[0.152s] -- Using all available rosidl_typesupport_cpp: rosidl_typesupport_fastrtps_cpp;rosidl_typesupport_introspection_cpp
[0.178s] -- Found sensor_msgs: 4.2.4 (/opt/ros/humble/share/sensor_msgs/cmake)
[0.189s] -- Found rosidl_default_generators: 1.2.0 (/opt/ros/humble/share/rosidl_default_generators/cmake)
[0.411s] -- Found ament_cmake_ros: 0.10.0 (/opt/ros/humble/share/ament_cmake_ros/cmake)
[0.727s] -- Using all available rosidl_typesupport_c: rosidl_typesupport_fastrtps_c;rosidl_typesupport_introspection_c
[0.846s] -- Using all available rosidl_typesupport_cpp: rosidl_typesupport_fastrtps_cpp;rosidl_typesupport_introspection_cpp
[0.858s] -- Found python_cmake_module: 0.10.0 (/opt/ros/humble/share/python_cmake_module/cmake)
[0.870s] -- Using PYTHON_EXECUTABLE: /usr/bin/python3
[0.871s] -- Using PYTHON_INCLUDE_DIRS: /usr/include/python3.10
[0.871s] -- Using PYTHON_LIBRARIES: /usr/lib/aarch64-linux-gnu/libpython3.10.so
[0.909s] -- Found ament_lint_auto: 0.12.11 (/opt/ros/humble/share/ament_lint_auto/cmake)
[0.914s] -- Added test 'lint_cmake' to check CMake code style
[0.914s] -- Added test 'xmllint' to check XML markup files
[0.916s] -- Configuring done
[0.946s] -- Generating done
[0.948s] -- Build files have been written to: /home/parallels/VisualSim/src/build/interfaces
[0.964s] [  3%] [34m[1mGenerating C code for ROS interfaces[0m
[0.968s] [  6%] [34m[1mGenerating C++ code for ROS interfaces[0m
[1.229s] [  6%] Built target interfaces__cpp
[1.246s] [  6%] Built target ament_cmake_python_copy_interfaces
[1.252s] [  9%] [34m[1mGenerating C++ type support dispatch for ROS interfaces[0m
[1.254s] [ 12%] [32mBuilding C object CMakeFiles/interfaces__rosidl_generator_c.dir/rosidl_generator_c/interfaces/action/detail/detection__functions.c.o[0m
[1.340s] [ 16%] [32m[1mLinking C shared library libinterfaces__rosidl_generator_c.so[0m
[1.362s] [ 16%] Built target interfaces__rosidl_generator_c
[1.367s] [ 19%] [34m[1mGenerating C++ type support for eProsima Fast-RTPS[0m
[1.434s] [ 22%] [32mBuilding CXX object CMakeFiles/interfaces__rosidl_typesupport_cpp.dir/rosidl_typesupport_cpp/interfaces/action/detection__type_support.cpp.o[0m
[1.619s] [ 25%] [32mBuilding CXX object CMakeFiles/interfaces__rosidl_typesupport_fastrtps_cpp.dir/rosidl_typesupport_fastrtps_cpp/interfaces/action/detail/dds_fastrtps/detection__type_support.cpp.o[0m
[1.755s] [ 29%] [32m[1mLinking CXX shared library libinterfaces__rosidl_typesupport_cpp.so[0m
[1.786s] [ 29%] Built target interfaces__rosidl_typesupport_cpp
[1.798s] [ 32%] [34m[1mGenerating C introspection for ROS interfaces[0m
[1.947s] [ 35%] [32m[1mLinking CXX shared library libinterfaces__rosidl_typesupport_fastrtps_cpp.so[0m
[1.986s] [ 35%] Built target interfaces__rosidl_typesupport_fastrtps_cpp
[1.991s] [ 38%] [34m[1mGenerating C type support dispatch for ROS interfaces[0m
[2.027s] [ 41%] [32mBuilding C object CMakeFiles/interfaces__rosidl_typesupport_introspection_c.dir/rosidl_typesupport_introspection_c/interfaces/action/detail/detection__type_support.c.o[0m
[2.065s] [ 45%] [32m[1mLinking C shared library libinterfaces__rosidl_typesupport_introspection_c.so[0m
[2.084s] [ 45%] Built target interfaces__rosidl_typesupport_introspection_c
[2.090s] [ 48%] [34m[1mGenerating C++ introspection for ROS interfaces[0m
[2.152s] [ 51%] [32mBuilding CXX object CMakeFiles/interfaces__rosidl_typesupport_c.dir/rosidl_typesupport_c/interfaces/action/detection__type_support.cpp.o[0m
[2.193s] [ 54%] [32m[1mLinking CXX shared library libinterfaces__rosidl_typesupport_c.so[0m
[2.219s] [ 54%] Built target interfaces__rosidl_typesupport_c
[2.281s] [ 58%] [32mBuilding CXX object CMakeFiles/interfaces__rosidl_typesupport_introspection_cpp.dir/rosidl_typesupport_introspection_cpp/interfaces/action/detail/detection__type_support.cpp.o[0m
[2.360s] running egg_info
[2.360s] writing interfaces.egg-info/PKG-INFO
[2.361s] writing dependency_links to interfaces.egg-info/dependency_links.txt
[2.361s] writing top-level names to interfaces.egg-info/top_level.txt
[2.362s] reading manifest file 'interfaces.egg-info/SOURCES.txt'
[2.362s] writing manifest file 'interfaces.egg-info/SOURCES.txt'
[2.378s] [ 58%] Built target ament_cmake_python_build_interfaces_egg
[2.383s] [ 61%] [34m[1mGenerating C type support for eProsima Fast-RTPS[0m
[2.602s] [ 64%] [32mBuilding CXX object CMakeFiles/interfaces__rosidl_typesupport_fastrtps_c.dir/rosidl_typesupport_fastrtps_c/interfaces/action/detail/detection__type_support_c.cpp.o[0m
[2.629s] [ 67%] [32m[1mLinking CXX shared library libinterfaces__rosidl_typesupport_introspection_cpp.so[0m
[2.679s] [ 67%] Built target interfaces__rosidl_typesupport_introspection_cpp
[2.803s] [ 70%] [32m[1mLinking CXX shared library libinterfaces__rosidl_typesupport_fastrtps_c.so[0m
[2.848s] [ 70%] Built target interfaces__rosidl_typesupport_fastrtps_c
[2.857s] [ 70%] Built target interfaces
[2.866s] [ 74%] [34m[1mGenerating Python code for ROS interfaces[0m
[3.256s] [ 74%] Built target interfaces__py
[3.266s] [ 77%] [32mBuilding C object CMakeFiles/interfaces__rosidl_generator_py.dir/rosidl_generator_py/interfaces/action/_detection_s.c.o[0m
[3.347s] [ 80%] [32m[1mLinking C shared library rosidl_generator_py/interfaces/libinterfaces__rosidl_generator_py.so[0m
[3.371s] [ 80%] Built target interfaces__rosidl_generator_py
[3.377s] [35m[1mConsolidate compiler generated dependencies of target interfaces__rosidl_typesupport_introspection_c__pyext[0m
[3.377s] [35m[1mConsolidate compiler generated dependencies of target interfaces__rosidl_typesupport_fastrtps_c__pyext[0m
[3.383s] [ 83%] [32mBuilding C object CMakeFiles/interfaces__rosidl_typesupport_fastrtps_c__pyext.dir/rosidl_generator_py/interfaces/_interfaces_s.ep.rosidl_typesupport_fastrtps_c.c.o[0m
[3.388s] [ 87%] [32mBuilding C object CMakeFiles/interfaces__rosidl_typesupport_introspection_c__pyext.dir/rosidl_generator_py/interfaces/_interfaces_s.ep.rosidl_typesupport_introspection_c.c.o[0m
[3.457s] [ 90%] [32m[1mLinking C shared library rosidl_generator_py/interfaces/interfaces_s__rosidl_typesupport_introspection_c.cpython-310-aarch64-linux-gnu.so[0m
[3.459s] [ 93%] [32m[1mLinking C shared library rosidl_generator_py/interfaces/interfaces_s__rosidl_typesupport_fastrtps_c.cpython-310-aarch64-linux-gnu.so[0m
[3.483s] [ 93%] Built target interfaces__rosidl_typesupport_fastrtps_c__pyext
[3.483s] [ 93%] Built target interfaces__rosidl_typesupport_introspection_c__pyext
[3.493s] [35m[1mConsolidate compiler generated dependencies of target interfaces__rosidl_typesupport_c__pyext[0m
[3.499s] [ 96%] [32mBuilding C object CMakeFiles/interfaces__rosidl_typesupport_c__pyext.dir/rosidl_generator_py/interfaces/_interfaces_s.ep.rosidl_typesupport_c.c.o[0m
[3.567s] [100%] [32m[1mLinking C shared library rosidl_generator_py/interfaces/interfaces_s__rosidl_typesupport_c.cpython-310-aarch64-linux-gnu.so[0m
[3.592s] [100%] Built target interfaces__rosidl_typesupport_c__pyext
[3.603s] Invoked command in '/home/parallels/VisualSim/src/build/interfaces' returned '0': CMAKE_PREFIX_PATH=${CMAKE_PREFIX_PATH}:/home/parallels/VisualSim/src/install/navigation:/home/parallels/VisualSim/install/py_srvcli:/home/parallels/VisualSim/install/navigation:/opt/ros/humble /usr/bin/cmake --build /home/parallels/VisualSim/src/build/interfaces -- -j2 -l2
[3.649s] Invoking command in '/home/parallels/VisualSim/src/build/interfaces': CMAKE_PREFIX_PATH=${CMAKE_PREFIX_PATH}:/home/parallels/VisualSim/src/install/navigation:/home/parallels/VisualSim/install/py_srvcli:/home/parallels/VisualSim/install/navigation:/opt/ros/humble /usr/bin/cmake --install /home/parallels/VisualSim/src/build/interfaces
[3.660s] -- Install configuration: ""
[3.662s] -- Installing: /home/parallels/VisualSim/src/install/interfaces/share/ament_index/resource_index/rosidl_interfaces/interfaces
[3.662s] -- Up-to-date: /home/parallels/VisualSim/src/install/interfaces/include/interfaces/interfaces
[3.662s] -- Up-to-date: /home/parallels/VisualSim/src/install/interfaces/include/interfaces/interfaces/msg
[3.662s] -- Up-to-date: /home/parallels/VisualSim/src/install/interfaces/include/interfaces/interfaces/msg/rosidl_generator_c__visibility_control.h
[3.662s] -- Installing: /home/parallels/VisualSim/src/install/interfaces/include/interfaces/interfaces/action
[3.662s] -- Installing: /home/parallels/VisualSim/src/install/interfaces/include/interfaces/interfaces/action/detail
[3.662s] -- Installing: /home/parallels/VisualSim/src/install/interfaces/include/interfaces/interfaces/action/detail/detection__type_support.h
[3.662s] -- Installing: /home/parallels/VisualSim/src/install/interfaces/include/interfaces/interfaces/action/detail/detection__functions.h
[3.662s] -- Installing: /home/parallels/VisualSim/src/install/interfaces/include/interfaces/interfaces/action/detail/detection__functions.c
[3.662s] -- Installing: /home/parallels/VisualSim/src/install/interfaces/include/interfaces/interfaces/action/detail/detection__struct.h
[3.662s] -- Installing: /home/parallels/VisualSim/src/install/interfaces/include/interfaces/interfaces/action/detection.h
[3.662s] -- Up-to-date: /home/parallels/VisualSim/src/install/interfaces/include/interfaces/interfaces/srv
[3.662s] -- Up-to-date: /home/parallels/VisualSim/src/install/interfaces/include/interfaces/interfaces/srv/detail
[3.662s] -- Up-to-date: /home/parallels/VisualSim/src/install/interfaces/include/interfaces/interfaces/srv/detail/detection__type_support.h
[3.662s] -- Up-to-date: /home/parallels/VisualSim/src/install/interfaces/include/interfaces/interfaces/srv/detail/detection__functions.h
[3.662s] -- Up-to-date: /home/parallels/VisualSim/src/install/interfaces/include/interfaces/interfaces/srv/detail/detection__functions.c
[3.662s] -- Up-to-date: /home/parallels/VisualSim/src/install/interfaces/include/interfaces/interfaces/srv/detail/detection__struct.h
[3.662s] -- Up-to-date: /home/parallels/VisualSim/src/install/interfaces/include/interfaces/interfaces/srv/detection.h
[3.662s] -- Up-to-date: /home/parallels/VisualSim/src/install/interfaces/share/interfaces/environment/library_path.sh
[3.662s] -- Installing: /home/parallels/VisualSim/src/install/interfaces/share/interfaces/environment/library_path.dsv
[3.662s] -- Installing: /home/parallels/VisualSim/src/install/interfaces/lib/libinterfaces__rosidl_generator_c.so
[3.662s] -- Set runtime path of "/home/parallels/VisualSim/src/install/interfaces/lib/libinterfaces__rosidl_generator_c.so" to ""
[3.662s] -- Up-to-date: /home/parallels/VisualSim/src/install/interfaces/include/interfaces/interfaces
[3.662s] -- Up-to-date: /home/parallels/VisualSim/src/install/interfaces/include/interfaces/interfaces/msg
[3.663s] -- Up-to-date: /home/parallels/VisualSim/src/install/interfaces/include/interfaces/interfaces/msg/rosidl_typesupport_fastrtps_c__visibility_control.h
[3.663s] -- Up-to-date: /home/parallels/VisualSim/src/install/interfaces/include/interfaces/interfaces/action
[3.663s] -- Up-to-date: /home/parallels/VisualSim/src/install/interfaces/include/interfaces/interfaces/action/detail
[3.663s] -- Installing: /home/parallels/VisualSim/src/install/interfaces/include/interfaces/interfaces/action/detail/detection__rosidl_typesupport_fastrtps_c.h
[3.663s] -- Up-to-date: /home/parallels/VisualSim/src/install/interfaces/include/interfaces/interfaces/srv
[3.663s] -- Up-to-date: /home/parallels/VisualSim/src/install/interfaces/include/interfaces/interfaces/srv/detail
[3.663s] -- Up-to-date: /home/parallels/VisualSim/src/install/interfaces/include/interfaces/interfaces/srv/detail/detection__rosidl_typesupport_fastrtps_c.h
[3.663s] -- Installing: /home/parallels/VisualSim/src/install/interfaces/lib/libinterfaces__rosidl_typesupport_fastrtps_c.so
[3.663s] -- Set runtime path of "/home/parallels/VisualSim/src/install/interfaces/lib/libinterfaces__rosidl_typesupport_fastrtps_c.so" to ""
[3.663s] -- Up-to-date: /home/parallels/VisualSim/src/install/interfaces/include/interfaces/interfaces
[3.663s] -- Up-to-date: /home/parallels/VisualSim/src/install/interfaces/include/interfaces/interfaces/action
[3.663s] -- Up-to-date: /home/parallels/VisualSim/src/install/interfaces/include/interfaces/interfaces/action/detail
[3.663s] -- Installing: /home/parallels/VisualSim/src/install/interfaces/include/interfaces/interfaces/action/detail/detection__builder.hpp
[3.663s] -- Installing: /home/parallels/VisualSim/src/install/interfaces/include/interfaces/interfaces/action/detail/detection__traits.hpp
[3.663s] -- Installing: /home/parallels/VisualSim/src/install/interfaces/include/interfaces/interfaces/action/detail/detection__struct.hpp
[3.663s] -- Installing: /home/parallels/VisualSim/src/install/interfaces/include/interfaces/interfaces/action/detection.hpp
[3.663s] -- Up-to-date: /home/parallels/VisualSim/src/install/interfaces/include/interfaces/interfaces/srv
[3.663s] -- Up-to-date: /home/parallels/VisualSim/src/install/interfaces/include/interfaces/interfaces/srv/detail
[3.663s] -- Up-to-date: /home/parallels/VisualSim/src/install/interfaces/include/interfaces/interfaces/srv/detail/detection__builder.hpp
[3.663s] -- Up-to-date: /home/parallels/VisualSim/src/install/interfaces/include/interfaces/interfaces/srv/detail/detection__traits.hpp
[3.663s] -- Up-to-date: /home/parallels/VisualSim/src/install/interfaces/include/interfaces/interfaces/srv/detail/detection__struct.hpp
[3.663s] -- Up-to-date: /home/parallels/VisualSim/src/install/interfaces/include/interfaces/interfaces/srv/detection.hpp
[3.663s] -- Up-to-date: /home/parallels/VisualSim/src/install/interfaces/include/interfaces/interfaces
[3.663s] -- Up-to-date: /home/parallels/VisualSim/src/install/interfaces/include/interfaces/interfaces/msg
[3.663s] -- Up-to-date: /home/parallels/VisualSim/src/install/interfaces/include/interfaces/interfaces/msg/rosidl_typesupport_fastrtps_cpp__visibility_control.h
[3.663s] -- Up-to-date: /home/parallels/VisualSim/src/install/interfaces/include/interfaces/interfaces/action
[3.663s] -- Up-to-date: /home/parallels/VisualSim/src/install/interfaces/include/interfaces/interfaces/action/detail
[3.663s] -- Installing: /home/parallels/VisualSim/src/install/interfaces/include/interfaces/interfaces/action/detail/dds_fastrtps
[3.663s] -- Installing: /home/parallels/VisualSim/src/install/interfaces/include/interfaces/interfaces/action/detail/detection__rosidl_typesupport_fastrtps_cpp.hpp
[3.664s] -- Up-to-date: /home/parallels/VisualSim/src/install/interfaces/include/interfaces/interfaces/srv
[3.664s] -- Up-to-date: /home/parallels/VisualSim/src/install/interfaces/include/interfaces/interfaces/srv/detail
[3.664s] -- Up-to-date: /home/parallels/VisualSim/src/install/interfaces/include/interfaces/interfaces/srv/detail/dds_fastrtps
[3.664s] -- Up-to-date: /home/parallels/VisualSim/src/install/interfaces/include/interfaces/interfaces/srv/detail/detection__rosidl_typesupport_fastrtps_cpp.hpp
[3.664s] -- Installing: /home/parallels/VisualSim/src/install/interfaces/lib/libinterfaces__rosidl_typesupport_fastrtps_cpp.so
[3.664s] -- Set runtime path of "/home/parallels/VisualSim/src/install/interfaces/lib/libinterfaces__rosidl_typesupport_fastrtps_cpp.so" to ""
[3.664s] -- Up-to-date: /home/parallels/VisualSim/src/install/interfaces/include/interfaces/interfaces
[3.664s] -- Up-to-date: /home/parallels/VisualSim/src/install/interfaces/include/interfaces/interfaces/msg
[3.664s] -- Up-to-date: /home/parallels/VisualSim/src/install/interfaces/include/interfaces/interfaces/msg/rosidl_typesupport_introspection_c__visibility_control.h
[3.664s] -- Up-to-date: /home/parallels/VisualSim/src/install/interfaces/include/interfaces/interfaces/action
[3.664s] -- Up-to-date: /home/parallels/VisualSim/src/install/interfaces/include/interfaces/interfaces/action/detail
[3.664s] -- Installing: /home/parallels/VisualSim/src/install/interfaces/include/interfaces/interfaces/action/detail/detection__type_support.c
[3.664s] -- Installing: /home/parallels/VisualSim/src/install/interfaces/include/interfaces/interfaces/action/detail/detection__rosidl_typesupport_introspection_c.h
[3.664s] -- Up-to-date: /home/parallels/VisualSim/src/install/interfaces/include/interfaces/interfaces/srv
[3.664s] -- Up-to-date: /home/parallels/VisualSim/src/install/interfaces/include/interfaces/interfaces/srv/detail
[3.664s] -- Up-to-date: /home/parallels/VisualSim/src/install/interfaces/include/interfaces/interfaces/srv/detail/detection__type_support.c
[3.664s] -- Up-to-date: /home/parallels/VisualSim/src/install/interfaces/include/interfaces/interfaces/srv/detail/detection__rosidl_typesupport_introspection_c.h
[3.664s] -- Installing: /home/parallels/VisualSim/src/install/interfaces/lib/libinterfaces__rosidl_typesupport_introspection_c.so
[3.664s] -- Set runtime path of "/home/parallels/VisualSim/src/install/interfaces/lib/libinterfaces__rosidl_typesupport_introspection_c.so" to ""
[3.664s] -- Installing: /home/parallels/VisualSim/src/install/interfaces/lib/libinterfaces__rosidl_typesupport_c.so
[3.664s] -- Set runtime path of "/home/parallels/VisualSim/src/install/interfaces/lib/libinterfaces__rosidl_typesupport_c.so" to ""
[3.664s] -- Up-to-date: /home/parallels/VisualSim/src/install/interfaces/include/interfaces/interfaces
[3.664s] -- Up-to-date: /home/parallels/VisualSim/src/install/interfaces/include/interfaces/interfaces/action
[3.664s] -- Up-to-date: /home/parallels/VisualSim/src/install/interfaces/include/interfaces/interfaces/action/detail
[3.664s] -- Installing: /home/parallels/VisualSim/src/install/interfaces/include/interfaces/interfaces/action/detail/detection__type_support.cpp
[3.664s] -- Installing: /home/parallels/VisualSim/src/install/interfaces/include/interfaces/interfaces/action/detail/detection__rosidl_typesupport_introspection_cpp.hpp
[3.664s] -- Up-to-date: /home/parallels/VisualSim/src/install/interfaces/include/interfaces/interfaces/srv
[3.664s] -- Up-to-date: /home/parallels/VisualSim/src/install/interfaces/include/interfaces/interfaces/srv/detail
[3.664s] -- Up-to-date: /home/parallels/VisualSim/src/install/interfaces/include/interfaces/interfaces/srv/detail/detection__type_support.cpp
[3.664s] -- Up-to-date: /home/parallels/VisualSim/src/install/interfaces/include/interfaces/interfaces/srv/detail/detection__rosidl_typesupport_introspection_cpp.hpp
[3.664s] -- Installing: /home/parallels/VisualSim/src/install/interfaces/lib/libinterfaces__rosidl_typesupport_introspection_cpp.so
[3.664s] -- Set runtime path of "/home/parallels/VisualSim/src/install/interfaces/lib/libinterfaces__rosidl_typesupport_introspection_cpp.so" to ""
[3.665s] -- Installing: /home/parallels/VisualSim/src/install/interfaces/lib/libinterfaces__rosidl_typesupport_cpp.so
[3.665s] -- Set runtime path of "/home/parallels/VisualSim/src/install/interfaces/lib/libinterfaces__rosidl_typesupport_cpp.so" to ""
[3.665s] -- Up-to-date: /home/parallels/VisualSim/src/install/interfaces/share/interfaces/environment/pythonpath.sh
[3.665s] -- Installing: /home/parallels/VisualSim/src/install/interfaces/share/interfaces/environment/pythonpath.dsv
[3.665s] -- Up-to-date: /home/parallels/VisualSim/src/install/interfaces/local/lib/python3.10/dist-packages/interfaces-0.0.0-py3.10.egg-info
[3.665s] -- Installing: /home/parallels/VisualSim/src/install/interfaces/local/lib/python3.10/dist-packages/interfaces-0.0.0-py3.10.egg-info/dependency_links.txt
[3.665s] -- Installing: /home/parallels/VisualSim/src/install/interfaces/local/lib/python3.10/dist-packages/interfaces-0.0.0-py3.10.egg-info/top_level.txt
[3.665s] -- Installing: /home/parallels/VisualSim/src/install/interfaces/local/lib/python3.10/dist-packages/interfaces-0.0.0-py3.10.egg-info/PKG-INFO
[3.665s] -- Installing: /home/parallels/VisualSim/src/install/interfaces/local/lib/python3.10/dist-packages/interfaces-0.0.0-py3.10.egg-info/SOURCES.txt
[3.665s] -- Up-to-date: /home/parallels/VisualSim/src/install/interfaces/local/lib/python3.10/dist-packages/interfaces
[3.665s] -- Installing: /home/parallels/VisualSim/src/install/interfaces/local/lib/python3.10/dist-packages/interfaces/libinterfaces__rosidl_generator_py.so
[3.665s] -- Installing: /home/parallels/VisualSim/src/install/interfaces/local/lib/python3.10/dist-packages/interfaces/interfaces_s__rosidl_typesupport_fastrtps_c.cpython-310-aarch64-linux-gnu.so
[3.665s] -- Installing: /home/parallels/VisualSim/src/install/interfaces/local/lib/python3.10/dist-packages/interfaces/interfaces_s__rosidl_typesupport_c.cpython-310-aarch64-linux-gnu.so
[3.665s] -- Installing: /home/parallels/VisualSim/src/install/interfaces/local/lib/python3.10/dist-packages/interfaces/_interfaces_s.ep.rosidl_typesupport_introspection_c.c
[3.665s] -- Installing: /home/parallels/VisualSim/src/install/interfaces/local/lib/python3.10/dist-packages/interfaces/interfaces_s__rosidl_typesupport_introspection_c.cpython-310-aarch64-linux-gnu.so
[3.665s] -- Installing: /home/parallels/VisualSim/src/install/interfaces/local/lib/python3.10/dist-packages/interfaces/_interfaces_s.ep.rosidl_typesupport_c.c
[3.665s] -- Installing: /home/parallels/VisualSim/src/install/interfaces/local/lib/python3.10/dist-packages/interfaces/action
[3.665s] -- Installing: /home/parallels/VisualSim/src/install/interfaces/local/lib/python3.10/dist-packages/interfaces/action/_detection_s.c
[3.665s] -- Installing: /home/parallels/VisualSim/src/install/interfaces/local/lib/python3.10/dist-packages/interfaces/action/_detection.py
[3.665s] -- Installing: /home/parallels/VisualSim/src/install/interfaces/local/lib/python3.10/dist-packages/interfaces/action/__init__.py
[3.665s] -- Installing: /home/parallels/VisualSim/src/install/interfaces/local/lib/python3.10/dist-packages/interfaces/__init__.py
[3.665s] -- Up-to-date: /home/parallels/VisualSim/src/install/interfaces/local/lib/python3.10/dist-packages/interfaces/srv
[3.665s] -- Up-to-date: /home/parallels/VisualSim/src/install/interfaces/local/lib/python3.10/dist-packages/interfaces/srv/_detection_s.c
[3.665s] -- Up-to-date: /home/parallels/VisualSim/src/install/interfaces/local/lib/python3.10/dist-packages/interfaces/srv/_detection.py
[3.665s] -- Up-to-date: /home/parallels/VisualSim/src/install/interfaces/local/lib/python3.10/dist-packages/interfaces/srv/__init__.py
[3.665s] -- Installing: /home/parallels/VisualSim/src/install/interfaces/local/lib/python3.10/dist-packages/interfaces/_interfaces_s.ep.rosidl_typesupport_fastrtps_c.c
[3.685s] Listing '/home/parallels/VisualSim/src/install/interfaces/local/lib/python3.10/dist-packages/interfaces'...
[3.685s] Compiling '/home/parallels/VisualSim/src/install/interfaces/local/lib/python3.10/dist-packages/interfaces/__init__.py'...
[3.685s] Listing '/home/parallels/VisualSim/src/install/interfaces/local/lib/python3.10/dist-packages/interfaces/action'...
[3.685s] Compiling '/home/parallels/VisualSim/src/install/interfaces/local/lib/python3.10/dist-packages/interfaces/action/__init__.py'...
[3.685s] Compiling '/home/parallels/VisualSim/src/install/interfaces/local/lib/python3.10/dist-packages/interfaces/action/_detection.py'...
[3.686s] Listing '/home/parallels/VisualSim/src/install/interfaces/local/lib/python3.10/dist-packages/interfaces/srv'...
[3.688s] -- Installing: /home/parallels/VisualSim/src/install/interfaces/local/lib/python3.10/dist-packages/interfaces/interfaces_s__rosidl_typesupport_fastrtps_c.cpython-310-aarch64-linux-gnu.so
[3.689s] -- Set runtime path of "/home/parallels/VisualSim/src/install/interfaces/local/lib/python3.10/dist-packages/interfaces/interfaces_s__rosidl_typesupport_fastrtps_c.cpython-310-aarch64-linux-gnu.so" to ""
[3.689s] -- Installing: /home/parallels/VisualSim/src/install/interfaces/local/lib/python3.10/dist-packages/interfaces/interfaces_s__rosidl_typesupport_introspection_c.cpython-310-aarch64-linux-gnu.so
[3.689s] -- Set runtime path of "/home/parallels/VisualSim/src/install/interfaces/local/lib/python3.10/dist-packages/interfaces/interfaces_s__rosidl_typesupport_introspection_c.cpython-310-aarch64-linux-gnu.so" to ""
[3.689s] -- Installing: /home/parallels/VisualSim/src/install/interfaces/local/lib/python3.10/dist-packages/interfaces/interfaces_s__rosidl_typesupport_c.cpython-310-aarch64-linux-gnu.so
[3.689s] -- Set runtime path of "/home/parallels/VisualSim/src/install/interfaces/local/lib/python3.10/dist-packages/interfaces/interfaces_s__rosidl_typesupport_c.cpython-310-aarch64-linux-gnu.so" to ""
[3.689s] -- Installing: /home/parallels/VisualSim/src/install/interfaces/lib/libinterfaces__rosidl_generator_py.so
[3.690s] -- Set runtime path of "/home/parallels/VisualSim/src/install/interfaces/lib/libinterfaces__rosidl_generator_py.so" to ""
[3.690s] -- Installing: /home/parallels/VisualSim/src/install/interfaces/share/interfaces/action/Detection.idl
[3.690s] -- Installing: /home/parallels/VisualSim/src/install/interfaces/share/interfaces/action/Detection.action
[3.690s] -- Up-to-date: /home/parallels/VisualSim/src/install/interfaces/share/ament_index/resource_index/package_run_dependencies/interfaces
[3.690s] -- Up-to-date: /home/parallels/VisualSim/src/install/interfaces/share/ament_index/resource_index/parent_prefix_path/interfaces
[3.690s] -- Up-to-date: /home/parallels/VisualSim/src/install/interfaces/share/interfaces/environment/ament_prefix_path.sh
[3.690s] -- Installing: /home/parallels/VisualSim/src/install/interfaces/share/interfaces/environment/ament_prefix_path.dsv
[3.690s] -- Up-to-date: /home/parallels/VisualSim/src/install/interfaces/share/interfaces/environment/path.sh
[3.690s] -- Installing: /home/parallels/VisualSim/src/install/interfaces/share/interfaces/environment/path.dsv
[3.690s] -- Up-to-date: /home/parallels/VisualSim/src/install/interfaces/share/interfaces/local_setup.bash
[3.690s] -- Up-to-date: /home/parallels/VisualSim/src/install/interfaces/share/interfaces/local_setup.sh
[3.690s] -- Up-to-date: /home/parallels/VisualSim/src/install/interfaces/share/interfaces/local_setup.zsh
[3.690s] -- Installing: /home/parallels/VisualSim/src/install/interfaces/share/interfaces/local_setup.dsv
[3.691s] -- Installing: /home/parallels/VisualSim/src/install/interfaces/share/interfaces/package.dsv
[3.691s] -- Up-to-date: /home/parallels/VisualSim/src/install/interfaces/share/ament_index/resource_index/packages/interfaces
[3.691s] -- Old export file "/home/parallels/VisualSim/src/install/interfaces/share/interfaces/cmake/export_interfaces__rosidl_generator_cExport.cmake" will be replaced.  Removing files [/home/parallels/VisualSim/src/install/interfaces/share/interfaces/cmake/export_interfaces__rosidl_generator_cExport-noconfig.cmake].
[3.691s] -- Installing: /home/parallels/VisualSim/src/install/interfaces/share/interfaces/cmake/export_interfaces__rosidl_generator_cExport.cmake
[3.691s] -- Installing: /home/parallels/VisualSim/src/install/interfaces/share/interfaces/cmake/export_interfaces__rosidl_generator_cExport-noconfig.cmake
[3.691s] -- Old export file "/home/parallels/VisualSim/src/install/interfaces/share/interfaces/cmake/export_interfaces__rosidl_typesupport_fastrtps_cExport.cmake" will be replaced.  Removing files [/home/parallels/VisualSim/src/install/interfaces/share/interfaces/cmake/export_interfaces__rosidl_typesupport_fastrtps_cExport-noconfig.cmake].
[3.691s] -- Installing: /home/parallels/VisualSim/src/install/interfaces/share/interfaces/cmake/export_interfaces__rosidl_typesupport_fastrtps_cExport.cmake
[3.691s] -- Installing: /home/parallels/VisualSim/src/install/interfaces/share/interfaces/cmake/export_interfaces__rosidl_typesupport_fastrtps_cExport-noconfig.cmake
[3.691s] -- Installing: /home/parallels/VisualSim/src/install/interfaces/share/interfaces/cmake/export_interfaces__rosidl_generator_cppExport.cmake
[3.691s] -- Old export file "/home/parallels/VisualSim/src/install/interfaces/share/interfaces/cmake/export_interfaces__rosidl_typesupport_fastrtps_cppExport.cmake" will be replaced.  Removing files [/home/parallels/VisualSim/src/install/interfaces/share/interfaces/cmake/export_interfaces__rosidl_typesupport_fastrtps_cppExport-noconfig.cmake].
[3.692s] -- Installing: /home/parallels/VisualSim/src/install/interfaces/share/interfaces/cmake/export_interfaces__rosidl_typesupport_fastrtps_cppExport.cmake
[3.692s] -- Installing: /home/parallels/VisualSim/src/install/interfaces/share/interfaces/cmake/export_interfaces__rosidl_typesupport_fastrtps_cppExport-noconfig.cmake
[3.692s] -- Old export file "/home/parallels/VisualSim/src/install/interfaces/share/interfaces/cmake/interfaces__rosidl_typesupport_introspection_cExport.cmake" will be replaced.  Removing files [/home/parallels/VisualSim/src/install/interfaces/share/interfaces/cmake/interfaces__rosidl_typesupport_introspection_cExport-noconfig.cmake].
[3.692s] -- Installing: /home/parallels/VisualSim/src/install/interfaces/share/interfaces/cmake/interfaces__rosidl_typesupport_introspection_cExport.cmake
[3.692s] -- Installing: /home/parallels/VisualSim/src/install/interfaces/share/interfaces/cmake/interfaces__rosidl_typesupport_introspection_cExport-noconfig.cmake
[3.692s] -- Old export file "/home/parallels/VisualSim/src/install/interfaces/share/interfaces/cmake/interfaces__rosidl_typesupport_cExport.cmake" will be replaced.  Removing files [/home/parallels/VisualSim/src/install/interfaces/share/interfaces/cmake/interfaces__rosidl_typesupport_cExport-noconfig.cmake].
[3.692s] -- Installing: /home/parallels/VisualSim/src/install/interfaces/share/interfaces/cmake/interfaces__rosidl_typesupport_cExport.cmake
[3.692s] -- Installing: /home/parallels/VisualSim/src/install/interfaces/share/interfaces/cmake/interfaces__rosidl_typesupport_cExport-noconfig.cmake
[3.692s] -- Old export file "/home/parallels/VisualSim/src/install/interfaces/share/interfaces/cmake/interfaces__rosidl_typesupport_introspection_cppExport.cmake" will be replaced.  Removing files [/home/parallels/VisualSim/src/install/interfaces/share/interfaces/cmake/interfaces__rosidl_typesupport_introspection_cppExport-noconfig.cmake].
[3.692s] -- Installing: /home/parallels/VisualSim/src/install/interfaces/share/interfaces/cmake/interfaces__rosidl_typesupport_introspection_cppExport.cmake
[3.693s] -- Installing: /home/parallels/VisualSim/src/install/interfaces/share/interfaces/cmake/interfaces__rosidl_typesupport_introspection_cppExport-noconfig.cmake
[3.693s] -- Old export file "/home/parallels/VisualSim/src/install/interfaces/share/interfaces/cmake/interfaces__rosidl_typesupport_cppExport.cmake" will be replaced.  Removing files [/home/parallels/VisualSim/src/install/interfaces/share/interfaces/cmake/interfaces__rosidl_typesupport_cppExport-noconfig.cmake].
[3.693s] -- Installing: /home/parallels/VisualSim/src/install/interfaces/share/interfaces/cmake/interfaces__rosidl_typesupport_cppExport.cmake
[3.693s] -- Installing: /home/parallels/VisualSim/src/install/interfaces/share/interfaces/cmake/interfaces__rosidl_typesupport_cppExport-noconfig.cmake
[3.693s] -- Old export file "/home/parallels/VisualSim/src/install/interfaces/share/interfaces/cmake/export_interfaces__rosidl_generator_pyExport.cmake" will be replaced.  Removing files [/home/parallels/VisualSim/src/install/interfaces/share/interfaces/cmake/export_interfaces__rosidl_generator_pyExport-noconfig.cmake].
[3.693s] -- Installing: /home/parallels/VisualSim/src/install/interfaces/share/interfaces/cmake/export_interfaces__rosidl_generator_pyExport.cmake
[3.693s] -- Installing: /home/parallels/VisualSim/src/install/interfaces/share/interfaces/cmake/export_interfaces__rosidl_generator_pyExport-noconfig.cmake
[3.693s] -- Installing: /home/parallels/VisualSim/src/install/interfaces/share/interfaces/cmake/rosidl_cmake-extras.cmake
[3.693s] -- Installing: /home/parallels/VisualSim/src/install/interfaces/share/interfaces/cmake/ament_cmake_export_dependencies-extras.cmake
[3.693s] -- Up-to-date: /home/parallels/VisualSim/src/install/interfaces/share/interfaces/cmake/ament_cmake_export_include_directories-extras.cmake
[3.693s] -- Up-to-date: /home/parallels/VisualSim/src/install/interfaces/share/interfaces/cmake/ament_cmake_export_libraries-extras.cmake
[3.694s] -- Up-to-date: /home/parallels/VisualSim/src/install/interfaces/share/interfaces/cmake/ament_cmake_export_targets-extras.cmake
[3.694s] -- Up-to-date: /home/parallels/VisualSim/src/install/interfaces/share/interfaces/cmake/rosidl_cmake_export_typesupport_targets-extras.cmake
[3.694s] -- Up-to-date: /home/parallels/VisualSim/src/install/interfaces/share/interfaces/cmake/rosidl_cmake_export_typesupport_libraries-extras.cmake
[3.694s] -- Up-to-date: /home/parallels/VisualSim/src/install/interfaces/share/interfaces/cmake/interfacesConfig.cmake
[3.694s] -- Up-to-date: /home/parallels/VisualSim/src/install/interfaces/share/interfaces/cmake/interfacesConfig-version.cmake
[3.694s] -- Up-to-date: /home/parallels/VisualSim/src/install/interfaces/share/interfaces/package.xml
[3.695s] Invoked command in '/home/parallels/VisualSim/src/build/interfaces' returned '0': CMAKE_PREFIX_PATH=${CMAKE_PREFIX_PATH}:/home/parallels/VisualSim/src/install/navigation:/home/parallels/VisualSim/install/py_srvcli:/home/parallels/VisualSim/install/navigation:/opt/ros/humble /usr/bin/cmake --install /home/parallels/VisualSim/src/build/interfaces
