-- The C compiler identification is GNU 11.4.0
-- The CXX compiler identification is GNU 11.4.0
-- Detecting C compiler ABI info
-- Detecting C compiler ABI info - done
-- Check for working C compiler: /usr/bin/cc - skipped
-- Detecting C compile features
-- Detecting C compile features - done
-- Detecting CXX compiler ABI info
-- Detecting CXX compiler ABI info - done
-- Check for working CXX compiler: /usr/bin/c++ - skipped
-- Detecting CXX compile features
-- Detecting CXX compile features - done
-- Found ament_cmake: 1.3.10 (/opt/ros/humble/share/ament_cmake/cmake)
-- Found Python3: /usr/bin/python3 (found version "3.10.12") found components: Interpreter 
-- Found geometry_msgs: 4.2.4 (/opt/ros/humble/share/geometry_msgs/cmake)
-- Found rosidl_generator_c: 3.1.5 (/opt/ros/humble/share/rosidl_generator_c/cmake)
-- Found rosidl_adapter: 3.1.5 (/opt/ros/humble/share/rosidl_adapter/cmake)
-- Found rosidl_generator_cpp: 3.1.5 (/opt/ros/humble/share/rosidl_generator_cpp/cmake)
-- Using all available rosidl_typesupport_c: rosidl_typesupport_fastrtps_c;rosidl_typesupport_introspection_c
-- Using all available rosidl_typesupport_cpp: rosidl_typesupport_fastrtps_cpp;rosidl_typesupport_introspection_cpp
-- Found sensor_msgs: 4.2.4 (/opt/ros/humble/share/sensor_msgs/cmake)
-- Found ament_lint_auto: 0.12.11 (/opt/ros/humble/share/ament_lint_auto/cmake)
-- Found ament_cmake_ros: 0.10.0 (/opt/ros/humble/share/ament_cmake_ros/cmake)
-- Using all available rosidl_typesupport_c: rosidl_typesupport_fastrtps_c;rosidl_typesupport_introspection_c
-- Using all available rosidl_typesupport_cpp: rosidl_typesupport_fastrtps_cpp;rosidl_typesupport_introspection_cpp
-- Added test 'lint_cmake' to check CMake code style
-- Added test 'xmllint' to check XML markup files
-- Configuring done
-- Generating done
-- Build files have been written to: /home/parallels/VisualSim/src/build/interfaces
[  4%] [34m[1mGenerating C code for ROS interfaces[0m
[  9%] [34m[1mGenerating C++ code for ROS interfaces[0m
[  9%] Built target interfaces__cpp
[ 13%] [34m[1mGenerating C++ type support dispatch for ROS interfaces[0m
[ 18%] [32mBuilding C object CMakeFiles/interfaces__rosidl_generator_c.dir/rosidl_generator_c/interfaces/srv/detail/detection__functions.c.o[0m
[ 22%] [32m[1mLinking C shared library libinterfaces__rosidl_generator_c.so[0m
[ 22%] Built target interfaces__rosidl_generator_c
[ 27%] [34m[1mGenerating C++ type support for eProsima Fast-RTPS[0m
[ 31%] [32mBuilding CXX object CMakeFiles/interfaces__rosidl_typesupport_cpp.dir/rosidl_typesupport_cpp/interfaces/srv/detection__type_support.cpp.o[0m
[ 36%] [32mBuilding CXX object CMakeFiles/interfaces__rosidl_typesupport_fastrtps_cpp.dir/rosidl_typesupport_fastrtps_cpp/interfaces/srv/detail/dds_fastrtps/detection__type_support.cpp.o[0m
[ 40%] [32m[1mLinking CXX shared library libinterfaces__rosidl_typesupport_cpp.so[0m
[ 40%] Built target interfaces__rosidl_typesupport_cpp
[ 45%] [34m[1mGenerating C introspection for ROS interfaces[0m
[ 50%] [32m[1mLinking CXX shared library libinterfaces__rosidl_typesupport_fastrtps_cpp.so[0m
[ 54%] [32mBuilding C object CMakeFiles/interfaces__rosidl_typesupport_introspection_c.dir/rosidl_typesupport_introspection_c/interfaces/srv/detail/detection__type_support.c.o[0m
[ 59%] [32m[1mLinking C shared library libinterfaces__rosidl_typesupport_introspection_c.so[0m
[ 59%] Built target interfaces__rosidl_typesupport_fastrtps_cpp
[ 63%] [34m[1mGenerating C type support dispatch for ROS interfaces[0m
[ 63%] Built target interfaces__rosidl_typesupport_introspection_c
[ 68%] [34m[1mGenerating C++ introspection for ROS interfaces[0m
[ 72%] [32mBuilding CXX object CMakeFiles/interfaces__rosidl_typesupport_c.dir/rosidl_typesupport_c/interfaces/srv/detection__type_support.cpp.o[0m
[ 77%] [32mBuilding CXX object CMakeFiles/interfaces__rosidl_typesupport_introspection_cpp.dir/rosidl_typesupport_introspection_cpp/interfaces/srv/detail/detection__type_support.cpp.o[0m
[ 81%] [32m[1mLinking CXX shared library libinterfaces__rosidl_typesupport_c.so[0m
[ 81%] Built target interfaces__rosidl_typesupport_c
[ 86%] [34m[1mGenerating C type support for eProsima Fast-RTPS[0m
[ 90%] [32mBuilding CXX object CMakeFiles/interfaces__rosidl_typesupport_fastrtps_c.dir/rosidl_typesupport_fastrtps_c/interfaces/srv/detail/detection__type_support_c.cpp.o[0m
[ 95%] [32m[1mLinking CXX shared library libinterfaces__rosidl_typesupport_introspection_cpp.so[0m
[ 95%] Built target interfaces__rosidl_typesupport_introspection_cpp
[100%] [32m[1mLinking CXX shared library libinterfaces__rosidl_typesupport_fastrtps_c.so[0m
[100%] Built target interfaces__rosidl_typesupport_fastrtps_c
[100%] Built target interfaces
-- Install configuration: ""
-- Installing: /home/parallels/VisualSim/src/install/interfaces/share/ament_index/resource_index/rosidl_interfaces/interfaces
-- Installing: /home/parallels/VisualSim/src/install/interfaces/include/interfaces/interfaces
-- Installing: /home/parallels/VisualSim/src/install/interfaces/include/interfaces/interfaces/msg
-- Installing: /home/parallels/VisualSim/src/install/interfaces/include/interfaces/interfaces/msg/rosidl_generator_c__visibility_control.h
-- Installing: /home/parallels/VisualSim/src/install/interfaces/include/interfaces/interfaces/srv
-- Installing: /home/parallels/VisualSim/src/install/interfaces/include/interfaces/interfaces/srv/detail
-- Installing: /home/parallels/VisualSim/src/install/interfaces/include/interfaces/interfaces/srv/detail/detection__type_support.h
-- Installing: /home/parallels/VisualSim/src/install/interfaces/include/interfaces/interfaces/srv/detail/detection__functions.h
-- Installing: /home/parallels/VisualSim/src/install/interfaces/include/interfaces/interfaces/srv/detail/detection__functions.c
-- Installing: /home/parallels/VisualSim/src/install/interfaces/include/interfaces/interfaces/srv/detail/detection__struct.h
-- Installing: /home/parallels/VisualSim/src/install/interfaces/include/interfaces/interfaces/srv/detection.h
-- Installing: /home/parallels/VisualSim/src/install/interfaces/share/interfaces/environment/library_path.sh
-- Installing: /home/parallels/VisualSim/src/install/interfaces/share/interfaces/environment/library_path.dsv
-- Installing: /home/parallels/VisualSim/src/install/interfaces/lib/libinterfaces__rosidl_generator_c.so
-- Set runtime path of "/home/parallels/VisualSim/src/install/interfaces/lib/libinterfaces__rosidl_generator_c.so" to ""
-- Up-to-date: /home/parallels/VisualSim/src/install/interfaces/include/interfaces/interfaces
-- Up-to-date: /home/parallels/VisualSim/src/install/interfaces/include/interfaces/interfaces/msg
-- Installing: /home/parallels/VisualSim/src/install/interfaces/include/interfaces/interfaces/msg/rosidl_typesupport_fastrtps_c__visibility_control.h
-- Up-to-date: /home/parallels/VisualSim/src/install/interfaces/include/interfaces/interfaces/srv
-- Up-to-date: /home/parallels/VisualSim/src/install/interfaces/include/interfaces/interfaces/srv/detail
-- Installing: /home/parallels/VisualSim/src/install/interfaces/include/interfaces/interfaces/srv/detail/detection__rosidl_typesupport_fastrtps_c.h
-- Installing: /home/parallels/VisualSim/src/install/interfaces/lib/libinterfaces__rosidl_typesupport_fastrtps_c.so
-- Set runtime path of "/home/parallels/VisualSim/src/install/interfaces/lib/libinterfaces__rosidl_typesupport_fastrtps_c.so" to ""
-- Up-to-date: /home/parallels/VisualSim/src/install/interfaces/include/interfaces/interfaces
-- Up-to-date: /home/parallels/VisualSim/src/install/interfaces/include/interfaces/interfaces/srv
-- Up-to-date: /home/parallels/VisualSim/src/install/interfaces/include/interfaces/interfaces/srv/detail
-- Installing: /home/parallels/VisualSim/src/install/interfaces/include/interfaces/interfaces/srv/detail/detection__builder.hpp
-- Installing: /home/parallels/VisualSim/src/install/interfaces/include/interfaces/interfaces/srv/detail/detection__traits.hpp
-- Installing: /home/parallels/VisualSim/src/install/interfaces/include/interfaces/interfaces/srv/detail/detection__struct.hpp
-- Installing: /home/parallels/VisualSim/src/install/interfaces/include/interfaces/interfaces/srv/detection.hpp
-- Up-to-date: /home/parallels/VisualSim/src/install/interfaces/include/interfaces/interfaces
-- Up-to-date: /home/parallels/VisualSim/src/install/interfaces/include/interfaces/interfaces/msg
-- Installing: /home/parallels/VisualSim/src/install/interfaces/include/interfaces/interfaces/msg/rosidl_typesupport_fastrtps_cpp__visibility_control.h
-- Up-to-date: /home/parallels/VisualSim/src/install/interfaces/include/interfaces/interfaces/srv
-- Up-to-date: /home/parallels/VisualSim/src/install/interfaces/include/interfaces/interfaces/srv/detail
-- Installing: /home/parallels/VisualSim/src/install/interfaces/include/interfaces/interfaces/srv/detail/dds_fastrtps
-- Installing: /home/parallels/VisualSim/src/install/interfaces/include/interfaces/interfaces/srv/detail/detection__rosidl_typesupport_fastrtps_cpp.hpp
-- Installing: /home/parallels/VisualSim/src/install/interfaces/lib/libinterfaces__rosidl_typesupport_fastrtps_cpp.so
-- Set runtime path of "/home/parallels/VisualSim/src/install/interfaces/lib/libinterfaces__rosidl_typesupport_fastrtps_cpp.so" to ""
-- Up-to-date: /home/parallels/VisualSim/src/install/interfaces/include/interfaces/interfaces
-- Up-to-date: /home/parallels/VisualSim/src/install/interfaces/include/interfaces/interfaces/msg
-- Installing: /home/parallels/VisualSim/src/install/interfaces/include/interfaces/interfaces/msg/rosidl_typesupport_introspection_c__visibility_control.h
-- Up-to-date: /home/parallels/VisualSim/src/install/interfaces/include/interfaces/interfaces/srv
-- Up-to-date: /home/parallels/VisualSim/src/install/interfaces/include/interfaces/interfaces/srv/detail
-- Installing: /home/parallels/VisualSim/src/install/interfaces/include/interfaces/interfaces/srv/detail/detection__type_support.c
-- Installing: /home/parallels/VisualSim/src/install/interfaces/include/interfaces/interfaces/srv/detail/detection__rosidl_typesupport_introspection_c.h
-- Installing: /home/parallels/VisualSim/src/install/interfaces/lib/libinterfaces__rosidl_typesupport_introspection_c.so
-- Set runtime path of "/home/parallels/VisualSim/src/install/interfaces/lib/libinterfaces__rosidl_typesupport_introspection_c.so" to ""
-- Installing: /home/parallels/VisualSim/src/install/interfaces/lib/libinterfaces__rosidl_typesupport_c.so
-- Set runtime path of "/home/parallels/VisualSim/src/install/interfaces/lib/libinterfaces__rosidl_typesupport_c.so" to ""
-- Up-to-date: /home/parallels/VisualSim/src/install/interfaces/include/interfaces/interfaces
-- Up-to-date: /home/parallels/VisualSim/src/install/interfaces/include/interfaces/interfaces/srv
-- Up-to-date: /home/parallels/VisualSim/src/install/interfaces/include/interfaces/interfaces/srv/detail
-- Installing: /home/parallels/VisualSim/src/install/interfaces/include/interfaces/interfaces/srv/detail/detection__type_support.cpp
-- Installing: /home/parallels/VisualSim/src/install/interfaces/include/interfaces/interfaces/srv/detail/detection__rosidl_typesupport_introspection_cpp.hpp
-- Installing: /home/parallels/VisualSim/src/install/interfaces/lib/libinterfaces__rosidl_typesupport_introspection_cpp.so
-- Set runtime path of "/home/parallels/VisualSim/src/install/interfaces/lib/libinterfaces__rosidl_typesupport_introspection_cpp.so" to ""
-- Installing: /home/parallels/VisualSim/src/install/interfaces/lib/libinterfaces__rosidl_typesupport_cpp.so
-- Set runtime path of "/home/parallels/VisualSim/src/install/interfaces/lib/libinterfaces__rosidl_typesupport_cpp.so" to ""
-- Installing: /home/parallels/VisualSim/src/install/interfaces/share/interfaces/srv/Detection.idl
-- Installing: /home/parallels/VisualSim/src/install/interfaces/share/interfaces/srv/Detection.srv
-- Installing: /home/parallels/VisualSim/src/install/interfaces/share/interfaces/srv/Detection_Request.msg
-- Installing: /home/parallels/VisualSim/src/install/interfaces/share/interfaces/srv/Detection_Response.msg
-- Installing: /home/parallels/VisualSim/src/install/interfaces/share/ament_index/resource_index/package_run_dependencies/interfaces
-- Installing: /home/parallels/VisualSim/src/install/interfaces/share/ament_index/resource_index/parent_prefix_path/interfaces
-- Installing: /home/parallels/VisualSim/src/install/interfaces/share/interfaces/environment/ament_prefix_path.sh
-- Installing: /home/parallels/VisualSim/src/install/interfaces/share/interfaces/environment/ament_prefix_path.dsv
-- Installing: /home/parallels/VisualSim/src/install/interfaces/share/interfaces/environment/path.sh
-- Installing: /home/parallels/VisualSim/src/install/interfaces/share/interfaces/environment/path.dsv
-- Installing: /home/parallels/VisualSim/src/install/interfaces/share/interfaces/local_setup.bash
-- Installing: /home/parallels/VisualSim/src/install/interfaces/share/interfaces/local_setup.sh
-- Installing: /home/parallels/VisualSim/src/install/interfaces/share/interfaces/local_setup.zsh
-- Installing: /home/parallels/VisualSim/src/install/interfaces/share/interfaces/local_setup.dsv
-- Installing: /home/parallels/VisualSim/src/install/interfaces/share/interfaces/package.dsv
-- Installing: /home/parallels/VisualSim/src/install/interfaces/share/ament_index/resource_index/packages/interfaces
-- Installing: /home/parallels/VisualSim/src/install/interfaces/share/interfaces/cmake/export_interfaces__rosidl_generator_cExport.cmake
-- Installing: /home/parallels/VisualSim/src/install/interfaces/share/interfaces/cmake/export_interfaces__rosidl_generator_cExport-noconfig.cmake
-- Installing: /home/parallels/VisualSim/src/install/interfaces/share/interfaces/cmake/export_interfaces__rosidl_typesupport_fastrtps_cExport.cmake
-- Installing: /home/parallels/VisualSim/src/install/interfaces/share/interfaces/cmake/export_interfaces__rosidl_typesupport_fastrtps_cExport-noconfig.cmake
-- Installing: /home/parallels/VisualSim/src/install/interfaces/share/interfaces/cmake/export_interfaces__rosidl_generator_cppExport.cmake
-- Installing: /home/parallels/VisualSim/src/install/interfaces/share/interfaces/cmake/export_interfaces__rosidl_typesupport_fastrtps_cppExport.cmake
-- Installing: /home/parallels/VisualSim/src/install/interfaces/share/interfaces/cmake/export_interfaces__rosidl_typesupport_fastrtps_cppExport-noconfig.cmake
-- Installing: /home/parallels/VisualSim/src/install/interfaces/share/interfaces/cmake/interfaces__rosidl_typesupport_introspection_cExport.cmake
-- Installing: /home/parallels/VisualSim/src/install/interfaces/share/interfaces/cmake/interfaces__rosidl_typesupport_introspection_cExport-noconfig.cmake
-- Installing: /home/parallels/VisualSim/src/install/interfaces/share/interfaces/cmake/interfaces__rosidl_typesupport_cExport.cmake
-- Installing: /home/parallels/VisualSim/src/install/interfaces/share/interfaces/cmake/interfaces__rosidl_typesupport_cExport-noconfig.cmake
-- Installing: /home/parallels/VisualSim/src/install/interfaces/share/interfaces/cmake/interfaces__rosidl_typesupport_introspection_cppExport.cmake
-- Installing: /home/parallels/VisualSim/src/install/interfaces/share/interfaces/cmake/interfaces__rosidl_typesupport_introspection_cppExport-noconfig.cmake
-- Installing: /home/parallels/VisualSim/src/install/interfaces/share/interfaces/cmake/interfaces__rosidl_typesupport_cppExport.cmake
-- Installing: /home/parallels/VisualSim/src/install/interfaces/share/interfaces/cmake/interfaces__rosidl_typesupport_cppExport-noconfig.cmake
-- Installing: /home/parallels/VisualSim/src/install/interfaces/share/interfaces/cmake/rosidl_cmake-extras.cmake
-- Installing: /home/parallels/VisualSim/src/install/interfaces/share/interfaces/cmake/ament_cmake_export_dependencies-extras.cmake
-- Installing: /home/parallels/VisualSim/src/install/interfaces/share/interfaces/cmake/ament_cmake_export_include_directories-extras.cmake
-- Installing: /home/parallels/VisualSim/src/install/interfaces/share/interfaces/cmake/ament_cmake_export_libraries-extras.cmake
-- Installing: /home/parallels/VisualSim/src/install/interfaces/share/interfaces/cmake/ament_cmake_export_targets-extras.cmake
-- Installing: /home/parallels/VisualSim/src/install/interfaces/share/interfaces/cmake/rosidl_cmake_export_typesupport_targets-extras.cmake
-- Installing: /home/parallels/VisualSim/src/install/interfaces/share/interfaces/cmake/rosidl_cmake_export_typesupport_libraries-extras.cmake
-- Installing: /home/parallels/VisualSim/src/install/interfaces/share/interfaces/cmake/interfacesConfig.cmake
-- Installing: /home/parallels/VisualSim/src/install/interfaces/share/interfaces/cmake/interfacesConfig-version.cmake
-- Installing: /home/parallels/VisualSim/src/install/interfaces/share/interfaces/package.xml
