[0.006s] Invoking command in '/home/parallels/VisualSim/src/build/interfaces': CMAKE_PREFIX_PATH=${CMAKE_PREFIX_PATH}:/home/parallels/VisualSim/install/py_srvcli:/home/parallels/VisualSim/install/navigation:/opt/ros/humble /usr/bin/cmake /home/parallels/VisualSim/src/interfaces -DCMAKE_INSTALL_PREFIX=/home/parallels/VisualSim/src/install/interfaces
[0.055s] -- The C compiler identification is GNU 11.4.0
[0.093s] -- The CXX compiler identification is GNU 11.4.0
[0.099s] -- Detecting C compiler ABI info
[0.151s] -- Detecting C compiler ABI info - done
[0.154s] -- Check for working C compiler: /usr/bin/cc - skipped
[0.155s] -- Detecting C compile features
[0.155s] -- Detecting C compile features - done
[0.157s] -- Detecting CXX compiler ABI info
[0.211s] -- Detecting CXX compiler ABI info - done
[0.216s] -- Check for working CXX compiler: /usr/bin/c++ - skipped
[0.216s] -- Detecting CXX compile features
[0.217s] -- Detecting CXX compile features - done
[0.219s] -- Found ament_cmake: 1.3.10 (/opt/ros/humble/share/ament_cmake/cmake)
[0.299s] -- Found Python3: /usr/bin/python3 (found version "3.10.12") found components: Interpreter 
[0.351s] -- Found geometry_msgs: 4.2.4 (/opt/ros/humble/share/geometry_msgs/cmake)
[0.376s] -- Found rosidl_generator_c: 3.1.5 (/opt/ros/humble/share/rosidl_generator_c/cmake)
[0.380s] -- Found rosidl_adapter: 3.1.5 (/opt/ros/humble/share/rosidl_adapter/cmake)
[0.385s] -- Found rosidl_generator_cpp: 3.1.5 (/opt/ros/humble/share/rosidl_generator_cpp/cmake)
[0.393s] -- Using all available rosidl_typesupport_c: rosidl_typesupport_fastrtps_c;rosidl_typesupport_introspection_c
[0.403s] -- Using all available rosidl_typesupport_cpp: rosidl_typesupport_fastrtps_cpp;rosidl_typesupport_introspection_cpp
[0.432s] -- Found sensor_msgs: 4.2.4 (/opt/ros/humble/share/sensor_msgs/cmake)
[0.446s] -- Found ament_lint_auto: 0.12.11 (/opt/ros/humble/share/ament_lint_auto/cmake)
[0.644s] -- Found ament_cmake_ros: 0.10.0 (/opt/ros/humble/share/ament_cmake_ros/cmake)
[0.932s] -- Using all available rosidl_typesupport_c: rosidl_typesupport_fastrtps_c;rosidl_typesupport_introspection_c
[1.054s] -- Using all available rosidl_typesupport_cpp: rosidl_typesupport_fastrtps_cpp;rosidl_typesupport_introspection_cpp
[1.057s] -- Added test 'lint_cmake' to check CMake code style
[1.058s] -- Added test 'xmllint' to check XML markup files
[1.062s] -- Configuring done
[1.078s] -- Generating done
[1.079s] -- Build files have been written to: /home/parallels/VisualSim/src/build/interfaces
[1.084s] Invoked command in '/home/parallels/VisualSim/src/build/interfaces' returned '0': CMAKE_PREFIX_PATH=${CMAKE_PREFIX_PATH}:/home/parallels/VisualSim/install/py_srvcli:/home/parallels/VisualSim/install/navigation:/opt/ros/humble /usr/bin/cmake /home/parallels/VisualSim/src/interfaces -DCMAKE_INSTALL_PREFIX=/home/parallels/VisualSim/src/install/interfaces
[1.085s] Invoking command in '/home/parallels/VisualSim/src/build/interfaces': CMAKE_PREFIX_PATH=${CMAKE_PREFIX_PATH}:/home/parallels/VisualSim/install/py_srvcli:/home/parallels/VisualSim/install/navigation:/opt/ros/humble /usr/bin/cmake --build /home/parallels/VisualSim/src/build/interfaces -- -j2 -l2
[1.103s] [  4%] [34m[1mGenerating C code for ROS interfaces[0m
[1.108s] [  9%] [34m[1mGenerating C++ code for ROS interfaces[0m
[1.277s] [  9%] Built target interfaces__cpp
[1.282s] [ 13%] [34m[1mGenerating C++ type support dispatch for ROS interfaces[0m
[1.304s] [ 18%] [32mBuilding C object CMakeFiles/interfaces__rosidl_generator_c.dir/rosidl_generator_c/interfaces/srv/detail/detection__functions.c.o[0m
[1.346s] [ 22%] [32m[1mLinking C shared library libinterfaces__rosidl_generator_c.so[0m
[1.367s] [ 22%] Built target interfaces__rosidl_generator_c
[1.372s] [ 27%] [34m[1mGenerating C++ type support for eProsima Fast-RTPS[0m
[1.420s] [ 31%] [32mBuilding CXX object CMakeFiles/interfaces__rosidl_typesupport_cpp.dir/rosidl_typesupport_cpp/interfaces/srv/detection__type_support.cpp.o[0m
[1.537s] [ 36%] [32mBuilding CXX object CMakeFiles/interfaces__rosidl_typesupport_fastrtps_cpp.dir/rosidl_typesupport_fastrtps_cpp/interfaces/srv/detail/dds_fastrtps/detection__type_support.cpp.o[0m
[1.607s] [ 40%] [32m[1mLinking CXX shared library libinterfaces__rosidl_typesupport_cpp.so[0m
[1.630s] [ 40%] Built target interfaces__rosidl_typesupport_cpp
[1.635s] [ 45%] [34m[1mGenerating C introspection for ROS interfaces[0m
[1.779s] [ 50%] [32m[1mLinking CXX shared library libinterfaces__rosidl_typesupport_fastrtps_cpp.so[0m
[1.787s] [ 54%] [32mBuilding C object CMakeFiles/interfaces__rosidl_typesupport_introspection_c.dir/rosidl_typesupport_introspection_c/interfaces/srv/detail/detection__type_support.c.o[0m
[1.813s] [ 59%] [32m[1mLinking C shared library libinterfaces__rosidl_typesupport_introspection_c.so[0m
[1.822s] [ 59%] Built target interfaces__rosidl_typesupport_fastrtps_cpp
[1.830s] [ 63%] [34m[1mGenerating C type support dispatch for ROS interfaces[0m
[1.830s] [ 63%] Built target interfaces__rosidl_typesupport_introspection_c
[1.838s] [ 68%] [34m[1mGenerating C++ introspection for ROS interfaces[0m
[1.967s] [ 72%] [32mBuilding CXX object CMakeFiles/interfaces__rosidl_typesupport_c.dir/rosidl_typesupport_c/interfaces/srv/detection__type_support.cpp.o[0m
[1.978s] [ 77%] [32mBuilding CXX object CMakeFiles/interfaces__rosidl_typesupport_introspection_cpp.dir/rosidl_typesupport_introspection_cpp/interfaces/srv/detail/detection__type_support.cpp.o[0m
[1.985s] [ 81%] [32m[1mLinking CXX shared library libinterfaces__rosidl_typesupport_c.so[0m
[2.005s] [ 81%] Built target interfaces__rosidl_typesupport_c
[2.019s] [ 86%] [34m[1mGenerating C type support for eProsima Fast-RTPS[0m
[2.179s] [ 90%] [32mBuilding CXX object CMakeFiles/interfaces__rosidl_typesupport_fastrtps_c.dir/rosidl_typesupport_fastrtps_c/interfaces/srv/detail/detection__type_support_c.cpp.o[0m
[2.194s] [ 95%] [32m[1mLinking CXX shared library libinterfaces__rosidl_typesupport_introspection_cpp.so[0m
[2.235s] [ 95%] Built target interfaces__rosidl_typesupport_introspection_cpp
[2.359s] [100%] [32m[1mLinking CXX shared library libinterfaces__rosidl_typesupport_fastrtps_c.so[0m
[2.401s] [100%] Built target interfaces__rosidl_typesupport_fastrtps_c
[2.413s] [100%] Built target interfaces
[2.424s] Invoked command in '/home/parallels/VisualSim/src/build/interfaces' returned '0': CMAKE_PREFIX_PATH=${CMAKE_PREFIX_PATH}:/home/parallels/VisualSim/install/py_srvcli:/home/parallels/VisualSim/install/navigation:/opt/ros/humble /usr/bin/cmake --build /home/parallels/VisualSim/src/build/interfaces -- -j2 -l2
[2.456s] Invoking command in '/home/parallels/VisualSim/src/build/interfaces': CMAKE_PREFIX_PATH=${CMAKE_PREFIX_PATH}:/home/parallels/VisualSim/install/py_srvcli:/home/parallels/VisualSim/install/navigation:/opt/ros/humble /usr/bin/cmake --install /home/parallels/VisualSim/src/build/interfaces
[2.462s] -- Install configuration: ""
[2.462s] -- Installing: /home/parallels/VisualSim/src/install/interfaces/share/ament_index/resource_index/rosidl_interfaces/interfaces
[2.463s] -- Installing: /home/parallels/VisualSim/src/install/interfaces/include/interfaces/interfaces
[2.463s] -- Installing: /home/parallels/VisualSim/src/install/interfaces/include/interfaces/interfaces/msg
[2.463s] -- Installing: /home/parallels/VisualSim/src/install/interfaces/include/interfaces/interfaces/msg/rosidl_generator_c__visibility_control.h
[2.464s] -- Installing: /home/parallels/VisualSim/src/install/interfaces/include/interfaces/interfaces/srv
[2.464s] -- Installing: /home/parallels/VisualSim/src/install/interfaces/include/interfaces/interfaces/srv/detail
[2.465s] -- Installing: /home/parallels/VisualSim/src/install/interfaces/include/interfaces/interfaces/srv/detail/detection__type_support.h
[2.465s] -- Installing: /home/parallels/VisualSim/src/install/interfaces/include/interfaces/interfaces/srv/detail/detection__functions.h
[2.466s] -- Installing: /home/parallels/VisualSim/src/install/interfaces/include/interfaces/interfaces/srv/detail/detection__functions.c
[2.467s] -- Installing: /home/parallels/VisualSim/src/install/interfaces/include/interfaces/interfaces/srv/detail/detection__struct.h
[2.468s] -- Installing: /home/parallels/VisualSim/src/install/interfaces/include/interfaces/interfaces/srv/detection.h
[2.468s] -- Installing: /home/parallels/VisualSim/src/install/interfaces/share/interfaces/environment/library_path.sh
[2.468s] -- Installing: /home/parallels/VisualSim/src/install/interfaces/share/interfaces/environment/library_path.dsv
[2.468s] -- Installing: /home/parallels/VisualSim/src/install/interfaces/lib/libinterfaces__rosidl_generator_c.so
[2.469s] -- Set runtime path of "/home/parallels/VisualSim/src/install/interfaces/lib/libinterfaces__rosidl_generator_c.so" to ""
[2.469s] -- Up-to-date: /home/parallels/VisualSim/src/install/interfaces/include/interfaces/interfaces
[2.469s] -- Up-to-date: /home/parallels/VisualSim/src/install/interfaces/include/interfaces/interfaces/msg
[2.469s] -- Installing: /home/parallels/VisualSim/src/install/interfaces/include/interfaces/interfaces/msg/rosidl_typesupport_fastrtps_c__visibility_control.h
[2.470s] -- Up-to-date: /home/parallels/VisualSim/src/install/interfaces/include/interfaces/interfaces/srv
[2.470s] -- Up-to-date: /home/parallels/VisualSim/src/install/interfaces/include/interfaces/interfaces/srv/detail
[2.470s] -- Installing: /home/parallels/VisualSim/src/install/interfaces/include/interfaces/interfaces/srv/detail/detection__rosidl_typesupport_fastrtps_c.h
[2.471s] -- Installing: /home/parallels/VisualSim/src/install/interfaces/lib/libinterfaces__rosidl_typesupport_fastrtps_c.so
[2.471s] -- Set runtime path of "/home/parallels/VisualSim/src/install/interfaces/lib/libinterfaces__rosidl_typesupport_fastrtps_c.so" to ""
[2.471s] -- Up-to-date: /home/parallels/VisualSim/src/install/interfaces/include/interfaces/interfaces
[2.471s] -- Up-to-date: /home/parallels/VisualSim/src/install/interfaces/include/interfaces/interfaces/srv
[2.471s] -- Up-to-date: /home/parallels/VisualSim/src/install/interfaces/include/interfaces/interfaces/srv/detail
[2.472s] -- Installing: /home/parallels/VisualSim/src/install/interfaces/include/interfaces/interfaces/srv/detail/detection__builder.hpp
[2.472s] -- Installing: /home/parallels/VisualSim/src/install/interfaces/include/interfaces/interfaces/srv/detail/detection__traits.hpp
[2.472s] -- Installing: /home/parallels/VisualSim/src/install/interfaces/include/interfaces/interfaces/srv/detail/detection__struct.hpp
[2.473s] -- Installing: /home/parallels/VisualSim/src/install/interfaces/include/interfaces/interfaces/srv/detection.hpp
[2.473s] -- Up-to-date: /home/parallels/VisualSim/src/install/interfaces/include/interfaces/interfaces
[2.473s] -- Up-to-date: /home/parallels/VisualSim/src/install/interfaces/include/interfaces/interfaces/msg
[2.474s] -- Installing: /home/parallels/VisualSim/src/install/interfaces/include/interfaces/interfaces/msg/rosidl_typesupport_fastrtps_cpp__visibility_control.h
[2.474s] -- Up-to-date: /home/parallels/VisualSim/src/install/interfaces/include/interfaces/interfaces/srv
[2.474s] -- Up-to-date: /home/parallels/VisualSim/src/install/interfaces/include/interfaces/interfaces/srv/detail
[2.474s] -- Installing: /home/parallels/VisualSim/src/install/interfaces/include/interfaces/interfaces/srv/detail/dds_fastrtps
[2.475s] -- Installing: /home/parallels/VisualSim/src/install/interfaces/include/interfaces/interfaces/srv/detail/detection__rosidl_typesupport_fastrtps_cpp.hpp
[2.475s] -- Installing: /home/parallels/VisualSim/src/install/interfaces/lib/libinterfaces__rosidl_typesupport_fastrtps_cpp.so
[2.476s] -- Set runtime path of "/home/parallels/VisualSim/src/install/interfaces/lib/libinterfaces__rosidl_typesupport_fastrtps_cpp.so" to ""
[2.476s] -- Up-to-date: /home/parallels/VisualSim/src/install/interfaces/include/interfaces/interfaces
[2.476s] -- Up-to-date: /home/parallels/VisualSim/src/install/interfaces/include/interfaces/interfaces/msg
[2.476s] -- Installing: /home/parallels/VisualSim/src/install/interfaces/include/interfaces/interfaces/msg/rosidl_typesupport_introspection_c__visibility_control.h
[2.477s] -- Up-to-date: /home/parallels/VisualSim/src/install/interfaces/include/interfaces/interfaces/srv
[2.478s] -- Up-to-date: /home/parallels/VisualSim/src/install/interfaces/include/interfaces/interfaces/srv/detail
[2.478s] -- Installing: /home/parallels/VisualSim/src/install/interfaces/include/interfaces/interfaces/srv/detail/detection__type_support.c
[2.478s] -- Installing: /home/parallels/VisualSim/src/install/interfaces/include/interfaces/interfaces/srv/detail/detection__rosidl_typesupport_introspection_c.h
[2.478s] -- Installing: /home/parallels/VisualSim/src/install/interfaces/lib/libinterfaces__rosidl_typesupport_introspection_c.so
[2.478s] -- Set runtime path of "/home/parallels/VisualSim/src/install/interfaces/lib/libinterfaces__rosidl_typesupport_introspection_c.so" to ""
[2.478s] -- Installing: /home/parallels/VisualSim/src/install/interfaces/lib/libinterfaces__rosidl_typesupport_c.so
[2.478s] -- Set runtime path of "/home/parallels/VisualSim/src/install/interfaces/lib/libinterfaces__rosidl_typesupport_c.so" to ""
[2.478s] -- Up-to-date: /home/parallels/VisualSim/src/install/interfaces/include/interfaces/interfaces
[2.478s] -- Up-to-date: /home/parallels/VisualSim/src/install/interfaces/include/interfaces/interfaces/srv
[2.478s] -- Up-to-date: /home/parallels/VisualSim/src/install/interfaces/include/interfaces/interfaces/srv/detail
[2.478s] -- Installing: /home/parallels/VisualSim/src/install/interfaces/include/interfaces/interfaces/srv/detail/detection__type_support.cpp
[2.478s] -- Installing: /home/parallels/VisualSim/src/install/interfaces/include/interfaces/interfaces/srv/detail/detection__rosidl_typesupport_introspection_cpp.hpp
[2.478s] -- Installing: /home/parallels/VisualSim/src/install/interfaces/lib/libinterfaces__rosidl_typesupport_introspection_cpp.so
[2.479s] -- Set runtime path of "/home/parallels/VisualSim/src/install/interfaces/lib/libinterfaces__rosidl_typesupport_introspection_cpp.so" to ""
[2.479s] -- Installing: /home/parallels/VisualSim/src/install/interfaces/lib/libinterfaces__rosidl_typesupport_cpp.so
[2.479s] -- Set runtime path of "/home/parallels/VisualSim/src/install/interfaces/lib/libinterfaces__rosidl_typesupport_cpp.so" to ""
[2.479s] -- Installing: /home/parallels/VisualSim/src/install/interfaces/share/interfaces/srv/Detection.idl
[2.482s] -- Installing: /home/parallels/VisualSim/src/install/interfaces/share/interfaces/srv/Detection.srv
[2.482s] -- Installing: /home/parallels/VisualSim/src/install/interfaces/share/interfaces/srv/Detection_Request.msg
[2.482s] -- Installing: /home/parallels/VisualSim/src/install/interfaces/share/interfaces/srv/Detection_Response.msg
[2.483s] -- Installing: /home/parallels/VisualSim/src/install/interfaces/share/ament_index/resource_index/package_run_dependencies/interfaces
[2.483s] -- Installing: /home/parallels/VisualSim/src/install/interfaces/share/ament_index/resource_index/parent_prefix_path/interfaces
[2.483s] -- Installing: /home/parallels/VisualSim/src/install/interfaces/share/interfaces/environment/ament_prefix_path.sh
[2.483s] -- Installing: /home/parallels/VisualSim/src/install/interfaces/share/interfaces/environment/ament_prefix_path.dsv
[2.483s] -- Installing: /home/parallels/VisualSim/src/install/interfaces/share/interfaces/environment/path.sh
[2.483s] -- Installing: /home/parallels/VisualSim/src/install/interfaces/share/interfaces/environment/path.dsv
[2.483s] -- Installing: /home/parallels/VisualSim/src/install/interfaces/share/interfaces/local_setup.bash
[2.483s] -- Installing: /home/parallels/VisualSim/src/install/interfaces/share/interfaces/local_setup.sh
[2.483s] -- Installing: /home/parallels/VisualSim/src/install/interfaces/share/interfaces/local_setup.zsh
[2.483s] -- Installing: /home/parallels/VisualSim/src/install/interfaces/share/interfaces/local_setup.dsv
[2.484s] -- Installing: /home/parallels/VisualSim/src/install/interfaces/share/interfaces/package.dsv
[2.484s] -- Installing: /home/parallels/VisualSim/src/install/interfaces/share/ament_index/resource_index/packages/interfaces
[2.484s] -- Installing: /home/parallels/VisualSim/src/install/interfaces/share/interfaces/cmake/export_interfaces__rosidl_generator_cExport.cmake
[2.484s] -- Installing: /home/parallels/VisualSim/src/install/interfaces/share/interfaces/cmake/export_interfaces__rosidl_generator_cExport-noconfig.cmake
[2.484s] -- Installing: /home/parallels/VisualSim/src/install/interfaces/share/interfaces/cmake/export_interfaces__rosidl_typesupport_fastrtps_cExport.cmake
[2.484s] -- Installing: /home/parallels/VisualSim/src/install/interfaces/share/interfaces/cmake/export_interfaces__rosidl_typesupport_fastrtps_cExport-noconfig.cmake
[2.484s] -- Installing: /home/parallels/VisualSim/src/install/interfaces/share/interfaces/cmake/export_interfaces__rosidl_generator_cppExport.cmake
[2.484s] -- Installing: /home/parallels/VisualSim/src/install/interfaces/share/interfaces/cmake/export_interfaces__rosidl_typesupport_fastrtps_cppExport.cmake
[2.484s] -- Installing: /home/parallels/VisualSim/src/install/interfaces/share/interfaces/cmake/export_interfaces__rosidl_typesupport_fastrtps_cppExport-noconfig.cmake
[2.484s] -- Installing: /home/parallels/VisualSim/src/install/interfaces/share/interfaces/cmake/interfaces__rosidl_typesupport_introspection_cExport.cmake
[2.484s] -- Installing: /home/parallels/VisualSim/src/install/interfaces/share/interfaces/cmake/interfaces__rosidl_typesupport_introspection_cExport-noconfig.cmake
[2.484s] -- Installing: /home/parallels/VisualSim/src/install/interfaces/share/interfaces/cmake/interfaces__rosidl_typesupport_cExport.cmake
[2.484s] -- Installing: /home/parallels/VisualSim/src/install/interfaces/share/interfaces/cmake/interfaces__rosidl_typesupport_cExport-noconfig.cmake
[2.485s] -- Installing: /home/parallels/VisualSim/src/install/interfaces/share/interfaces/cmake/interfaces__rosidl_typesupport_introspection_cppExport.cmake
[2.487s] -- Installing: /home/parallels/VisualSim/src/install/interfaces/share/interfaces/cmake/interfaces__rosidl_typesupport_introspection_cppExport-noconfig.cmake
[2.487s] -- Installing: /home/parallels/VisualSim/src/install/interfaces/share/interfaces/cmake/interfaces__rosidl_typesupport_cppExport.cmake
[2.487s] -- Installing: /home/parallels/VisualSim/src/install/interfaces/share/interfaces/cmake/interfaces__rosidl_typesupport_cppExport-noconfig.cmake
[2.487s] -- Installing: /home/parallels/VisualSim/src/install/interfaces/share/interfaces/cmake/rosidl_cmake-extras.cmake
[2.487s] -- Installing: /home/parallels/VisualSim/src/install/interfaces/share/interfaces/cmake/ament_cmake_export_dependencies-extras.cmake
[2.487s] -- Installing: /home/parallels/VisualSim/src/install/interfaces/share/interfaces/cmake/ament_cmake_export_include_directories-extras.cmake
[2.487s] -- Installing: /home/parallels/VisualSim/src/install/interfaces/share/interfaces/cmake/ament_cmake_export_libraries-extras.cmake
[2.487s] -- Installing: /home/parallels/VisualSim/src/install/interfaces/share/interfaces/cmake/ament_cmake_export_targets-extras.cmake
[2.488s] -- Installing: /home/parallels/VisualSim/src/install/interfaces/share/interfaces/cmake/rosidl_cmake_export_typesupport_targets-extras.cmake
[2.488s] -- Installing: /home/parallels/VisualSim/src/install/interfaces/share/interfaces/cmake/rosidl_cmake_export_typesupport_libraries-extras.cmake
[2.488s] -- Installing: /home/parallels/VisualSim/src/install/interfaces/share/interfaces/cmake/interfacesConfig.cmake
[2.488s] -- Installing: /home/parallels/VisualSim/src/install/interfaces/share/interfaces/cmake/interfacesConfig-version.cmake
[2.488s] -- Installing: /home/parallels/VisualSim/src/install/interfaces/share/interfaces/package.xml
[2.496s] Invoked command in '/home/parallels/VisualSim/src/build/interfaces' returned '0': CMAKE_PREFIX_PATH=${CMAKE_PREFIX_PATH}:/home/parallels/VisualSim/install/py_srvcli:/home/parallels/VisualSim/install/navigation:/opt/ros/humble /usr/bin/cmake --install /home/parallels/VisualSim/src/build/interfaces
