[0.099s] DEBUG:colcon:Command line arguments: ['/usr/bin/colcon', 'build']
[0.100s] DEBUG:colcon:Parsed command line arguments: Namespace(log_base=None, log_level=None, verb_name='build', build_base='build', install_base='install', merge_install=False, symlink_install=False, test_result_base=None, continue_on_error=False, executor='parallel', parallel_workers=2, event_handlers=None, ignore_user_meta=False, metas=['./colcon.meta'], base_paths=['.'], packages_ignore=None, packages_ignore_regex=None, paths=None, packages_up_to=None, packages_up_to_regex=None, packages_above=None, packages_above_and_dependencies=None, packages_above_depth=None, packages_select_by_dep=None, packages_skip_by_dep=None, packages_skip_up_to=None, packages_select_build_failed=False, packages_skip_build_finished=False, packages_select_test_failures=False, packages_skip_test_passed=False, packages_select=None, packages_skip=None, packages_select_regex=None, packages_skip_regex=None, packages_start=None, packages_end=None, allow_overriding=[], cmake_args=None, cmake_target=None, cmake_target_skip_unavailable=False, cmake_clean_cache=False, cmake_clean_first=False, cmake_force_configure=False, ament_cmake_args=None, catkin_cmake_args=None, catkin_skip_building_tests=False, mixin_files=None, mixin=None, verb_parser=<colcon_mixin.mixin.mixin_argument.MixinArgumentDecorator object at 0xffff99f45ed0>, verb_extension=<colcon_core.verb.build.BuildVerb object at 0xffff99f45900>, main=<bound method BuildVerb.main of <colcon_core.verb.build.BuildVerb object at 0xffff99f45900>>, mixin_verb=('build',))
[0.237s] Level 1:colcon.colcon_core.package_discovery:discover_packages(colcon_meta) check parameters
[0.238s] Level 1:colcon.colcon_core.package_discovery:discover_packages(recursive) check parameters
[0.238s] Level 1:colcon.colcon_core.package_discovery:discover_packages(ignore) check parameters
[0.238s] Level 1:colcon.colcon_core.package_discovery:discover_packages(path) check parameters
[0.238s] Level 1:colcon.colcon_core.package_discovery:discover_packages(colcon_meta) discover
[0.238s] Level 1:colcon.colcon_core.package_discovery:discover_packages(recursive) discover
[0.238s] INFO:colcon.colcon_core.package_discovery:Crawling recursively for packages in '/home/parallels/VisualSim/src'
[0.238s] Level 1:colcon.colcon_core.package_identification:_identify(.) by extensions ['ignore', 'ignore_ament_install']
[0.238s] Level 1:colcon.colcon_core.package_identification:_identify(.) by extension 'ignore'
[0.238s] Level 1:colcon.colcon_core.package_identification:_identify(.) by extension 'ignore_ament_install'
[0.238s] Level 1:colcon.colcon_core.package_identification:_identify(.) by extensions ['colcon_pkg']
[0.238s] Level 1:colcon.colcon_core.package_identification:_identify(.) by extension 'colcon_pkg'
[0.238s] Level 1:colcon.colcon_core.package_identification:_identify(.) by extensions ['colcon_meta']
[0.238s] Level 1:colcon.colcon_core.package_identification:_identify(.) by extension 'colcon_meta'
[0.238s] Level 1:colcon.colcon_core.package_identification:_identify(.) by extensions ['ros']
[0.238s] Level 1:colcon.colcon_core.package_identification:_identify(.) by extension 'ros'
[0.246s] Level 1:colcon.colcon_core.package_identification:_identify(.) by extensions ['cmake', 'python']
[0.246s] Level 1:colcon.colcon_core.package_identification:_identify(.) by extension 'cmake'
[0.246s] Level 1:colcon.colcon_core.package_identification:_identify(.) by extension 'python'
[0.246s] Level 1:colcon.colcon_core.package_identification:_identify(.) by extensions ['python_setup_py']
[0.246s] Level 1:colcon.colcon_core.package_identification:_identify(.) by extension 'python_setup_py'
[0.247s] Level 1:colcon.colcon_core.package_identification:_identify(__pycache__) by extensions ['ignore', 'ignore_ament_install']
[0.247s] Level 1:colcon.colcon_core.package_identification:_identify(__pycache__) by extension 'ignore'
[0.247s] Level 1:colcon.colcon_core.package_identification:_identify(__pycache__) by extension 'ignore_ament_install'
[0.247s] Level 1:colcon.colcon_core.package_identification:_identify(__pycache__) by extensions ['colcon_pkg']
[0.247s] Level 1:colcon.colcon_core.package_identification:_identify(__pycache__) by extension 'colcon_pkg'
[0.247s] Level 1:colcon.colcon_core.package_identification:_identify(__pycache__) by extensions ['colcon_meta']
[0.247s] Level 1:colcon.colcon_core.package_identification:_identify(__pycache__) by extension 'colcon_meta'
[0.247s] Level 1:colcon.colcon_core.package_identification:_identify(__pycache__) by extensions ['ros']
[0.247s] Level 1:colcon.colcon_core.package_identification:_identify(__pycache__) by extension 'ros'
[0.247s] Level 1:colcon.colcon_core.package_identification:_identify(__pycache__) by extensions ['cmake', 'python']
[0.247s] Level 1:colcon.colcon_core.package_identification:_identify(__pycache__) by extension 'cmake'
[0.247s] Level 1:colcon.colcon_core.package_identification:_identify(__pycache__) by extension 'python'
[0.247s] Level 1:colcon.colcon_core.package_identification:_identify(__pycache__) by extensions ['python_setup_py']
[0.247s] Level 1:colcon.colcon_core.package_identification:_identify(__pycache__) by extension 'python_setup_py'
[0.247s] Level 1:colcon.colcon_core.package_identification:_identify(build) by extensions ['ignore', 'ignore_ament_install']
[0.247s] Level 1:colcon.colcon_core.package_identification:_identify(build) by extension 'ignore'
[0.247s] Level 1:colcon.colcon_core.package_identification:_identify(build) ignored
[0.247s] Level 1:colcon.colcon_core.package_identification:_identify(install) by extensions ['ignore', 'ignore_ament_install']
[0.247s] Level 1:colcon.colcon_core.package_identification:_identify(install) by extension 'ignore'
[0.247s] Level 1:colcon.colcon_core.package_identification:_identify(install) ignored
[0.247s] Level 1:colcon.colcon_core.package_identification:_identify(interfaces) by extensions ['ignore', 'ignore_ament_install']
[0.247s] Level 1:colcon.colcon_core.package_identification:_identify(interfaces) by extension 'ignore'
[0.247s] Level 1:colcon.colcon_core.package_identification:_identify(interfaces) by extension 'ignore_ament_install'
[0.247s] Level 1:colcon.colcon_core.package_identification:_identify(interfaces) by extensions ['colcon_pkg']
[0.247s] Level 1:colcon.colcon_core.package_identification:_identify(interfaces) by extension 'colcon_pkg'
[0.247s] Level 1:colcon.colcon_core.package_identification:_identify(interfaces) by extensions ['colcon_meta']
[0.247s] Level 1:colcon.colcon_core.package_identification:_identify(interfaces) by extension 'colcon_meta'
[0.247s] Level 1:colcon.colcon_core.package_identification:_identify(interfaces) by extensions ['ros']
[0.247s] Level 1:colcon.colcon_core.package_identification:_identify(interfaces) by extension 'ros'
[0.249s] DEBUG:colcon.colcon_core.package_identification:Package 'interfaces' with type 'ros.ament_cmake' and name 'interfaces'
[0.249s] Level 1:colcon.colcon_core.package_identification:_identify(log) by extensions ['ignore', 'ignore_ament_install']
[0.249s] Level 1:colcon.colcon_core.package_identification:_identify(log) by extension 'ignore'
[0.249s] Level 1:colcon.colcon_core.package_identification:_identify(log) ignored
[0.249s] Level 1:colcon.colcon_core.package_identification:_identify(navigation) by extensions ['ignore', 'ignore_ament_install']
[0.249s] Level 1:colcon.colcon_core.package_identification:_identify(navigation) by extension 'ignore'
[0.249s] Level 1:colcon.colcon_core.package_identification:_identify(navigation) by extension 'ignore_ament_install'
[0.249s] Level 1:colcon.colcon_core.package_identification:_identify(navigation) by extensions ['colcon_pkg']
[0.249s] Level 1:colcon.colcon_core.package_identification:_identify(navigation) by extension 'colcon_pkg'
[0.249s] Level 1:colcon.colcon_core.package_identification:_identify(navigation) by extensions ['colcon_meta']
[0.249s] Level 1:colcon.colcon_core.package_identification:_identify(navigation) by extension 'colcon_meta'
[0.249s] Level 1:colcon.colcon_core.package_identification:_identify(navigation) by extensions ['ros']
[0.249s] Level 1:colcon.colcon_core.package_identification:_identify(navigation) by extension 'ros'
[0.250s] DEBUG:colcon.colcon_core.package_identification:Package 'navigation' with type 'ros.ament_python' and name 'navigation'
[0.250s] Level 1:colcon.colcon_core.package_discovery:discover_packages(recursive) using defaults
[0.250s] Level 1:colcon.colcon_core.package_discovery:discover_packages(ignore) discover
[0.250s] Level 1:colcon.colcon_core.package_discovery:discover_packages(ignore) using defaults
[0.250s] Level 1:colcon.colcon_core.package_discovery:discover_packages(path) discover
[0.250s] Level 1:colcon.colcon_core.package_discovery:discover_packages(path) using defaults
[0.269s] Level 1:colcon.colcon_core.package_discovery:discover_packages(prefix_path) check parameters
[0.269s] Level 1:colcon.colcon_core.package_discovery:discover_packages(prefix_path) discover
[0.270s] DEBUG:colcon.colcon_installed_package_information.package_discovery:Found 3 installed packages in /home/parallels/VisualSim/install
[0.271s] DEBUG:colcon.colcon_installed_package_information.package_discovery:Found 270 installed packages in /opt/ros/humble
[0.272s] Level 1:colcon.colcon_core.package_discovery:discover_packages(prefix_path) using defaults
[0.297s] Level 5:colcon.colcon_core.verb:set package 'interfaces' build argument 'cmake_args' from command line to 'None'
[0.297s] Level 5:colcon.colcon_core.verb:set package 'interfaces' build argument 'cmake_target' from command line to 'None'
[0.297s] Level 5:colcon.colcon_core.verb:set package 'interfaces' build argument 'cmake_target_skip_unavailable' from command line to 'False'
[0.297s] Level 5:colcon.colcon_core.verb:set package 'interfaces' build argument 'cmake_clean_cache' from command line to 'False'
[0.297s] Level 5:colcon.colcon_core.verb:set package 'interfaces' build argument 'cmake_clean_first' from command line to 'False'
[0.297s] Level 5:colcon.colcon_core.verb:set package 'interfaces' build argument 'cmake_force_configure' from command line to 'False'
[0.297s] Level 5:colcon.colcon_core.verb:set package 'interfaces' build argument 'ament_cmake_args' from command line to 'None'
[0.297s] Level 5:colcon.colcon_core.verb:set package 'interfaces' build argument 'catkin_cmake_args' from command line to 'None'
[0.297s] Level 5:colcon.colcon_core.verb:set package 'interfaces' build argument 'catkin_skip_building_tests' from command line to 'False'
[0.297s] DEBUG:colcon.colcon_core.verb:Building package 'interfaces' with the following arguments: {'ament_cmake_args': None, 'build_base': '/home/parallels/VisualSim/src/build/interfaces', 'catkin_cmake_args': None, 'catkin_skip_building_tests': False, 'cmake_args': None, 'cmake_clean_cache': False, 'cmake_clean_first': False, 'cmake_force_configure': False, 'cmake_target': None, 'cmake_target_skip_unavailable': False, 'install_base': '/home/parallels/VisualSim/src/install/interfaces', 'merge_install': False, 'path': '/home/parallels/VisualSim/src/interfaces', 'symlink_install': False, 'test_result_base': None}
[0.298s] Level 5:colcon.colcon_core.verb:set package 'navigation' build argument 'cmake_args' from command line to 'None'
[0.298s] Level 5:colcon.colcon_core.verb:set package 'navigation' build argument 'cmake_target' from command line to 'None'
[0.298s] Level 5:colcon.colcon_core.verb:set package 'navigation' build argument 'cmake_target_skip_unavailable' from command line to 'False'
[0.298s] Level 5:colcon.colcon_core.verb:set package 'navigation' build argument 'cmake_clean_cache' from command line to 'False'
[0.298s] Level 5:colcon.colcon_core.verb:set package 'navigation' build argument 'cmake_clean_first' from command line to 'False'
[0.298s] Level 5:colcon.colcon_core.verb:set package 'navigation' build argument 'cmake_force_configure' from command line to 'False'
[0.298s] Level 5:colcon.colcon_core.verb:set package 'navigation' build argument 'ament_cmake_args' from command line to 'None'
[0.298s] Level 5:colcon.colcon_core.verb:set package 'navigation' build argument 'catkin_cmake_args' from command line to 'None'
[0.298s] Level 5:colcon.colcon_core.verb:set package 'navigation' build argument 'catkin_skip_building_tests' from command line to 'False'
[0.298s] DEBUG:colcon.colcon_core.verb:Building package 'navigation' with the following arguments: {'ament_cmake_args': None, 'build_base': '/home/parallels/VisualSim/src/build/navigation', 'catkin_cmake_args': None, 'catkin_skip_building_tests': False, 'cmake_args': None, 'cmake_clean_cache': False, 'cmake_clean_first': False, 'cmake_force_configure': False, 'cmake_target': None, 'cmake_target_skip_unavailable': False, 'install_base': '/home/parallels/VisualSim/src/install/navigation', 'merge_install': False, 'path': '/home/parallels/VisualSim/src/navigation', 'symlink_install': False, 'test_result_base': None}
[0.298s] INFO:colcon.colcon_core.executor:Executing jobs using 'parallel' executor
[0.298s] DEBUG:colcon.colcon_parallel_executor.executor.parallel:run_until_complete
[0.298s] INFO:colcon.colcon_ros.task.ament_cmake.build:Building ROS package in '/home/parallels/VisualSim/src/interfaces' with build type 'ament_cmake'
[0.298s] INFO:colcon.colcon_cmake.task.cmake.build:Building CMake package in '/home/parallels/VisualSim/src/interfaces'
[0.300s] INFO:colcon.colcon_core.plugin_system:Skipping extension 'colcon_core.shell.bat': Not used on non-Windows systems
[0.300s] INFO:colcon.colcon_core.shell:Skip shell extension 'powershell' for command environment: Not usable outside of PowerShell
[0.300s] DEBUG:colcon.colcon_core.shell:Skip shell extension 'dsv' for command environment
[0.308s] DEBUG:colcon.colcon_core.event_handler.log_command:Invoking command in '/home/parallels/VisualSim/src/build/interfaces': CMAKE_PREFIX_PATH=${CMAKE_PREFIX_PATH}:/home/parallels/VisualSim/install/py_srvcli:/home/parallels/VisualSim/install/navigation:/opt/ros/humble /usr/bin/cmake --build /home/parallels/VisualSim/src/build/interfaces -- -j2 -l2
[1.899s] DEBUG:colcon.colcon_core.event_handler.log_command:Invoked command in '/home/parallels/VisualSim/src/build/interfaces' returned '0': CMAKE_PREFIX_PATH=${CMAKE_PREFIX_PATH}:/home/parallels/VisualSim/install/py_srvcli:/home/parallels/VisualSim/install/navigation:/opt/ros/humble /usr/bin/cmake --build /home/parallels/VisualSim/src/build/interfaces -- -j2 -l2
[1.936s] DEBUG:colcon.colcon_core.event_handler.log_command:Invoking command in '/home/parallels/VisualSim/src/build/interfaces': CMAKE_PREFIX_PATH=${CMAKE_PREFIX_PATH}:/home/parallels/VisualSim/install/py_srvcli:/home/parallels/VisualSim/install/navigation:/opt/ros/humble /usr/bin/cmake --install /home/parallels/VisualSim/src/build/interfaces
[1.981s] Level 1:colcon.colcon_core.environment:create_environment_scripts_only(interfaces)
[1.982s] Level 1:colcon.colcon_core.environment:checking '/home/parallels/VisualSim/src/install/interfaces' for CMake module files
[1.983s] Level 1:colcon.colcon_core.environment:checking '/home/parallels/VisualSim/src/install/interfaces' for CMake config files
[1.983s] Level 1:colcon.colcon_core.shell:create_environment_hook('interfaces', 'cmake_prefix_path')
[1.983s] INFO:colcon.colcon_core.shell:Creating environment hook '/home/parallels/VisualSim/src/install/interfaces/share/interfaces/hook/cmake_prefix_path.ps1'
[1.983s] INFO:colcon.colcon_core.shell:Creating environment descriptor '/home/parallels/VisualSim/src/install/interfaces/share/interfaces/hook/cmake_prefix_path.dsv'
[1.984s] DEBUG:colcon.colcon_core.event_handler.log_command:Invoked command in '/home/parallels/VisualSim/src/build/interfaces' returned '0': CMAKE_PREFIX_PATH=${CMAKE_PREFIX_PATH}:/home/parallels/VisualSim/install/py_srvcli:/home/parallels/VisualSim/install/navigation:/opt/ros/humble /usr/bin/cmake --install /home/parallels/VisualSim/src/build/interfaces
[1.984s] INFO:colcon.colcon_core.shell:Creating environment hook '/home/parallels/VisualSim/src/install/interfaces/share/interfaces/hook/cmake_prefix_path.sh'
[1.984s] Level 1:colcon.colcon_core.environment:checking '/home/parallels/VisualSim/src/install/interfaces/lib'
[1.984s] Level 1:colcon.colcon_core.shell:create_environment_hook('interfaces', 'ld_library_path_lib')
[1.984s] INFO:colcon.colcon_core.shell:Creating environment hook '/home/parallels/VisualSim/src/install/interfaces/share/interfaces/hook/ld_library_path_lib.ps1'
[1.985s] INFO:colcon.colcon_core.shell:Creating environment descriptor '/home/parallels/VisualSim/src/install/interfaces/share/interfaces/hook/ld_library_path_lib.dsv'
[1.985s] INFO:colcon.colcon_core.shell:Creating environment hook '/home/parallels/VisualSim/src/install/interfaces/share/interfaces/hook/ld_library_path_lib.sh'
[1.985s] Level 1:colcon.colcon_core.environment:checking '/home/parallels/VisualSim/src/install/interfaces/bin'
[1.985s] Level 1:colcon.colcon_core.environment:checking '/home/parallels/VisualSim/src/install/interfaces/lib/pkgconfig/interfaces.pc'
[1.985s] Level 1:colcon.colcon_core.environment:checking '/home/parallels/VisualSim/src/install/interfaces/lib/python3.10/site-packages'
[1.985s] Level 1:colcon.colcon_core.environment:checking '/home/parallels/VisualSim/src/install/interfaces/bin'
[1.985s] INFO:colcon.colcon_core.shell:Creating package script '/home/parallels/VisualSim/src/install/interfaces/share/interfaces/package.ps1'
[1.986s] INFO:colcon.colcon_core.shell:Creating package descriptor '/home/parallels/VisualSim/src/install/interfaces/share/interfaces/package.dsv'
[1.986s] INFO:colcon.colcon_core.shell:Creating package script '/home/parallels/VisualSim/src/install/interfaces/share/interfaces/package.sh'
[1.986s] INFO:colcon.colcon_core.shell:Creating package script '/home/parallels/VisualSim/src/install/interfaces/share/interfaces/package.bash'
[1.987s] INFO:colcon.colcon_core.shell:Creating package script '/home/parallels/VisualSim/src/install/interfaces/share/interfaces/package.zsh'
[1.987s] Level 1:colcon.colcon_core.environment:create_file_with_runtime_dependencies(/home/parallels/VisualSim/src/install/interfaces/share/colcon-core/packages/interfaces)
[2.018s] Level 1:colcon.colcon_core.environment:create_environment_scripts_only(interfaces)
[2.018s] Level 1:colcon.colcon_core.environment:checking '/home/parallels/VisualSim/src/install/interfaces' for CMake module files
[2.018s] Level 1:colcon.colcon_core.environment:checking '/home/parallels/VisualSim/src/install/interfaces' for CMake config files
[2.018s] Level 1:colcon.colcon_core.shell:create_environment_hook('interfaces', 'cmake_prefix_path')
[2.019s] INFO:colcon.colcon_core.shell:Creating environment hook '/home/parallels/VisualSim/src/install/interfaces/share/interfaces/hook/cmake_prefix_path.ps1'
[2.019s] INFO:colcon.colcon_core.shell:Creating environment descriptor '/home/parallels/VisualSim/src/install/interfaces/share/interfaces/hook/cmake_prefix_path.dsv'
[2.019s] INFO:colcon.colcon_core.shell:Creating environment hook '/home/parallels/VisualSim/src/install/interfaces/share/interfaces/hook/cmake_prefix_path.sh'
[2.019s] Level 1:colcon.colcon_core.environment:checking '/home/parallels/VisualSim/src/install/interfaces/lib'
[2.019s] Level 1:colcon.colcon_core.shell:create_environment_hook('interfaces', 'ld_library_path_lib')
[2.019s] INFO:colcon.colcon_core.shell:Creating environment hook '/home/parallels/VisualSim/src/install/interfaces/share/interfaces/hook/ld_library_path_lib.ps1'
[2.020s] INFO:colcon.colcon_core.shell:Creating environment descriptor '/home/parallels/VisualSim/src/install/interfaces/share/interfaces/hook/ld_library_path_lib.dsv'
[2.020s] INFO:colcon.colcon_core.shell:Creating environment hook '/home/parallels/VisualSim/src/install/interfaces/share/interfaces/hook/ld_library_path_lib.sh'
[2.020s] Level 1:colcon.colcon_core.environment:checking '/home/parallels/VisualSim/src/install/interfaces/bin'
[2.020s] Level 1:colcon.colcon_core.environment:checking '/home/parallels/VisualSim/src/install/interfaces/lib/pkgconfig/interfaces.pc'
[2.020s] Level 1:colcon.colcon_core.environment:checking '/home/parallels/VisualSim/src/install/interfaces/lib/python3.10/site-packages'
[2.020s] Level 1:colcon.colcon_core.environment:checking '/home/parallels/VisualSim/src/install/interfaces/bin'
[2.020s] INFO:colcon.colcon_core.shell:Creating package script '/home/parallels/VisualSim/src/install/interfaces/share/interfaces/package.ps1'
[2.021s] INFO:colcon.colcon_core.shell:Creating package descriptor '/home/parallels/VisualSim/src/install/interfaces/share/interfaces/package.dsv'
[2.021s] INFO:colcon.colcon_core.shell:Creating package script '/home/parallels/VisualSim/src/install/interfaces/share/interfaces/package.sh'
[2.021s] INFO:colcon.colcon_core.shell:Creating package script '/home/parallels/VisualSim/src/install/interfaces/share/interfaces/package.bash'
[2.021s] INFO:colcon.colcon_core.shell:Creating package script '/home/parallels/VisualSim/src/install/interfaces/share/interfaces/package.zsh'
[2.022s] Level 1:colcon.colcon_core.environment:create_file_with_runtime_dependencies(/home/parallels/VisualSim/src/install/interfaces/share/colcon-core/packages/interfaces)
[2.022s] INFO:colcon.colcon_ros.task.ament_python.build:Building ROS package in '/home/parallels/VisualSim/src/navigation' with build type 'ament_python'
[2.022s] Level 1:colcon.colcon_core.shell:create_environment_hook('navigation', 'ament_prefix_path')
[2.022s] INFO:colcon.colcon_core.shell:Creating environment hook '/home/parallels/VisualSim/src/install/navigation/share/navigation/hook/ament_prefix_path.ps1'
[2.023s] INFO:colcon.colcon_core.shell:Creating environment descriptor '/home/parallels/VisualSim/src/install/navigation/share/navigation/hook/ament_prefix_path.dsv'
[2.023s] INFO:colcon.colcon_core.shell:Creating environment hook '/home/parallels/VisualSim/src/install/navigation/share/navigation/hook/ament_prefix_path.sh'
[2.023s] INFO:colcon.colcon_core.shell:Skip shell extension 'powershell' for command environment: Not usable outside of PowerShell
[2.023s] DEBUG:colcon.colcon_core.shell:Skip shell extension 'dsv' for command environment
[2.175s] INFO:colcon.colcon_core.task.python.build:Building Python package in '/home/parallels/VisualSim/src/navigation'
[2.175s] INFO:colcon.colcon_core.shell:Skip shell extension 'powershell' for command environment: Not usable outside of PowerShell
[2.176s] DEBUG:colcon.colcon_core.shell:Skip shell extension 'dsv' for command environment
[2.352s] DEBUG:colcon.colcon_core.event_handler.log_command:Invoking command in '/home/parallels/VisualSim/src/navigation': AMENT_PREFIX_PATH=/home/parallels/VisualSim/src/install/interfaces:${AMENT_PREFIX_PATH} CMAKE_PREFIX_PATH=/home/parallels/VisualSim/src/install/interfaces:${CMAKE_PREFIX_PATH} LD_LIBRARY_PATH=/home/parallels/VisualSim/src/install/interfaces/lib:${LD_LIBRARY_PATH} PYTHONPATH=/home/parallels/VisualSim/src/build/navigation/prefix_override:/usr/lib/python3/dist-packages/colcon_core/task/python/colcon_distutils_commands:/home/parallels/VisualSim/src/install/navigation/lib/python3.10/site-packages:/home/parallels/VisualSim/src/install/interfaces/local/lib/python3.10/dist-packages:${PYTHONPATH} /usr/bin/python3 -W ignore:setup.py install is deprecated setup.py egg_info --egg-base ../build/navigation build --build-base /home/parallels/VisualSim/src/build/navigation/build install --record /home/parallels/VisualSim/src/build/navigation/install.log --single-version-externally-managed install_data
[2.500s] Level 1:colcon.colcon_core.environment:checking '/home/parallels/VisualSim/src/install/navigation' for CMake module files
[2.500s] DEBUG:colcon.colcon_core.event_handler.log_command:Invoked command in '/home/parallels/VisualSim/src/navigation' returned '0': AMENT_PREFIX_PATH=/home/parallels/VisualSim/src/install/interfaces:${AMENT_PREFIX_PATH} CMAKE_PREFIX_PATH=/home/parallels/VisualSim/src/install/interfaces:${CMAKE_PREFIX_PATH} LD_LIBRARY_PATH=/home/parallels/VisualSim/src/install/interfaces/lib:${LD_LIBRARY_PATH} PYTHONPATH=/home/parallels/VisualSim/src/build/navigation/prefix_override:/usr/lib/python3/dist-packages/colcon_core/task/python/colcon_distutils_commands:/home/parallels/VisualSim/src/install/navigation/lib/python3.10/site-packages:/home/parallels/VisualSim/src/install/interfaces/local/lib/python3.10/dist-packages:${PYTHONPATH} /usr/bin/python3 -W ignore:setup.py install is deprecated setup.py egg_info --egg-base ../build/navigation build --build-base /home/parallels/VisualSim/src/build/navigation/build install --record /home/parallels/VisualSim/src/build/navigation/install.log --single-version-externally-managed install_data
[2.500s] Level 1:colcon.colcon_core.environment:checking '/home/parallels/VisualSim/src/install/navigation' for CMake config files
[2.501s] Level 1:colcon.colcon_core.environment:checking '/home/parallels/VisualSim/src/install/navigation/lib'
[2.501s] Level 1:colcon.colcon_core.environment:checking '/home/parallels/VisualSim/src/install/navigation/bin'
[2.501s] Level 1:colcon.colcon_core.environment:checking '/home/parallels/VisualSim/src/install/navigation/lib/pkgconfig/navigation.pc'
[2.501s] Level 1:colcon.colcon_core.environment:checking '/home/parallels/VisualSim/src/install/navigation/lib/python3.10/site-packages'
[2.501s] Level 1:colcon.colcon_core.shell:create_environment_hook('navigation', 'pythonpath')
[2.501s] INFO:colcon.colcon_core.shell:Creating environment hook '/home/parallels/VisualSim/src/install/navigation/share/navigation/hook/pythonpath.ps1'
[2.501s] INFO:colcon.colcon_core.shell:Creating environment descriptor '/home/parallels/VisualSim/src/install/navigation/share/navigation/hook/pythonpath.dsv'
[2.501s] INFO:colcon.colcon_core.shell:Creating environment hook '/home/parallels/VisualSim/src/install/navigation/share/navigation/hook/pythonpath.sh'
[2.502s] Level 1:colcon.colcon_core.environment:checking '/home/parallels/VisualSim/src/install/navigation/bin'
[2.502s] Level 1:colcon.colcon_core.environment:create_environment_scripts_only(navigation)
[2.502s] INFO:colcon.colcon_core.shell:Creating package script '/home/parallels/VisualSim/src/install/navigation/share/navigation/package.ps1'
[2.502s] INFO:colcon.colcon_core.shell:Creating package descriptor '/home/parallels/VisualSim/src/install/navigation/share/navigation/package.dsv'
[2.502s] INFO:colcon.colcon_core.shell:Creating package script '/home/parallels/VisualSim/src/install/navigation/share/navigation/package.sh'
[2.503s] INFO:colcon.colcon_core.shell:Creating package script '/home/parallels/VisualSim/src/install/navigation/share/navigation/package.bash'
[2.503s] INFO:colcon.colcon_core.shell:Creating package script '/home/parallels/VisualSim/src/install/navigation/share/navigation/package.zsh'
[2.503s] Level 1:colcon.colcon_core.environment:create_file_with_runtime_dependencies(/home/parallels/VisualSim/src/install/navigation/share/colcon-core/packages/navigation)
[2.503s] DEBUG:colcon.colcon_parallel_executor.executor.parallel:closing loop
[2.503s] DEBUG:colcon.colcon_parallel_executor.executor.parallel:loop closed
[2.503s] DEBUG:colcon.colcon_parallel_executor.executor.parallel:run_until_complete finished with '0'
[2.504s] DEBUG:colcon.colcon_core.event_reactor:joining thread
[2.506s] INFO:colcon.colcon_core.plugin_system:Skipping extension 'colcon_notification.desktop_notification.terminal_notifier': Not used on non-Darwin systems
[2.507s] INFO:colcon.colcon_core.plugin_system:Skipping extension 'colcon_notification.desktop_notification.win32': Not used on non-Windows systems
[2.507s] INFO:colcon.colcon_notification.desktop_notification:Sending desktop notification using 'notify2'
[2.525s] DEBUG:colcon.colcon_core.event_reactor:joined thread
[2.525s] INFO:colcon.colcon_core.shell:Creating prefix script '/home/parallels/VisualSim/src/install/local_setup.ps1'
[2.526s] INFO:colcon.colcon_core.shell:Creating prefix util module '/home/parallels/VisualSim/src/install/_local_setup_util_ps1.py'
[2.528s] INFO:colcon.colcon_core.shell:Creating prefix chain script '/home/parallels/VisualSim/src/install/setup.ps1'
[2.528s] INFO:colcon.colcon_core.shell:Creating prefix script '/home/parallels/VisualSim/src/install/local_setup.sh'
[2.529s] INFO:colcon.colcon_core.shell:Creating prefix util module '/home/parallels/VisualSim/src/install/_local_setup_util_sh.py'
[2.529s] INFO:colcon.colcon_core.shell:Creating prefix chain script '/home/parallels/VisualSim/src/install/setup.sh'
[2.530s] INFO:colcon.colcon_core.shell:Creating prefix script '/home/parallels/VisualSim/src/install/local_setup.bash'
[2.530s] INFO:colcon.colcon_core.shell:Creating prefix chain script '/home/parallels/VisualSim/src/install/setup.bash'
[2.531s] INFO:colcon.colcon_core.shell:Creating prefix script '/home/parallels/VisualSim/src/install/local_setup.zsh'
[2.531s] INFO:colcon.colcon_core.shell:Creating prefix chain script '/home/parallels/VisualSim/src/install/setup.zsh'
