[0.009s] Invoking command in '/home/parallels/VisualSim/src/build/interfaces': CMAKE_PREFIX_PATH=${CMAKE_PREFIX_PATH}:/home/parallels/VisualSim/install/py_srvcli:/home/parallels/VisualSim/install/navigation:/opt/ros/humble /usr/bin/cmake --build /home/parallels/VisualSim/src/build/interfaces -- -j2 -l2
[0.030s] -- Found ament_cmake: 1.3.10 (/opt/ros/humble/share/ament_cmake/cmake)
[0.119s] -- Found geometry_msgs: 4.2.4 (/opt/ros/humble/share/geometry_msgs/cmake)
[0.126s] -- Found rosidl_generator_c: 3.1.5 (/opt/ros/humble/share/rosidl_generator_c/cmake)
[0.128s] -- Found rosidl_adapter: 3.1.5 (/opt/ros/humble/share/rosidl_adapter/cmake)
[0.135s] -- Found rosidl_generator_cpp: 3.1.5 (/opt/ros/humble/share/rosidl_generator_cpp/cmake)
[0.142s] -- Using all available rosidl_typesupport_c: rosidl_typesupport_fastrtps_c;rosidl_typesupport_introspection_c
[0.150s] -- Using all available rosidl_typesupport_cpp: rosidl_typesupport_fastrtps_cpp;rosidl_typesupport_introspection_cpp
[0.176s] -- Found sensor_msgs: 4.2.4 (/opt/ros/humble/share/sensor_msgs/cmake)
[0.191s] -- Found rosidl_default_generators: 1.2.0 (/opt/ros/humble/share/rosidl_default_generators/cmake)
[0.200s] -- Found ament_lint_auto: 0.12.11 (/opt/ros/humble/share/ament_lint_auto/cmake)
[0.387s] -- Found ament_cmake_ros: 0.10.0 (/opt/ros/humble/share/ament_cmake_ros/cmake)
[0.678s] -- Using all available rosidl_typesupport_c: rosidl_typesupport_fastrtps_c;rosidl_typesupport_introspection_c
[0.790s] -- Using all available rosidl_typesupport_cpp: rosidl_typesupport_fastrtps_cpp;rosidl_typesupport_introspection_cpp
[0.804s] -- Found PythonInterp: /usr/bin/python3 (found suitable version "3.10.12", minimum required is "3.6") 
[0.806s] -- Found python_cmake_module: 0.10.0 (/opt/ros/humble/share/python_cmake_module/cmake)
[0.831s] -- Found PythonLibs: /usr/lib/aarch64-linux-gnu/libpython3.10.so (found suitable version "3.10.12", minimum required is "3.5") 
[0.831s] -- Using PYTHON_EXECUTABLE: /usr/bin/python3
[0.831s] -- Using PYTHON_INCLUDE_DIRS: /usr/include/python3.10
[0.831s] -- Using PYTHON_LIBRARIES: /usr/lib/aarch64-linux-gnu/libpython3.10.so
[0.845s] -- Found PythonExtra: .so  
[0.895s] -- Added test 'lint_cmake' to check CMake code style
[0.899s] -- Added test 'xmllint' to check XML markup files
[0.899s] -- Configuring done
[0.929s] -- Generating done
[0.931s] -- Build files have been written to: /home/parallels/VisualSim/src/build/interfaces
[0.947s] [35m[1mConsolidate compiler generated dependencies of target interfaces__rosidl_generator_c[0m
[0.953s] [  3%] Built target interfaces__cpp
[0.953s] [ 12%] Built target interfaces__rosidl_generator_c
[0.959s] [35m[1mConsolidate compiler generated dependencies of target interfaces__rosidl_typesupport_cpp[0m
[0.967s] [ 12%] Built target ament_cmake_python_copy_interfaces
[0.973s] [35m[1mConsolidate compiler generated dependencies of target interfaces__rosidl_typesupport_fastrtps_c[0m
[0.977s] [ 22%] Built target interfaces__rosidl_typesupport_cpp
[0.983s] [35m[1mConsolidate compiler generated dependencies of target interfaces__rosidl_typesupport_fastrtps_cpp[0m
[0.986s] [ 32%] Built target interfaces__rosidl_typesupport_fastrtps_c
[0.991s] [ 41%] Built target interfaces__rosidl_typesupport_fastrtps_cpp
[0.991s] [35m[1mConsolidate compiler generated dependencies of target interfaces__rosidl_typesupport_introspection_c[0m
[0.995s] [35m[1mConsolidate compiler generated dependencies of target interfaces__rosidl_typesupport_c[0m
[1.001s] [ 51%] Built target interfaces__rosidl_typesupport_c
[1.002s] [ 61%] Built target interfaces__rosidl_typesupport_introspection_c
[1.007s] [35m[1mConsolidate compiler generated dependencies of target interfaces__rosidl_typesupport_introspection_cpp[0m
[1.030s] [ 70%] Built target interfaces__rosidl_typesupport_introspection_cpp
[1.042s] [ 70%] Built target interfaces
[1.053s] [ 74%] [34m[1mGenerating Python code for ROS interfaces[0m
[1.154s] running egg_info
[1.154s] creating interfaces.egg-info
[1.155s] writing interfaces.egg-info/PKG-INFO
[1.155s] writing dependency_links to interfaces.egg-info/dependency_links.txt
[1.156s] writing top-level names to interfaces.egg-info/top_level.txt
[1.156s] writing manifest file 'interfaces.egg-info/SOURCES.txt'
[1.158s] reading manifest file 'interfaces.egg-info/SOURCES.txt'
[1.158s] writing manifest file 'interfaces.egg-info/SOURCES.txt'
[1.173s] [ 74%] Built target ament_cmake_python_build_interfaces_egg
[1.272s] [ 74%] Built target interfaces__py
[1.281s] [ 77%] [32mBuilding C object CMakeFiles/interfaces__rosidl_generator_py.dir/rosidl_generator_py/interfaces/srv/_detection_s.c.o[0m
[1.380s] [ 80%] [32m[1mLinking C shared library rosidl_generator_py/interfaces/libinterfaces__rosidl_generator_py.so[0m
[1.403s] [ 80%] Built target interfaces__rosidl_generator_py
[1.415s] [ 83%] [32mBuilding C object CMakeFiles/interfaces__rosidl_typesupport_introspection_c__pyext.dir/rosidl_generator_py/interfaces/_interfaces_s.ep.rosidl_typesupport_introspection_c.c.o[0m
[1.417s] [ 87%] [32mBuilding C object CMakeFiles/interfaces__rosidl_typesupport_fastrtps_c__pyext.dir/rosidl_generator_py/interfaces/_interfaces_s.ep.rosidl_typesupport_fastrtps_c.c.o[0m
[1.481s] [ 93%] [32m[1mLinking C shared library rosidl_generator_py/interfaces/interfaces_s__rosidl_typesupport_fastrtps_c.cpython-310-aarch64-linux-gnu.so[0m
[1.481s] [ 93%] [32m[1mLinking C shared library rosidl_generator_py/interfaces/interfaces_s__rosidl_typesupport_introspection_c.cpython-310-aarch64-linux-gnu.so[0m
[1.503s] [ 93%] Built target interfaces__rosidl_typesupport_introspection_c__pyext
[1.503s] [ 93%] Built target interfaces__rosidl_typesupport_fastrtps_c__pyext
[1.513s] [ 96%] [32mBuilding C object CMakeFiles/interfaces__rosidl_typesupport_c__pyext.dir/rosidl_generator_py/interfaces/_interfaces_s.ep.rosidl_typesupport_c.c.o[0m
[1.572s] [100%] [32m[1mLinking C shared library rosidl_generator_py/interfaces/interfaces_s__rosidl_typesupport_c.cpython-310-aarch64-linux-gnu.so[0m
[1.592s] [100%] Built target interfaces__rosidl_typesupport_c__pyext
[1.600s] Invoked command in '/home/parallels/VisualSim/src/build/interfaces' returned '0': CMAKE_PREFIX_PATH=${CMAKE_PREFIX_PATH}:/home/parallels/VisualSim/install/py_srvcli:/home/parallels/VisualSim/install/navigation:/opt/ros/humble /usr/bin/cmake --build /home/parallels/VisualSim/src/build/interfaces -- -j2 -l2
[1.637s] Invoking command in '/home/parallels/VisualSim/src/build/interfaces': CMAKE_PREFIX_PATH=${CMAKE_PREFIX_PATH}:/home/parallels/VisualSim/install/py_srvcli:/home/parallels/VisualSim/install/navigation:/opt/ros/humble /usr/bin/cmake --install /home/parallels/VisualSim/src/build/interfaces
[1.644s] -- Install configuration: ""
[1.644s] -- Up-to-date: /home/parallels/VisualSim/src/install/interfaces/share/ament_index/resource_index/rosidl_interfaces/interfaces
[1.644s] -- Up-to-date: /home/parallels/VisualSim/src/install/interfaces/include/interfaces/interfaces
[1.644s] -- Up-to-date: /home/parallels/VisualSim/src/install/interfaces/include/interfaces/interfaces/msg
[1.644s] -- Up-to-date: /home/parallels/VisualSim/src/install/interfaces/include/interfaces/interfaces/msg/rosidl_generator_c__visibility_control.h
[1.644s] -- Up-to-date: /home/parallels/VisualSim/src/install/interfaces/include/interfaces/interfaces/srv
[1.644s] -- Up-to-date: /home/parallels/VisualSim/src/install/interfaces/include/interfaces/interfaces/srv/detail
[1.644s] -- Up-to-date: /home/parallels/VisualSim/src/install/interfaces/include/interfaces/interfaces/srv/detail/detection__type_support.h
[1.644s] -- Up-to-date: /home/parallels/VisualSim/src/install/interfaces/include/interfaces/interfaces/srv/detail/detection__functions.h
[1.644s] -- Up-to-date: /home/parallels/VisualSim/src/install/interfaces/include/interfaces/interfaces/srv/detail/detection__functions.c
[1.644s] -- Up-to-date: /home/parallels/VisualSim/src/install/interfaces/include/interfaces/interfaces/srv/detail/detection__struct.h
[1.644s] -- Up-to-date: /home/parallels/VisualSim/src/install/interfaces/include/interfaces/interfaces/srv/detection.h
[1.645s] -- Up-to-date: /home/parallels/VisualSim/src/install/interfaces/share/interfaces/environment/library_path.sh
[1.645s] -- Installing: /home/parallels/VisualSim/src/install/interfaces/share/interfaces/environment/library_path.dsv
[1.645s] -- Up-to-date: /home/parallels/VisualSim/src/install/interfaces/lib/libinterfaces__rosidl_generator_c.so
[1.645s] -- Up-to-date: /home/parallels/VisualSim/src/install/interfaces/include/interfaces/interfaces
[1.645s] -- Up-to-date: /home/parallels/VisualSim/src/install/interfaces/include/interfaces/interfaces/msg
[1.645s] -- Up-to-date: /home/parallels/VisualSim/src/install/interfaces/include/interfaces/interfaces/msg/rosidl_typesupport_fastrtps_c__visibility_control.h
[1.645s] -- Up-to-date: /home/parallels/VisualSim/src/install/interfaces/include/interfaces/interfaces/srv
[1.645s] -- Up-to-date: /home/parallels/VisualSim/src/install/interfaces/include/interfaces/interfaces/srv/detail
[1.646s] -- Up-to-date: /home/parallels/VisualSim/src/install/interfaces/include/interfaces/interfaces/srv/detail/detection__rosidl_typesupport_fastrtps_c.h
[1.646s] -- Up-to-date: /home/parallels/VisualSim/src/install/interfaces/lib/libinterfaces__rosidl_typesupport_fastrtps_c.so
[1.646s] -- Up-to-date: /home/parallels/VisualSim/src/install/interfaces/include/interfaces/interfaces
[1.646s] -- Up-to-date: /home/parallels/VisualSim/src/install/interfaces/include/interfaces/interfaces/srv
[1.646s] -- Up-to-date: /home/parallels/VisualSim/src/install/interfaces/include/interfaces/interfaces/srv/detail
[1.646s] -- Up-to-date: /home/parallels/VisualSim/src/install/interfaces/include/interfaces/interfaces/srv/detail/detection__builder.hpp
[1.646s] -- Up-to-date: /home/parallels/VisualSim/src/install/interfaces/include/interfaces/interfaces/srv/detail/detection__traits.hpp
[1.646s] -- Up-to-date: /home/parallels/VisualSim/src/install/interfaces/include/interfaces/interfaces/srv/detail/detection__struct.hpp
[1.646s] -- Up-to-date: /home/parallels/VisualSim/src/install/interfaces/include/interfaces/interfaces/srv/detection.hpp
[1.646s] -- Up-to-date: /home/parallels/VisualSim/src/install/interfaces/include/interfaces/interfaces
[1.646s] -- Up-to-date: /home/parallels/VisualSim/src/install/interfaces/include/interfaces/interfaces/msg
[1.647s] -- Up-to-date: /home/parallels/VisualSim/src/install/interfaces/include/interfaces/interfaces/msg/rosidl_typesupport_fastrtps_cpp__visibility_control.h
[1.647s] -- Up-to-date: /home/parallels/VisualSim/src/install/interfaces/include/interfaces/interfaces/srv
[1.647s] -- Up-to-date: /home/parallels/VisualSim/src/install/interfaces/include/interfaces/interfaces/srv/detail
[1.647s] -- Up-to-date: /home/parallels/VisualSim/src/install/interfaces/include/interfaces/interfaces/srv/detail/dds_fastrtps
[1.647s] -- Up-to-date: /home/parallels/VisualSim/src/install/interfaces/include/interfaces/interfaces/srv/detail/detection__rosidl_typesupport_fastrtps_cpp.hpp
[1.647s] -- Up-to-date: /home/parallels/VisualSim/src/install/interfaces/lib/libinterfaces__rosidl_typesupport_fastrtps_cpp.so
[1.647s] -- Up-to-date: /home/parallels/VisualSim/src/install/interfaces/include/interfaces/interfaces
[1.647s] -- Up-to-date: /home/parallels/VisualSim/src/install/interfaces/include/interfaces/interfaces/msg
[1.648s] -- Up-to-date: /home/parallels/VisualSim/src/install/interfaces/include/interfaces/interfaces/msg/rosidl_typesupport_introspection_c__visibility_control.h
[1.648s] -- Up-to-date: /home/parallels/VisualSim/src/install/interfaces/include/interfaces/interfaces/srv
[1.648s] -- Up-to-date: /home/parallels/VisualSim/src/install/interfaces/include/interfaces/interfaces/srv/detail
[1.648s] -- Up-to-date: /home/parallels/VisualSim/src/install/interfaces/include/interfaces/interfaces/srv/detail/detection__type_support.c
[1.648s] -- Up-to-date: /home/parallels/VisualSim/src/install/interfaces/include/interfaces/interfaces/srv/detail/detection__rosidl_typesupport_introspection_c.h
[1.648s] -- Up-to-date: /home/parallels/VisualSim/src/install/interfaces/lib/libinterfaces__rosidl_typesupport_introspection_c.so
[1.648s] -- Up-to-date: /home/parallels/VisualSim/src/install/interfaces/lib/libinterfaces__rosidl_typesupport_c.so
[1.648s] -- Up-to-date: /home/parallels/VisualSim/src/install/interfaces/include/interfaces/interfaces
[1.648s] -- Up-to-date: /home/parallels/VisualSim/src/install/interfaces/include/interfaces/interfaces/srv
[1.649s] -- Up-to-date: /home/parallels/VisualSim/src/install/interfaces/include/interfaces/interfaces/srv/detail
[1.649s] -- Up-to-date: /home/parallels/VisualSim/src/install/interfaces/include/interfaces/interfaces/srv/detail/detection__type_support.cpp
[1.649s] -- Up-to-date: /home/parallels/VisualSim/src/install/interfaces/include/interfaces/interfaces/srv/detail/detection__rosidl_typesupport_introspection_cpp.hpp
[1.649s] -- Up-to-date: /home/parallels/VisualSim/src/install/interfaces/lib/libinterfaces__rosidl_typesupport_introspection_cpp.so
[1.649s] -- Up-to-date: /home/parallels/VisualSim/src/install/interfaces/lib/libinterfaces__rosidl_typesupport_cpp.so
[1.649s] -- Installing: /home/parallels/VisualSim/src/install/interfaces/share/interfaces/environment/pythonpath.sh
[1.649s] -- Installing: /home/parallels/VisualSim/src/install/interfaces/share/interfaces/environment/pythonpath.dsv
[1.649s] -- Installing: /home/parallels/VisualSim/src/install/interfaces/local/lib/python3.10/dist-packages/interfaces-0.0.0-py3.10.egg-info
[1.650s] -- Installing: /home/parallels/VisualSim/src/install/interfaces/local/lib/python3.10/dist-packages/interfaces-0.0.0-py3.10.egg-info/dependency_links.txt
[1.650s] -- Installing: /home/parallels/VisualSim/src/install/interfaces/local/lib/python3.10/dist-packages/interfaces-0.0.0-py3.10.egg-info/top_level.txt
[1.650s] -- Installing: /home/parallels/VisualSim/src/install/interfaces/local/lib/python3.10/dist-packages/interfaces-0.0.0-py3.10.egg-info/PKG-INFO
[1.650s] -- Installing: /home/parallels/VisualSim/src/install/interfaces/local/lib/python3.10/dist-packages/interfaces-0.0.0-py3.10.egg-info/SOURCES.txt
[1.650s] -- Installing: /home/parallels/VisualSim/src/install/interfaces/local/lib/python3.10/dist-packages/interfaces
[1.650s] -- Installing: /home/parallels/VisualSim/src/install/interfaces/local/lib/python3.10/dist-packages/interfaces/libinterfaces__rosidl_generator_py.so
[1.650s] -- Installing: /home/parallels/VisualSim/src/install/interfaces/local/lib/python3.10/dist-packages/interfaces/interfaces_s__rosidl_typesupport_fastrtps_c.cpython-310-aarch64-linux-gnu.so
[1.650s] -- Installing: /home/parallels/VisualSim/src/install/interfaces/local/lib/python3.10/dist-packages/interfaces/interfaces_s__rosidl_typesupport_c.cpython-310-aarch64-linux-gnu.so
[1.651s] -- Installing: /home/parallels/VisualSim/src/install/interfaces/local/lib/python3.10/dist-packages/interfaces/_interfaces_s.ep.rosidl_typesupport_introspection_c.c
[1.651s] -- Installing: /home/parallels/VisualSim/src/install/interfaces/local/lib/python3.10/dist-packages/interfaces/interfaces_s__rosidl_typesupport_introspection_c.cpython-310-aarch64-linux-gnu.so
[1.651s] -- Installing: /home/parallels/VisualSim/src/install/interfaces/local/lib/python3.10/dist-packages/interfaces/_interfaces_s.ep.rosidl_typesupport_c.c
[1.651s] -- Installing: /home/parallels/VisualSim/src/install/interfaces/local/lib/python3.10/dist-packages/interfaces/__init__.py
[1.651s] -- Installing: /home/parallels/VisualSim/src/install/interfaces/local/lib/python3.10/dist-packages/interfaces/srv
[1.651s] -- Installing: /home/parallels/VisualSim/src/install/interfaces/local/lib/python3.10/dist-packages/interfaces/srv/_detection_s.c
[1.651s] -- Installing: /home/parallels/VisualSim/src/install/interfaces/local/lib/python3.10/dist-packages/interfaces/srv/_detection.py
[1.651s] -- Installing: /home/parallels/VisualSim/src/install/interfaces/local/lib/python3.10/dist-packages/interfaces/srv/__init__.py
[1.652s] -- Installing: /home/parallels/VisualSim/src/install/interfaces/local/lib/python3.10/dist-packages/interfaces/_interfaces_s.ep.rosidl_typesupport_fastrtps_c.c
[1.672s] Listing '/home/parallels/VisualSim/src/install/interfaces/local/lib/python3.10/dist-packages/interfaces'...
[1.672s] Compiling '/home/parallels/VisualSim/src/install/interfaces/local/lib/python3.10/dist-packages/interfaces/__init__.py'...
[1.672s] Listing '/home/parallels/VisualSim/src/install/interfaces/local/lib/python3.10/dist-packages/interfaces/srv'...
[1.672s] Compiling '/home/parallels/VisualSim/src/install/interfaces/local/lib/python3.10/dist-packages/interfaces/srv/__init__.py'...
[1.672s] Compiling '/home/parallels/VisualSim/src/install/interfaces/local/lib/python3.10/dist-packages/interfaces/srv/_detection.py'...
[1.675s] -- Installing: /home/parallels/VisualSim/src/install/interfaces/local/lib/python3.10/dist-packages/interfaces/interfaces_s__rosidl_typesupport_fastrtps_c.cpython-310-aarch64-linux-gnu.so
[1.675s] -- Set runtime path of "/home/parallels/VisualSim/src/install/interfaces/local/lib/python3.10/dist-packages/interfaces/interfaces_s__rosidl_typesupport_fastrtps_c.cpython-310-aarch64-linux-gnu.so" to ""
[1.675s] -- Installing: /home/parallels/VisualSim/src/install/interfaces/local/lib/python3.10/dist-packages/interfaces/interfaces_s__rosidl_typesupport_introspection_c.cpython-310-aarch64-linux-gnu.so
[1.676s] -- Set runtime path of "/home/parallels/VisualSim/src/install/interfaces/local/lib/python3.10/dist-packages/interfaces/interfaces_s__rosidl_typesupport_introspection_c.cpython-310-aarch64-linux-gnu.so" to ""
[1.676s] -- Installing: /home/parallels/VisualSim/src/install/interfaces/local/lib/python3.10/dist-packages/interfaces/interfaces_s__rosidl_typesupport_c.cpython-310-aarch64-linux-gnu.so
[1.676s] -- Set runtime path of "/home/parallels/VisualSim/src/install/interfaces/local/lib/python3.10/dist-packages/interfaces/interfaces_s__rosidl_typesupport_c.cpython-310-aarch64-linux-gnu.so" to ""
[1.676s] -- Installing: /home/parallels/VisualSim/src/install/interfaces/lib/libinterfaces__rosidl_generator_py.so
[1.676s] -- Set runtime path of "/home/parallels/VisualSim/src/install/interfaces/lib/libinterfaces__rosidl_generator_py.so" to ""
[1.676s] -- Up-to-date: /home/parallels/VisualSim/src/install/interfaces/share/interfaces/srv/Detection.idl
[1.677s] -- Up-to-date: /home/parallels/VisualSim/src/install/interfaces/share/interfaces/srv/Detection.srv
[1.677s] -- Up-to-date: /home/parallels/VisualSim/src/install/interfaces/share/interfaces/srv/Detection_Request.msg
[1.677s] -- Up-to-date: /home/parallels/VisualSim/src/install/interfaces/share/interfaces/srv/Detection_Response.msg
[1.677s] -- Up-to-date: /home/parallels/VisualSim/src/install/interfaces/share/ament_index/resource_index/package_run_dependencies/interfaces
[1.677s] -- Up-to-date: /home/parallels/VisualSim/src/install/interfaces/share/ament_index/resource_index/parent_prefix_path/interfaces
[1.677s] -- Up-to-date: /home/parallels/VisualSim/src/install/interfaces/share/interfaces/environment/ament_prefix_path.sh
[1.677s] -- Installing: /home/parallels/VisualSim/src/install/interfaces/share/interfaces/environment/ament_prefix_path.dsv
[1.677s] -- Up-to-date: /home/parallels/VisualSim/src/install/interfaces/share/interfaces/environment/path.sh
[1.677s] -- Installing: /home/parallels/VisualSim/src/install/interfaces/share/interfaces/environment/path.dsv
[1.677s] -- Up-to-date: /home/parallels/VisualSim/src/install/interfaces/share/interfaces/local_setup.bash
[1.678s] -- Installing: /home/parallels/VisualSim/src/install/interfaces/share/interfaces/local_setup.sh
[1.678s] -- Up-to-date: /home/parallels/VisualSim/src/install/interfaces/share/interfaces/local_setup.zsh
[1.678s] -- Installing: /home/parallels/VisualSim/src/install/interfaces/share/interfaces/local_setup.dsv
[1.678s] -- Installing: /home/parallels/VisualSim/src/install/interfaces/share/interfaces/package.dsv
[1.678s] -- Up-to-date: /home/parallels/VisualSim/src/install/interfaces/share/ament_index/resource_index/packages/interfaces
[1.678s] -- Up-to-date: /home/parallels/VisualSim/src/install/interfaces/share/interfaces/cmake/export_interfaces__rosidl_generator_cExport.cmake
[1.678s] -- Up-to-date: /home/parallels/VisualSim/src/install/interfaces/share/interfaces/cmake/export_interfaces__rosidl_generator_cExport-noconfig.cmake
[1.678s] -- Up-to-date: /home/parallels/VisualSim/src/install/interfaces/share/interfaces/cmake/export_interfaces__rosidl_typesupport_fastrtps_cExport.cmake
[1.678s] -- Up-to-date: /home/parallels/VisualSim/src/install/interfaces/share/interfaces/cmake/export_interfaces__rosidl_typesupport_fastrtps_cExport-noconfig.cmake
[1.679s] -- Up-to-date: /home/parallels/VisualSim/src/install/interfaces/share/interfaces/cmake/export_interfaces__rosidl_generator_cppExport.cmake
[1.679s] -- Up-to-date: /home/parallels/VisualSim/src/install/interfaces/share/interfaces/cmake/export_interfaces__rosidl_typesupport_fastrtps_cppExport.cmake
[1.679s] -- Up-to-date: /home/parallels/VisualSim/src/install/interfaces/share/interfaces/cmake/export_interfaces__rosidl_typesupport_fastrtps_cppExport-noconfig.cmake
[1.679s] -- Up-to-date: /home/parallels/VisualSim/src/install/interfaces/share/interfaces/cmake/interfaces__rosidl_typesupport_introspection_cExport.cmake
[1.679s] -- Up-to-date: /home/parallels/VisualSim/src/install/interfaces/share/interfaces/cmake/interfaces__rosidl_typesupport_introspection_cExport-noconfig.cmake
[1.679s] -- Up-to-date: /home/parallels/VisualSim/src/install/interfaces/share/interfaces/cmake/interfaces__rosidl_typesupport_cExport.cmake
[1.679s] -- Up-to-date: /home/parallels/VisualSim/src/install/interfaces/share/interfaces/cmake/interfaces__rosidl_typesupport_cExport-noconfig.cmake
[1.679s] -- Up-to-date: /home/parallels/VisualSim/src/install/interfaces/share/interfaces/cmake/interfaces__rosidl_typesupport_introspection_cppExport.cmake
[1.679s] -- Up-to-date: /home/parallels/VisualSim/src/install/interfaces/share/interfaces/cmake/interfaces__rosidl_typesupport_introspection_cppExport-noconfig.cmake
[1.679s] -- Up-to-date: /home/parallels/VisualSim/src/install/interfaces/share/interfaces/cmake/interfaces__rosidl_typesupport_cppExport.cmake
[1.679s] -- Up-to-date: /home/parallels/VisualSim/src/install/interfaces/share/interfaces/cmake/interfaces__rosidl_typesupport_cppExport-noconfig.cmake
[1.679s] -- Installing: /home/parallels/VisualSim/src/install/interfaces/share/interfaces/cmake/export_interfaces__rosidl_generator_pyExport.cmake
[1.680s] -- Installing: /home/parallels/VisualSim/src/install/interfaces/share/interfaces/cmake/export_interfaces__rosidl_generator_pyExport-noconfig.cmake
[1.680s] -- Up-to-date: /home/parallels/VisualSim/src/install/interfaces/share/interfaces/cmake/rosidl_cmake-extras.cmake
[1.680s] -- Up-to-date: /home/parallels/VisualSim/src/install/interfaces/share/interfaces/cmake/ament_cmake_export_dependencies-extras.cmake
[1.680s] -- Up-to-date: /home/parallels/VisualSim/src/install/interfaces/share/interfaces/cmake/ament_cmake_export_include_directories-extras.cmake
[1.680s] -- Up-to-date: /home/parallels/VisualSim/src/install/interfaces/share/interfaces/cmake/ament_cmake_export_libraries-extras.cmake
[1.680s] -- Installing: /home/parallels/VisualSim/src/install/interfaces/share/interfaces/cmake/ament_cmake_export_targets-extras.cmake
[1.680s] -- Installing: /home/parallels/VisualSim/src/install/interfaces/share/interfaces/cmake/rosidl_cmake_export_typesupport_targets-extras.cmake
[1.680s] -- Up-to-date: /home/parallels/VisualSim/src/install/interfaces/share/interfaces/cmake/rosidl_cmake_export_typesupport_libraries-extras.cmake
[1.680s] -- Up-to-date: /home/parallels/VisualSim/src/install/interfaces/share/interfaces/cmake/interfacesConfig.cmake
[1.680s] -- Up-to-date: /home/parallels/VisualSim/src/install/interfaces/share/interfaces/cmake/interfacesConfig-version.cmake
[1.681s] -- Up-to-date: /home/parallels/VisualSim/src/install/interfaces/share/interfaces/package.xml
[1.685s] Invoked command in '/home/parallels/VisualSim/src/build/interfaces' returned '0': CMAKE_PREFIX_PATH=${CMAKE_PREFIX_PATH}:/home/parallels/VisualSim/install/py_srvcli:/home/parallels/VisualSim/install/navigation:/opt/ros/humble /usr/bin/cmake --install /home/parallels/VisualSim/src/build/interfaces
