[0.329s] Invoking command in '/home/parallels/VisualSim/src/navigation': AMENT_PREFIX_PATH=/home/parallels/VisualSim/src/install/interfaces:${AMENT_PREFIX_PATH} CMAKE_PREFIX_PATH=/home/parallels/VisualSim/src/install/interfaces:${CMAKE_PREFIX_PATH} LD_LIBRARY_PATH=/home/parallels/VisualSim/src/install/interfaces/lib:${LD_LIBRARY_PATH} PYTHONPATH=/home/parallels/VisualSim/src/build/navigation/prefix_override:/usr/lib/python3/dist-packages/colcon_core/task/python/colcon_distutils_commands:/home/parallels/VisualSim/src/install/navigation/lib/python3.10/site-packages:/home/parallels/VisualSim/src/install/interfaces/local/lib/python3.10/dist-packages:${PYTHONPATH} /usr/bin/python3 -W ignore:setup.py install is deprecated setup.py egg_info --egg-base ../build/navigation build --build-base /home/parallels/VisualSim/src/build/navigation/build install --record /home/parallels/VisualSim/src/build/navigation/install.log --single-version-externally-managed install_data
[0.450s] running egg_info
[0.450s] writing ../build/navigation/navigation.egg-info/PKG-INFO
[0.450s] writing dependency_links to ../build/navigation/navigation.egg-info/dependency_links.txt
[0.450s] writing entry points to ../build/navigation/navigation.egg-info/entry_points.txt
[0.450s] writing requirements to ../build/navigation/navigation.egg-info/requires.txt
[0.450s] writing top-level names to ../build/navigation/navigation.egg-info/top_level.txt
[0.451s] reading manifest file '../build/navigation/navigation.egg-info/SOURCES.txt'
[0.452s] writing manifest file '../build/navigation/navigation.egg-info/SOURCES.txt'
[0.452s] running build
[0.452s] running build_py
[0.452s] running install
[0.452s] running install_lib
[0.453s] running install_data
[0.453s] running install_egg_info
[0.454s] removing '/home/parallels/VisualSim/src/install/navigation/lib/python3.10/site-packages/navigation-0.0.0-py3.10.egg-info' (and everything under it)
[0.454s] Copying ../build/navigation/navigation.egg-info to /home/parallels/VisualSim/src/install/navigation/lib/python3.10/site-packages/navigation-0.0.0-py3.10.egg-info
[0.455s] running install_scripts
[0.465s] Installing client script to /home/parallels/VisualSim/src/install/navigation/lib/navigation
[0.465s] Installing service script to /home/parallels/VisualSim/src/install/navigation/lib/navigation
[0.465s] writing list of installed files to '/home/parallels/VisualSim/src/build/navigation/install.log'
[0.478s] Invoked command in '/home/parallels/VisualSim/src/navigation' returned '0': AMENT_PREFIX_PATH=/home/parallels/VisualSim/src/install/interfaces:${AMENT_PREFIX_PATH} CMAKE_PREFIX_PATH=/home/parallels/VisualSim/src/install/interfaces:${CMAKE_PREFIX_PATH} LD_LIBRARY_PATH=/home/parallels/VisualSim/src/install/interfaces/lib:${LD_LIBRARY_PATH} PYTHONPATH=/home/parallels/VisualSim/src/build/navigation/prefix_override:/usr/lib/python3/dist-packages/colcon_core/task/python/colcon_distutils_commands:/home/parallels/VisualSim/src/install/navigation/lib/python3.10/site-packages:/home/parallels/VisualSim/src/install/interfaces/local/lib/python3.10/dist-packages:${PYTHONPATH} /usr/bin/python3 -W ignore:setup.py install is deprecated setup.py egg_info --egg-base ../build/navigation build --build-base /home/parallels/VisualSim/src/build/navigation/build install --record /home/parallels/VisualSim/src/build/navigation/install.log --single-version-externally-managed install_data
